[0.073s] Invoking command in '/mnt/USB_DISK/ros2_workspace/build/my_robot': CMAKE_PREFIX_PATH=${CMAKE_PREFIX_PATH}:/opt/ros/humble /usr/bin/cmake --build /mnt/USB_DISK/ros2_workspace/build/my_robot -- -j4 -l4
[0.244s] Invoked command in '/mnt/USB_DISK/ros2_workspace/build/my_robot' returned '0': CMAKE_PREFIX_PATH=${CMAKE_PREFIX_PATH}:/opt/ros/humble /usr/bin/cmake --build /mnt/USB_DISK/ros2_workspace/build/my_robot -- -j4 -l4
[0.281s] Invoking command in '/mnt/USB_DISK/ros2_workspace/build/my_robot': CMAKE_PREFIX_PATH=${CMAKE_PREFIX_PATH}:/opt/ros/humble /usr/bin/cmake --install /mnt/USB_DISK/ros2_workspace/build/my_robot
[0.309s] -- Install configuration: ""
[0.310s] -- Up-to-date: /mnt/USB_DISK/ros2_workspace/install/my_robot/share/my_robot/launch
[0.310s] -- Up-to-date: /mnt/USB_DISK/ros2_workspace/install/my_robot/share/my_robot/launch/keyboard.launch.py
[0.311s] -- Up-to-date: /mnt/USB_DISK/ros2_workspace/install/my_robot/share/my_robot/launch/rsp.launch.py
[0.311s] -- Up-to-date: /mnt/USB_DISK/ros2_workspace/install/my_robot/share/my_robot/launch/log
[0.312s] -- Up-to-date: /mnt/USB_DISK/ros2_workspace/install/my_robot/share/my_robot/launch/log/latest_build
[0.312s] -- Up-to-date: /mnt/USB_DISK/ros2_workspace/install/my_robot/share/my_robot/launch/log/latest
[0.312s] -- Up-to-date: /mnt/USB_DISK/ros2_workspace/install/my_robot/share/my_robot/launch/log/build_2025-04-29_03-51-39
[0.313s] -- Up-to-date: /mnt/USB_DISK/ros2_workspace/install/my_robot/share/my_robot/launch/log/build_2025-04-29_03-51-39/events.log
[0.313s] -- Up-to-date: /mnt/USB_DISK/ros2_workspace/install/my_robot/share/my_robot/launch/log/build_2025-04-29_03-51-39/logger_all.log
[0.314s] -- Up-to-date: /mnt/USB_DISK/ros2_workspace/install/my_robot/share/my_robot/launch/log/COLCON_IGNORE
[0.314s] -- Up-to-date: /mnt/USB_DISK/ros2_workspace/install/my_robot/share/my_robot/launch/__pycache__
[0.315s] -- Up-to-date: /mnt/USB_DISK/ros2_workspace/install/my_robot/share/my_robot/launch/__pycache__/serial.cpython-310.pyc
[0.315s] -- Up-to-date: /mnt/USB_DISK/ros2_workspace/install/my_robot/share/my_robot/launch/launch_sim.launch.py
[0.316s] -- Up-to-date: /mnt/USB_DISK/ros2_workspace/install/my_robot/share/my_robot/launch/move.launch.py
[0.316s] -- Up-to-date: /mnt/USB_DISK/ros2_workspace/install/my_robot/share/my_robot/launch/camera.launch.py
[0.317s] -- Up-to-date: /mnt/USB_DISK/ros2_workspace/install/my_robot/share/my_robot/launch/rplidar.launch.py
[0.317s] -- Up-to-date: /mnt/USB_DISK/ros2_workspace/install/my_robot/share/my_robot/config
[0.318s] -- Up-to-date: /mnt/USB_DISK/ros2_workspace/install/my_robot/share/my_robot/config/gazebo_params.yaml
[0.319s] -- Up-to-date: /mnt/USB_DISK/ros2_workspace/install/my_robot/share/my_robot/config/rplidar_filter.yaml
[0.319s] -- Up-to-date: /mnt/USB_DISK/ros2_workspace/install/my_robot/share/my_robot/config/laser_filter.yaml
[0.319s] -- Up-to-date: /mnt/USB_DISK/ros2_workspace/install/my_robot/share/my_robot/config/mecanum_controller.yaml
[0.320s] -- Up-to-date: /mnt/USB_DISK/ros2_workspace/install/my_robot/share/my_robot/description
[0.320s] -- Up-to-date: /mnt/USB_DISK/ros2_workspace/install/my_robot/share/my_robot/description/mecanum_base.xacro
[0.321s] -- Up-to-date: /mnt/USB_DISK/ros2_workspace/install/my_robot/share/my_robot/description/camera.xacro
[0.321s] -- Up-to-date: /mnt/USB_DISK/ros2_workspace/install/my_robot/share/my_robot/description/ros2_control.xacro
[0.322s] -- Up-to-date: /mnt/USB_DISK/ros2_workspace/install/my_robot/share/my_robot/description/robot.urdf.xacro
[0.322s] -- Up-to-date: /mnt/USB_DISK/ros2_workspace/install/my_robot/share/my_robot/description/lidar.xacro
[0.323s] -- Up-to-date: /mnt/USB_DISK/ros2_workspace/install/my_robot/share/my_robot/description/gazebo_control.xacro
[0.323s] -- Up-to-date: /mnt/USB_DISK/ros2_workspace/install/my_robot/share/my_robot/description/mecanum_wheel_inertial.xacro
[0.323s] -- Up-to-date: /mnt/USB_DISK/ros2_workspace/install/my_robot/lib/my_robot/move.py
[0.324s] -- Up-to-date: /mnt/USB_DISK/ros2_workspace/install/my_robot/lib/my_robot/serial_comm.py
[0.324s] -- Up-to-date: /mnt/USB_DISK/ros2_workspace/install/my_robot/lib/my_robot/keyboard.py
[0.325s] -- Up-to-date: /mnt/USB_DISK/ros2_workspace/install/my_robot/lib/my_robot/camera.py
[0.325s] -- Installing: /mnt/USB_DISK/ros2_workspace/install/my_robot/lib/my_robot/yolorun.py
[0.326s] -- Up-to-date: /mnt/USB_DISK/ros2_workspace/install/my_robot/lib/my_robot/rplidar.py
[0.326s] -- Up-to-date: /mnt/USB_DISK/ros2_workspace/install/my_robot/lib/my_robot/obstacle1.py
[0.327s] -- Up-to-date: /mnt/USB_DISK/ros2_workspace/install/my_robot/lib/my_robot/yolorun2.py
[0.327s] -- Up-to-date: /mnt/USB_DISK/ros2_workspace/install/my_robot/lib/my_robot/partrol3.py
[0.327s] -- Up-to-date: /mnt/USB_DISK/ros2_workspace/install/my_robot/lib/my_robot/decision4.py
[0.328s] -- Up-to-date: /mnt/USB_DISK/ros2_workspace/install/my_robot/lib/my_robot/hcsr04.py
[0.328s] -- Up-to-date: /mnt/USB_DISK/ros2_workspace/install/my_robot/lib/my_robot/encoder.py
[0.329s] -- Up-to-date: /mnt/USB_DISK/ros2_workspace/install/my_robot/share/ament_index/resource_index/package_run_dependencies/my_robot
[0.330s] -- Up-to-date: /mnt/USB_DISK/ros2_workspace/install/my_robot/share/ament_index/resource_index/parent_prefix_path/my_robot
[0.331s] -- Up-to-date: /mnt/USB_DISK/ros2_workspace/install/my_robot/share/my_robot/environment/ament_prefix_path.sh
[0.333s] -- Up-to-date: /mnt/USB_DISK/ros2_workspace/install/my_robot/share/my_robot/environment/ament_prefix_path.dsv
[0.333s] -- Up-to-date: /mnt/USB_DISK/ros2_workspace/install/my_robot/share/my_robot/environment/path.sh
[0.334s] -- Up-to-date: /mnt/USB_DISK/ros2_workspace/install/my_robot/share/my_robot/environment/path.dsv
[0.334s] -- Up-to-date: /mnt/USB_DISK/ros2_workspace/install/my_robot/share/my_robot/local_setup.bash
[0.335s] -- Up-to-date: /mnt/USB_DISK/ros2_workspace/install/my_robot/share/my_robot/local_setup.sh
[0.336s] -- Up-to-date: /mnt/USB_DISK/ros2_workspace/install/my_robot/share/my_robot/local_setup.zsh
[0.336s] -- Up-to-date: /mnt/USB_DISK/ros2_workspace/install/my_robot/share/my_robot/local_setup.dsv
[0.337s] -- Installing: /mnt/USB_DISK/ros2_workspace/install/my_robot/share/my_robot/package.dsv
[0.338s] -- Up-to-date: /mnt/USB_DISK/ros2_workspace/install/my_robot/share/ament_index/resource_index/packages/my_robot
[0.339s] -- Up-to-date: /mnt/USB_DISK/ros2_workspace/install/my_robot/share/my_robot/cmake/my_robotConfig.cmake
[0.339s] -- Up-to-date: /mnt/USB_DISK/ros2_workspace/install/my_robot/share/my_robot/cmake/my_robotConfig-version.cmake
[0.340s] -- Up-to-date: /mnt/USB_DISK/ros2_workspace/install/my_robot/share/my_robot/package.xml
[0.340s] Invoked command in '/mnt/USB_DISK/ros2_workspace/build/my_robot' returned '0': CMAKE_PREFIX_PATH=${CMAKE_PREFIX_PATH}:/opt/ros/humble /usr/bin/cmake --install /mnt/USB_DISK/ros2_workspace/build/my_robot
