[0.080s] Invoking command in '/home/as33697920/larry_ws/robot/build/rplidar_ros': CMAKE_PREFIX_PATH=${CMAKE_PREFIX_PATH}:/opt/ros/humble /usr/bin/cmake /home/as33697920/larry_ws/robot/src/waterbot/rplidar_ros -DCMAKE_INSTALL_PREFIX=/home/as33697920/larry_ws/robot/install/rplidar_ros
[0.411s] -- The C compiler identification is GNU 11.4.0
[0.734s] -- The CXX compiler identification is GNU 11.4.0
[0.789s] -- Detecting C compiler ABI info
[1.234s] -- Detecting C compiler ABI info - done
[1.263s] -- Check for working C compiler: /usr/bin/cc - skipped
[1.266s] -- Detecting C compile features
[1.270s] -- Detecting C compile features - done
[1.296s] -- Detecting CXX compiler ABI info
[1.808s] -- Detecting CXX compiler ABI info - done
[1.846s] -- Check for working CXX compiler: /usr/bin/c++ - skipped
[1.848s] -- Detecting CXX compile features
[1.850s] -- Detecting CXX compile features - done
[1.875s] -- Found ament_cmake: 1.3.11 (/opt/ros/humble/share/ament_cmake/cmake)
[3.481s] -- Found Python3: /usr/bin/python3 (found version "3.10.12") found components: Interpreter 
[4.342s] -- Found rclcpp: 16.0.12 (/opt/ros/humble/share/rclcpp/cmake)
[4.631s] -- Found rosidl_generator_c: 3.1.6 (/opt/ros/humble/share/rosidl_generator_c/cmake)
[4.670s] -- Found rosidl_adapter: 3.1.6 (/opt/ros/humble/share/rosidl_adapter/cmake)
[4.722s] -- Found rosidl_generator_cpp: 3.1.6 (/opt/ros/humble/share/rosidl_generator_cpp/cmake)
[4.789s] -- Using all available rosidl_typesupport_c: rosidl_typesupport_fastrtps_c;rosidl_typesupport_introspection_c
[4.883s] -- Using all available rosidl_typesupport_cpp: rosidl_typesupport_fastrtps_cpp;rosidl_typesupport_introspection_cpp
[5.151s] -- Found rmw_implementation_cmake: 6.1.2 (/opt/ros/humble/share/rmw_implementation_cmake/cmake)
[5.171s] -- Found rmw_fastrtps_cpp: 6.2.7 (/opt/ros/humble/share/rmw_fastrtps_cpp/cmake)
[5.638s] -- Found OpenSSL: /usr/lib/aarch64-linux-gnu/libcrypto.so (found version "3.0.2")  
[5.802s] -- Found FastRTPS: /opt/ros/humble/include  
[6.066s] -- Using RMW implementation 'rmw_fastrtps_cpp' as default
[6.130s] -- Looking for pthread.h
[6.917s] -- Looking for pthread.h - found
[6.920s] -- Performing Test CMAKE_HAVE_LIBC_PTHREAD
[7.290s] -- Performing Test CMAKE_HAVE_LIBC_PTHREAD - Success
[7.295s] -- Found Threads: TRUE  
[8.242s] -- Found sensor_msgs: 4.8.0 (/opt/ros/humble/share/sensor_msgs/cmake)
[8.434s] -- Found std_srvs: 4.8.0 (/opt/ros/humble/share/std_srvs/cmake)
[8.841s] -- Configuring done
[8.977s] -- Generating done
[9.013s] -- Build files have been written to: /home/as33697920/larry_ws/robot/build/rplidar_ros
