[0.064s] Invoking command in '/mnt/USB_DISK/ros2_workspace/build/my_robot': CMAKE_PREFIX_PATH=${CMAKE_PREFIX_PATH}:/opt/ros/humble /usr/bin/cmake --build /mnt/USB_DISK/ros2_workspace/build/my_robot -- -j4 -l4
[0.239s] Invoked command in '/mnt/USB_DISK/ros2_workspace/build/my_robot' returned '0': CMAKE_PREFIX_PATH=${CMAKE_PREFIX_PATH}:/opt/ros/humble /usr/bin/cmake --build /mnt/USB_DISK/ros2_workspace/build/my_robot -- -j4 -l4
[0.285s] Invoking command in '/mnt/USB_DISK/ros2_workspace/build/my_robot': CMAKE_PREFIX_PATH=${CMAKE_PREFIX_PATH}:/opt/ros/humble /usr/bin/cmake --install /mnt/USB_DISK/ros2_workspace/build/my_robot
[0.321s] -- Install configuration: ""
[0.322s] -- Up-to-date: /mnt/USB_DISK/ros2_workspace/install/my_robot/share/my_robot/launch
[0.323s] -- Up-to-date: /mnt/USB_DISK/ros2_workspace/install/my_robot/share/my_robot/launch/rsp.launch.py
[0.324s] -- Up-to-date: /mnt/USB_DISK/ros2_workspace/install/my_robot/share/my_robot/launch/log
[0.324s] -- Up-to-date: /mnt/USB_DISK/ros2_workspace/install/my_robot/share/my_robot/launch/log/latest_build
[0.325s] -- Up-to-date: /mnt/USB_DISK/ros2_workspace/install/my_robot/share/my_robot/launch/log/latest
[0.327s] -- Up-to-date: /mnt/USB_DISK/ros2_workspace/install/my_robot/share/my_robot/launch/log/build_2025-04-29_03-51-39
[0.328s] -- Up-to-date: /mnt/USB_DISK/ros2_workspace/install/my_robot/share/my_robot/launch/log/build_2025-04-29_03-51-39/events.log
[0.329s] -- Up-to-date: /mnt/USB_DISK/ros2_workspace/install/my_robot/share/my_robot/launch/log/build_2025-04-29_03-51-39/logger_all.log
[0.330s] -- Up-to-date: /mnt/USB_DISK/ros2_workspace/install/my_robot/share/my_robot/launch/log/COLCON_IGNORE
[0.331s] -- Up-to-date: /mnt/USB_DISK/ros2_workspace/install/my_robot/share/my_robot/launch/__pycache__
[0.332s] -- Up-to-date: /mnt/USB_DISK/ros2_workspace/install/my_robot/share/my_robot/launch/__pycache__/serial.cpython-310.pyc
[0.337s] -- Up-to-date: /mnt/USB_DISK/ros2_workspace/install/my_robot/share/my_robot/launch/launch_sim.launch.py
[0.338s] -- Up-to-date: /mnt/USB_DISK/ros2_workspace/install/my_robot/share/my_robot/launch/move.launch.py
[0.339s] -- Up-to-date: /mnt/USB_DISK/ros2_workspace/install/my_robot/share/my_robot/launch/camera.launch.py
[0.345s] -- Up-to-date: /mnt/USB_DISK/ros2_workspace/install/my_robot/share/my_robot/launch/rplidar.launch.py
[0.362s] -- Up-to-date: /mnt/USB_DISK/ros2_workspace/install/my_robot/share/my_robot/config
[0.362s] -- Up-to-date: /mnt/USB_DISK/ros2_workspace/install/my_robot/share/my_robot/config/gazebo_params.yaml
[0.363s] -- Up-to-date: /mnt/USB_DISK/ros2_workspace/install/my_robot/share/my_robot/config/laser_filter.yaml
[0.363s] -- Up-to-date: /mnt/USB_DISK/ros2_workspace/install/my_robot/share/my_robot/config/mecanum_controller.yaml
[0.364s] -- Up-to-date: /mnt/USB_DISK/ros2_workspace/install/my_robot/share/my_robot/description
[0.365s] -- Up-to-date: /mnt/USB_DISK/ros2_workspace/install/my_robot/share/my_robot/description/mecanum_base.xacro
[0.368s] -- Up-to-date: /mnt/USB_DISK/ros2_workspace/install/my_robot/share/my_robot/description/camera.xacro
[0.369s] -- Up-to-date: /mnt/USB_DISK/ros2_workspace/install/my_robot/share/my_robot/description/ros2_control.xacro
[0.369s] -- Up-to-date: /mnt/USB_DISK/ros2_workspace/install/my_robot/share/my_robot/description/robot.urdf.xacro
[0.370s] -- Up-to-date: /mnt/USB_DISK/ros2_workspace/install/my_robot/share/my_robot/description/lidar.xacro
[0.371s] -- Up-to-date: /mnt/USB_DISK/ros2_workspace/install/my_robot/share/my_robot/description/gazebo_control.xacro
[0.371s] -- Up-to-date: /mnt/USB_DISK/ros2_workspace/install/my_robot/share/my_robot/description/mecanum_wheel_inertial.xacro
[0.372s] -- Installing: /mnt/USB_DISK/ros2_workspace/install/my_robot/lib/my_robot/move.py
[0.375s] -- Up-to-date: /mnt/USB_DISK/ros2_workspace/install/my_robot/lib/my_robot/serial_comm.py
[0.376s] -- Up-to-date: /mnt/USB_DISK/ros2_workspace/install/my_robot/share/ament_index/resource_index/package_run_dependencies/my_robot
[0.377s] -- Up-to-date: /mnt/USB_DISK/ros2_workspace/install/my_robot/share/ament_index/resource_index/parent_prefix_path/my_robot
[0.377s] -- Up-to-date: /mnt/USB_DISK/ros2_workspace/install/my_robot/share/my_robot/environment/ament_prefix_path.sh
[0.378s] -- Up-to-date: /mnt/USB_DISK/ros2_workspace/install/my_robot/share/my_robot/environment/ament_prefix_path.dsv
[0.378s] -- Up-to-date: /mnt/USB_DISK/ros2_workspace/install/my_robot/share/my_robot/environment/path.sh
[0.379s] -- Up-to-date: /mnt/USB_DISK/ros2_workspace/install/my_robot/share/my_robot/environment/path.dsv
[0.379s] -- Up-to-date: /mnt/USB_DISK/ros2_workspace/install/my_robot/share/my_robot/local_setup.bash
[0.379s] -- Up-to-date: /mnt/USB_DISK/ros2_workspace/install/my_robot/share/my_robot/local_setup.sh
[0.380s] -- Up-to-date: /mnt/USB_DISK/ros2_workspace/install/my_robot/share/my_robot/local_setup.zsh
[0.380s] -- Up-to-date: /mnt/USB_DISK/ros2_workspace/install/my_robot/share/my_robot/local_setup.dsv
[0.381s] -- Installing: /mnt/USB_DISK/ros2_workspace/install/my_robot/share/my_robot/package.dsv
[0.381s] -- Up-to-date: /mnt/USB_DISK/ros2_workspace/install/my_robot/share/ament_index/resource_index/packages/my_robot
[0.382s] -- Up-to-date: /mnt/USB_DISK/ros2_workspace/install/my_robot/share/my_robot/cmake/my_robotConfig.cmake
[0.382s] -- Up-to-date: /mnt/USB_DISK/ros2_workspace/install/my_robot/share/my_robot/cmake/my_robotConfig-version.cmake
[0.383s] -- Up-to-date: /mnt/USB_DISK/ros2_workspace/install/my_robot/share/my_robot/package.xml
[0.384s] Invoked command in '/mnt/USB_DISK/ros2_workspace/build/my_robot' returned '0': CMAKE_PREFIX_PATH=${CMAKE_PREFIX_PATH}:/opt/ros/humble /usr/bin/cmake --install /mnt/USB_DISK/ros2_workspace/build/my_robot
