[0.083s] Invoking command in '/mnt/USB_DISK/ros2_workspace/build/mecanum_drive_controller': CMAKE_PREFIX_PATH=${CMAKE_PREFIX_PATH}:/opt/ros/humble /usr/bin/cmake --build /mnt/USB_DISK/ros2_workspace/build/mecanum_drive_controller -- -j4 -l4
[0.180s] -- Found ament_cmake: 1.3.11 (/opt/ros/humble/share/ament_cmake/cmake)
[0.984s] [31mCMake Error at CMakeLists.txt:25 (find_package):
[0.985s]   By not providing "Findbackward_ros.cmake" in CMAKE_MODULE_PATH this project
[0.986s]   has asked CMake to find a package configuration file provided by
[0.987s]   "backward_ros", but CMake did not find one.
[0.989s] 
[0.990s]   Could not find a package configuration file provided by "backward_ros" with
[0.991s]   any of the following names:
[0.991s] 
[0.992s]     backward_rosConfig.cmake
[0.992s]     backward_ros-config.cmake
[0.993s] 
[0.994s]   Add the installation prefix of "backward_ros" to CMAKE_PREFIX_PATH or set
[0.994s]   "backward_ros_DIR" to a directory containing one of the above files.  If
[0.995s]   "backward_ros" provides a separate development package or SDK, be sure it
[0.995s]   has been installed.
[0.996s] 
[0.996s] [0m
[0.997s] -- Configuring incomplete, errors occurred!
[0.997s] See also "/mnt/USB_DISK/ros2_workspace/build/mecanum_drive_controller/CMakeFiles/CMakeOutput.log".
[0.999s] gmake: *** [Makefile:487: cmake_check_build_system] Error 1
[1.000s] Invoked command in '/mnt/USB_DISK/ros2_workspace/build/mecanum_drive_controller' returned '2': CMAKE_PREFIX_PATH=${CMAKE_PREFIX_PATH}:/opt/ros/humble /usr/bin/cmake --build /mnt/USB_DISK/ros2_workspace/build/mecanum_drive_controller -- -j4 -l4
