[0.076s] Invoking command in '/mnt/USB_DISK/ros2_workspace/build/rplidar_ros': CMAKE_PREFIX_PATH=${CMAKE_PREFIX_PATH}:/opt/ros/humble /usr/bin/cmake --build /mnt/USB_DISK/ros2_workspace/build/rplidar_ros -- -j4 -l4
[0.400s] [  5%] Built target rplidar_client
[0.416s] [ 52%] Built target rplidar_composition
[0.468s] [100%] Built target rplidar_node
[0.522s] Invoked command in '/mnt/USB_DISK/ros2_workspace/build/rplidar_ros' returned '0': CMAKE_PREFIX_PATH=${CMAKE_PREFIX_PATH}:/opt/ros/humble /usr/bin/cmake --build /mnt/USB_DISK/ros2_workspace/build/rplidar_ros -- -j4 -l4
[0.566s] Invoking command in '/mnt/USB_DISK/ros2_workspace/build/rplidar_ros': CMAKE_PREFIX_PATH=${CMAKE_PREFIX_PATH}:/opt/ros/humble /usr/bin/cmake --install /mnt/USB_DISK/ros2_workspace/build/rplidar_ros
[0.598s] -- Install configuration: ""
[0.599s] -- Up-to-date: /mnt/USB_DISK/ros2_workspace/install/rplidar_ros/share/rplidar_ros/launch
[0.600s] -- Up-to-date: /mnt/USB_DISK/ros2_workspace/install/rplidar_ros/share/rplidar_ros/launch/view_rplidar_s2e_launch.py
[0.601s] -- Up-to-date: /mnt/USB_DISK/ros2_workspace/install/rplidar_ros/share/rplidar_ros/launch/view_rplidar_s1_launch.py
[0.601s] -- Up-to-date: /mnt/USB_DISK/ros2_workspace/install/rplidar_ros/share/rplidar_ros/launch/rplidar_a1_launch.py
[0.602s] -- Up-to-date: /mnt/USB_DISK/ros2_workspace/install/rplidar_ros/share/rplidar_ros/launch/rplidar_a2m8_launch.py
[0.604s] -- Up-to-date: /mnt/USB_DISK/ros2_workspace/install/rplidar_ros/share/rplidar_ros/launch/rplidar_c1_launch.py
[0.605s] -- Up-to-date: /mnt/USB_DISK/ros2_workspace/install/rplidar_ros/share/rplidar_ros/launch/view_rplidar_a1_launch.py
[0.606s] -- Up-to-date: /mnt/USB_DISK/ros2_workspace/install/rplidar_ros/share/rplidar_ros/launch/rplidar_s1_launch.py
[0.609s] -- Up-to-date: /mnt/USB_DISK/ros2_workspace/install/rplidar_ros/share/rplidar_ros/launch/view_rplidar_s2_launch.py
[0.612s] -- Up-to-date: /mnt/USB_DISK/ros2_workspace/install/rplidar_ros/share/rplidar_ros/launch/view_rplidar_a3_launch.py
[0.613s] -- Up-to-date: /mnt/USB_DISK/ros2_workspace/install/rplidar_ros/share/rplidar_ros/launch/view_rplidar_s3_launch.py
[0.613s] -- Up-to-date: /mnt/USB_DISK/ros2_workspace/install/rplidar_ros/share/rplidar_ros/launch/view_rplidar_c1_launch.py
[0.614s] -- Up-to-date: /mnt/USB_DISK/ros2_workspace/install/rplidar_ros/share/rplidar_ros/launch/rplidar_s3_launch.py
[0.615s] -- Up-to-date: /mnt/USB_DISK/ros2_workspace/install/rplidar_ros/share/rplidar_ros/launch/rplidar_s1_tcp_launch.py
[0.615s] -- Up-to-date: /mnt/USB_DISK/ros2_workspace/install/rplidar_ros/share/rplidar_ros/launch/rplidar_s2e_launch.py
[0.616s] -- Up-to-date: /mnt/USB_DISK/ros2_workspace/install/rplidar_ros/share/rplidar_ros/launch/rplidar_s2_launch.py
[0.617s] -- Up-to-date: /mnt/USB_DISK/ros2_workspace/install/rplidar_ros/share/rplidar_ros/launch/view_rplidar_a2m12_launch.py
[0.619s] -- Up-to-date: /mnt/USB_DISK/ros2_workspace/install/rplidar_ros/share/rplidar_ros/launch/rplidar_a2m7_launch.py
[0.620s] -- Up-to-date: /mnt/USB_DISK/ros2_workspace/install/rplidar_ros/share/rplidar_ros/launch/view_rplidar_a2m7_launch.py
[0.620s] -- Up-to-date: /mnt/USB_DISK/ros2_workspace/install/rplidar_ros/share/rplidar_ros/launch/view_rplidar_t1_launch.py
[0.621s] -- Up-to-date: /mnt/USB_DISK/ros2_workspace/install/rplidar_ros/share/rplidar_ros/launch/rplidar_a2m12_launch.py
[0.622s] -- Up-to-date: /mnt/USB_DISK/ros2_workspace/install/rplidar_ros/share/rplidar_ros/launch/view_rplidar_a2m8_launch.py
[0.622s] -- Up-to-date: /mnt/USB_DISK/ros2_workspace/install/rplidar_ros/share/rplidar_ros/launch/rplidar_a3_launch.py
[0.623s] -- Up-to-date: /mnt/USB_DISK/ros2_workspace/install/rplidar_ros/share/rplidar_ros/launch/view_rplidar_s1_tcp_launch.py
[0.623s] -- Up-to-date: /mnt/USB_DISK/ros2_workspace/install/rplidar_ros/share/rplidar_ros/launch/rplidar_t1_launch.py
[0.624s] -- Up-to-date: /mnt/USB_DISK/ros2_workspace/install/rplidar_ros/share/rplidar_ros/rviz
[0.624s] -- Up-to-date: /mnt/USB_DISK/ros2_workspace/install/rplidar_ros/share/rplidar_ros/rviz/rplidar_ros.rviz
[0.626s] -- Up-to-date: /mnt/USB_DISK/ros2_workspace/install/rplidar_ros/lib/rplidar_ros/rplidar_node
[0.630s] -- Up-to-date: /mnt/USB_DISK/ros2_workspace/install/rplidar_ros/lib/rplidar_ros/rplidar_composition
[0.634s] -- Up-to-date: /mnt/USB_DISK/ros2_workspace/install/rplidar_ros/lib/rplidar_ros/rplidar_client
[0.636s] -- Up-to-date: /mnt/USB_DISK/ros2_workspace/install/rplidar_ros/share/ament_index/resource_index/package_run_dependencies/rplidar_ros
[0.638s] -- Up-to-date: /mnt/USB_DISK/ros2_workspace/install/rplidar_ros/share/ament_index/resource_index/parent_prefix_path/rplidar_ros
[0.639s] -- Up-to-date: /mnt/USB_DISK/ros2_workspace/install/rplidar_ros/share/rplidar_ros/environment/ament_prefix_path.sh
[0.641s] -- Up-to-date: /mnt/USB_DISK/ros2_workspace/install/rplidar_ros/share/rplidar_ros/environment/ament_prefix_path.dsv
[0.642s] -- Up-to-date: /mnt/USB_DISK/ros2_workspace/install/rplidar_ros/share/rplidar_ros/environment/path.sh
[0.645s] -- Up-to-date: /mnt/USB_DISK/ros2_workspace/install/rplidar_ros/share/rplidar_ros/environment/path.dsv
[0.647s] -- Up-to-date: /mnt/USB_DISK/ros2_workspace/install/rplidar_ros/share/rplidar_ros/local_setup.bash
[0.649s] -- Up-to-date: /mnt/USB_DISK/ros2_workspace/install/rplidar_ros/share/rplidar_ros/local_setup.sh
[0.650s] -- Up-to-date: /mnt/USB_DISK/ros2_workspace/install/rplidar_ros/share/rplidar_ros/local_setup.zsh
[0.652s] -- Up-to-date: /mnt/USB_DISK/ros2_workspace/install/rplidar_ros/share/rplidar_ros/local_setup.dsv
[0.654s] -- Installing: /mnt/USB_DISK/ros2_workspace/install/rplidar_ros/share/rplidar_ros/package.dsv
[0.656s] -- Up-to-date: /mnt/USB_DISK/ros2_workspace/install/rplidar_ros/share/ament_index/resource_index/packages/rplidar_ros
[0.658s] -- Up-to-date: /mnt/USB_DISK/ros2_workspace/install/rplidar_ros/share/rplidar_ros/cmake/ament_cmake_export_dependencies-extras.cmake
[0.660s] -- Up-to-date: /mnt/USB_DISK/ros2_workspace/install/rplidar_ros/share/rplidar_ros/cmake/ament_cmake_export_include_directories-extras.cmake
[0.661s] -- Up-to-date: /mnt/USB_DISK/ros2_workspace/install/rplidar_ros/share/rplidar_ros/cmake/rplidar_rosConfig.cmake
[0.663s] -- Up-to-date: /mnt/USB_DISK/ros2_workspace/install/rplidar_ros/share/rplidar_ros/cmake/rplidar_rosConfig-version.cmake
[0.664s] -- Up-to-date: /mnt/USB_DISK/ros2_workspace/install/rplidar_ros/share/rplidar_ros/package.xml
[0.674s] Invoked command in '/mnt/USB_DISK/ros2_workspace/build/rplidar_ros' returned '0': CMAKE_PREFIX_PATH=${CMAKE_PREFIX_PATH}:/opt/ros/humble /usr/bin/cmake --install /mnt/USB_DISK/ros2_workspace/build/rplidar_ros
