[0.117s] Invoking command in '/home/as33697920/larry_ws/robot/build/mecanum_drive_controller': CMAKE_PREFIX_PATH=${CMAKE_PREFIX_PATH}:/opt/ros/humble /usr/bin/cmake /home/as33697920/larry_ws/robot/src/waterbot/mecanum_drive_controller -DCMAKE_INSTALL_PREFIX=/home/as33697920/larry_ws/robot/install/mecanum_drive_controller
[0.161s] -- Found ament_cmake: 1.3.11 (/opt/ros/humble/share/ament_cmake/cmake)
[1.123s] [31mCMake Error at CMakeLists.txt:25 (find_package):
[1.123s]   By not providing "Findbackward_ros.cmake" in CMAKE_MODULE_PATH this project
[1.124s]   has asked CMake to find a package configuration file provided by
[1.124s]   "backward_ros", but CMake did not find one.
[1.125s] 
[1.126s]   Could not find a package configuration file provided by "backward_ros" with
[1.126s]   any of the following names:
[1.127s] 
[1.127s]     backward_rosConfig.cmake
[1.127s]     backward_ros-config.cmake
[1.128s] 
[1.129s]   Add the installation prefix of "backward_ros" to CMAKE_PREFIX_PATH or set
[1.129s]   "backward_ros_DIR" to a directory containing one of the above files.  If
[1.130s]   "backward_ros" provides a separate development package or SDK, be sure it
[1.130s]   has been installed.
[1.130s] 
[1.131s] [0m
[1.131s] -- Configuring incomplete, errors occurred!
[1.131s] See also "/home/as33697920/larry_ws/robot/build/mecanum_drive_controller/CMakeFiles/CMakeOutput.log".
[1.139s] Invoked command in '/home/as33697920/larry_ws/robot/build/mecanum_drive_controller' returned '1': CMAKE_PREFIX_PATH=${CMAKE_PREFIX_PATH}:/opt/ros/humble /usr/bin/cmake /home/as33697920/larry_ws/robot/src/waterbot/mecanum_drive_controller -DCMAKE_INSTALL_PREFIX=/home/as33697920/larry_ws/robot/install/mecanum_drive_controller
