[0.410s] DEBUG:colcon:Command line arguments: ['/usr/bin/colcon', 'build']
[0.410s] DEBUG:colcon:Parsed command line arguments: Namespace(log_base=None, log_level=None, verb_name='build', build_base='/mnt/USB_DISK/ros2_workspace/build', install_base='/mnt/USB_DISK/ros2_workspace/install', merge_install=False, symlink_install=False, test_result_base=None, continue_on_error=False, executor='parallel', parallel_workers=4, event_handlers=None, ignore_user_meta=False, metas=['./colcon.meta'], base_paths=['.'], packages_ignore=None, packages_ignore_regex=None, paths=None, packages_up_to=None, packages_up_to_regex=None, packages_above=None, packages_above_and_dependencies=None, packages_above_depth=None, packages_select_by_dep=None, packages_skip_by_dep=None, packages_skip_up_to=None, packages_select_build_failed=False, packages_skip_build_finished=False, packages_select_test_failures=False, packages_skip_test_passed=False, packages_select=None, packages_skip=None, packages_select_regex=None, packages_skip_regex=None, packages_start=None, packages_end=None, allow_overriding=[], cmake_args=None, cmake_target=None, cmake_target_skip_unavailable=False, cmake_clean_cache=False, cmake_clean_first=False, cmake_force_configure=False, ament_cmake_args=None, catkin_cmake_args=None, catkin_skip_building_tests=False, verb_parser=<colcon_defaults.argument_parser.defaults.DefaultArgumentsDecorator object at 0xffffbdbbe170>, verb_extension=<colcon_core.verb.build.BuildVerb object at 0xffffbdccb5e0>, main=<bound method BuildVerb.main of <colcon_core.verb.build.BuildVerb object at 0xffffbdccb5e0>>)
[1.060s] Level 1:colcon.colcon_core.package_discovery:discover_packages(colcon_meta) check parameters
[1.060s] Level 1:colcon.colcon_core.package_discovery:discover_packages(recursive) check parameters
[1.061s] Level 1:colcon.colcon_core.package_discovery:discover_packages(ignore) check parameters
[1.061s] Level 1:colcon.colcon_core.package_discovery:discover_packages(path) check parameters
[1.061s] Level 1:colcon.colcon_core.package_discovery:discover_packages(colcon_meta) discover
[1.061s] Level 1:colcon.colcon_core.package_discovery:discover_packages(recursive) discover
[1.061s] INFO:colcon.colcon_core.package_discovery:Crawling recursively for packages in '/home/as33697920/larry_ws'
[1.062s] Level 1:colcon.colcon_core.package_identification:_identify(.) by extensions ['ignore', 'ignore_ament_install']
[1.062s] Level 1:colcon.colcon_core.package_identification:_identify(.) by extension 'ignore'
[1.062s] Level 1:colcon.colcon_core.package_identification:_identify(.) by extension 'ignore_ament_install'
[1.063s] Level 1:colcon.colcon_core.package_identification:_identify(.) by extensions ['colcon_pkg']
[1.063s] Level 1:colcon.colcon_core.package_identification:_identify(.) by extension 'colcon_pkg'
[1.063s] Level 1:colcon.colcon_core.package_identification:_identify(.) by extensions ['colcon_meta']
[1.063s] Level 1:colcon.colcon_core.package_identification:_identify(.) by extension 'colcon_meta'
[1.063s] Level 1:colcon.colcon_core.package_identification:_identify(.) by extensions ['ros']
[1.063s] Level 1:colcon.colcon_core.package_identification:_identify(.) by extension 'ros'
[1.112s] Level 1:colcon.colcon_core.package_identification:_identify(.) by extensions ['cmake', 'python']
[1.112s] Level 1:colcon.colcon_core.package_identification:_identify(.) by extension 'cmake'
[1.113s] Level 1:colcon.colcon_core.package_identification:_identify(.) by extension 'python'
[1.113s] Level 1:colcon.colcon_core.package_identification:_identify(.) by extensions ['python_setup_py']
[1.113s] Level 1:colcon.colcon_core.package_identification:_identify(.) by extension 'python_setup_py'
[1.114s] Level 1:colcon.colcon_core.package_identification:_identify(kai) by extensions ['ignore', 'ignore_ament_install']
[1.114s] Level 1:colcon.colcon_core.package_identification:_identify(kai) by extension 'ignore'
[1.114s] Level 1:colcon.colcon_core.package_identification:_identify(kai) by extension 'ignore_ament_install'
[1.114s] Level 1:colcon.colcon_core.package_identification:_identify(kai) by extensions ['colcon_pkg']
[1.115s] Level 1:colcon.colcon_core.package_identification:_identify(kai) by extension 'colcon_pkg'
[1.115s] Level 1:colcon.colcon_core.package_identification:_identify(kai) by extensions ['colcon_meta']
[1.115s] Level 1:colcon.colcon_core.package_identification:_identify(kai) by extension 'colcon_meta'
[1.115s] Level 1:colcon.colcon_core.package_identification:_identify(kai) by extensions ['ros']
[1.115s] Level 1:colcon.colcon_core.package_identification:_identify(kai) by extension 'ros'
[1.116s] Level 1:colcon.colcon_core.package_identification:_identify(kai) by extensions ['cmake', 'python']
[1.116s] Level 1:colcon.colcon_core.package_identification:_identify(kai) by extension 'cmake'
[1.116s] Level 1:colcon.colcon_core.package_identification:_identify(kai) by extension 'python'
[1.116s] Level 1:colcon.colcon_core.package_identification:_identify(kai) by extensions ['python_setup_py']
[1.116s] Level 1:colcon.colcon_core.package_identification:_identify(kai) by extension 'python_setup_py'
[1.117s] Level 1:colcon.colcon_core.package_identification:_identify(log) by extensions ['ignore', 'ignore_ament_install']
[1.118s] Level 1:colcon.colcon_core.package_identification:_identify(log) by extension 'ignore'
[1.118s] Level 1:colcon.colcon_core.package_identification:_identify(log) ignored
[1.118s] Level 1:colcon.colcon_core.package_identification:_identify(src) by extensions ['ignore', 'ignore_ament_install']
[1.119s] Level 1:colcon.colcon_core.package_identification:_identify(src) by extension 'ignore'
[1.119s] Level 1:colcon.colcon_core.package_identification:_identify(src) by extension 'ignore_ament_install'
[1.119s] Level 1:colcon.colcon_core.package_identification:_identify(src) by extensions ['colcon_pkg']
[1.119s] Level 1:colcon.colcon_core.package_identification:_identify(src) by extension 'colcon_pkg'
[1.119s] Level 1:colcon.colcon_core.package_identification:_identify(src) by extensions ['colcon_meta']
[1.119s] Level 1:colcon.colcon_core.package_identification:_identify(src) by extension 'colcon_meta'
[1.120s] Level 1:colcon.colcon_core.package_identification:_identify(src) by extensions ['ros']
[1.120s] Level 1:colcon.colcon_core.package_identification:_identify(src) by extension 'ros'
[1.120s] Level 1:colcon.colcon_core.package_identification:_identify(src) by extensions ['cmake', 'python']
[1.120s] Level 1:colcon.colcon_core.package_identification:_identify(src) by extension 'cmake'
[1.120s] Level 1:colcon.colcon_core.package_identification:_identify(src) by extension 'python'
[1.121s] Level 1:colcon.colcon_core.package_identification:_identify(src) by extensions ['python_setup_py']
[1.121s] Level 1:colcon.colcon_core.package_identification:_identify(src) by extension 'python_setup_py'
[1.121s] Level 1:colcon.colcon_core.package_identification:_identify(src/waterbot) by extensions ['ignore', 'ignore_ament_install']
[1.122s] Level 1:colcon.colcon_core.package_identification:_identify(src/waterbot) by extension 'ignore'
[1.122s] Level 1:colcon.colcon_core.package_identification:_identify(src/waterbot) by extension 'ignore_ament_install'
[1.122s] Level 1:colcon.colcon_core.package_identification:_identify(src/waterbot) by extensions ['colcon_pkg']
[1.122s] Level 1:colcon.colcon_core.package_identification:_identify(src/waterbot) by extension 'colcon_pkg'
[1.122s] Level 1:colcon.colcon_core.package_identification:_identify(src/waterbot) by extensions ['colcon_meta']
[1.122s] Level 1:colcon.colcon_core.package_identification:_identify(src/waterbot) by extension 'colcon_meta'
[1.123s] Level 1:colcon.colcon_core.package_identification:_identify(src/waterbot) by extensions ['ros']
[1.123s] Level 1:colcon.colcon_core.package_identification:_identify(src/waterbot) by extension 'ros'
[1.123s] Level 1:colcon.colcon_core.package_identification:_identify(src/waterbot) by extensions ['cmake', 'python']
[1.123s] Level 1:colcon.colcon_core.package_identification:_identify(src/waterbot) by extension 'cmake'
[1.123s] Level 1:colcon.colcon_core.package_identification:_identify(src/waterbot) by extension 'python'
[1.124s] Level 1:colcon.colcon_core.package_identification:_identify(src/waterbot) by extensions ['python_setup_py']
[1.124s] Level 1:colcon.colcon_core.package_identification:_identify(src/waterbot) by extension 'python_setup_py'
[1.124s] Level 1:colcon.colcon_core.package_identification:_identify(src/waterbot/log) by extensions ['ignore', 'ignore_ament_install']
[1.125s] Level 1:colcon.colcon_core.package_identification:_identify(src/waterbot/log) by extension 'ignore'
[1.125s] Level 1:colcon.colcon_core.package_identification:_identify(src/waterbot/log) ignored
[1.125s] Level 1:colcon.colcon_core.package_identification:_identify(src/waterbot/mecanum_drive_controller) by extensions ['ignore', 'ignore_ament_install']
[1.126s] Level 1:colcon.colcon_core.package_identification:_identify(src/waterbot/mecanum_drive_controller) by extension 'ignore'
[1.126s] Level 1:colcon.colcon_core.package_identification:_identify(src/waterbot/mecanum_drive_controller) by extension 'ignore_ament_install'
[1.126s] Level 1:colcon.colcon_core.package_identification:_identify(src/waterbot/mecanum_drive_controller) by extensions ['colcon_pkg']
[1.126s] Level 1:colcon.colcon_core.package_identification:_identify(src/waterbot/mecanum_drive_controller) by extension 'colcon_pkg'
[1.126s] Level 1:colcon.colcon_core.package_identification:_identify(src/waterbot/mecanum_drive_controller) by extensions ['colcon_meta']
[1.127s] Level 1:colcon.colcon_core.package_identification:_identify(src/waterbot/mecanum_drive_controller) by extension 'colcon_meta'
[1.127s] Level 1:colcon.colcon_core.package_identification:_identify(src/waterbot/mecanum_drive_controller) by extensions ['ros']
[1.127s] Level 1:colcon.colcon_core.package_identification:_identify(src/waterbot/mecanum_drive_controller) by extension 'ros'
[1.141s] DEBUG:colcon.colcon_core.package_identification:Package 'src/waterbot/mecanum_drive_controller' with type 'ros.ament_cmake' and name 'mecanum_drive_controller'
[1.141s] Level 1:colcon.colcon_core.package_identification:_identify(src/waterbot/my_robot) by extensions ['ignore', 'ignore_ament_install']
[1.142s] Level 1:colcon.colcon_core.package_identification:_identify(src/waterbot/my_robot) by extension 'ignore'
[1.142s] Level 1:colcon.colcon_core.package_identification:_identify(src/waterbot/my_robot) by extension 'ignore_ament_install'
[1.142s] Level 1:colcon.colcon_core.package_identification:_identify(src/waterbot/my_robot) by extensions ['colcon_pkg']
[1.143s] Level 1:colcon.colcon_core.package_identification:_identify(src/waterbot/my_robot) by extension 'colcon_pkg'
[1.143s] Level 1:colcon.colcon_core.package_identification:_identify(src/waterbot/my_robot) by extensions ['colcon_meta']
[1.143s] Level 1:colcon.colcon_core.package_identification:_identify(src/waterbot/my_robot) by extension 'colcon_meta'
[1.143s] Level 1:colcon.colcon_core.package_identification:_identify(src/waterbot/my_robot) by extensions ['ros']
[1.143s] Level 1:colcon.colcon_core.package_identification:_identify(src/waterbot/my_robot) by extension 'ros'
[1.148s] DEBUG:colcon.colcon_core.package_identification:Package 'src/waterbot/my_robot' with type 'ros.ament_cmake' and name 'my_robot'
[1.148s] Level 1:colcon.colcon_core.package_discovery:discover_packages(recursive) using defaults
[1.148s] Level 1:colcon.colcon_core.package_discovery:discover_packages(ignore) discover
[1.148s] Level 1:colcon.colcon_core.package_discovery:discover_packages(ignore) using defaults
[1.148s] Level 1:colcon.colcon_core.package_discovery:discover_packages(path) discover
[1.149s] Level 1:colcon.colcon_core.package_discovery:discover_packages(path) using defaults
[1.223s] Level 1:colcon.colcon_core.package_discovery:discover_packages(prefix_path) check parameters
[1.223s] Level 1:colcon.colcon_core.package_discovery:discover_packages(prefix_path) discover
[1.231s] DEBUG:colcon.colcon_installed_package_information.package_discovery:Found 2 installed packages in /mnt/USB_DISK/ros2_workspace/install
[1.238s] DEBUG:colcon.colcon_installed_package_information.package_discovery:Found 222 installed packages in /opt/ros/humble
[1.244s] Level 1:colcon.colcon_core.package_discovery:discover_packages(prefix_path) using defaults
[1.410s] Level 5:colcon.colcon_core.verb:set package 'mecanum_drive_controller' build argument 'cmake_args' from command line to 'None'
[1.411s] Level 5:colcon.colcon_core.verb:set package 'mecanum_drive_controller' build argument 'cmake_target' from command line to 'None'
[1.411s] Level 5:colcon.colcon_core.verb:set package 'mecanum_drive_controller' build argument 'cmake_target_skip_unavailable' from command line to 'False'
[1.411s] Level 5:colcon.colcon_core.verb:set package 'mecanum_drive_controller' build argument 'cmake_clean_cache' from command line to 'False'
[1.411s] Level 5:colcon.colcon_core.verb:set package 'mecanum_drive_controller' build argument 'cmake_clean_first' from command line to 'False'
[1.411s] Level 5:colcon.colcon_core.verb:set package 'mecanum_drive_controller' build argument 'cmake_force_configure' from command line to 'False'
[1.411s] Level 5:colcon.colcon_core.verb:set package 'mecanum_drive_controller' build argument 'ament_cmake_args' from command line to 'None'
[1.411s] Level 5:colcon.colcon_core.verb:set package 'mecanum_drive_controller' build argument 'catkin_cmake_args' from command line to 'None'
[1.412s] Level 5:colcon.colcon_core.verb:set package 'mecanum_drive_controller' build argument 'catkin_skip_building_tests' from command line to 'False'
[1.412s] DEBUG:colcon.colcon_core.verb:Building package 'mecanum_drive_controller' with the following arguments: {'ament_cmake_args': None, 'build_base': '/mnt/USB_DISK/ros2_workspace/build/mecanum_drive_controller', 'catkin_cmake_args': None, 'catkin_skip_building_tests': False, 'cmake_args': None, 'cmake_clean_cache': False, 'cmake_clean_first': False, 'cmake_force_configure': False, 'cmake_target': None, 'cmake_target_skip_unavailable': False, 'install_base': '/mnt/USB_DISK/ros2_workspace/install/mecanum_drive_controller', 'merge_install': False, 'path': '/home/as33697920/larry_ws/src/waterbot/mecanum_drive_controller', 'symlink_install': False, 'test_result_base': None}
[1.413s] Level 5:colcon.colcon_core.verb:set package 'my_robot' build argument 'cmake_args' from command line to 'None'
[1.413s] Level 5:colcon.colcon_core.verb:set package 'my_robot' build argument 'cmake_target' from command line to 'None'
[1.414s] Level 5:colcon.colcon_core.verb:set package 'my_robot' build argument 'cmake_target_skip_unavailable' from command line to 'False'
[1.414s] Level 5:colcon.colcon_core.verb:set package 'my_robot' build argument 'cmake_clean_cache' from command line to 'False'
[1.414s] Level 5:colcon.colcon_core.verb:set package 'my_robot' build argument 'cmake_clean_first' from command line to 'False'
[1.414s] Level 5:colcon.colcon_core.verb:set package 'my_robot' build argument 'cmake_force_configure' from command line to 'False'
[1.414s] Level 5:colcon.colcon_core.verb:set package 'my_robot' build argument 'ament_cmake_args' from command line to 'None'
[1.414s] Level 5:colcon.colcon_core.verb:set package 'my_robot' build argument 'catkin_cmake_args' from command line to 'None'
[1.414s] Level 5:colcon.colcon_core.verb:set package 'my_robot' build argument 'catkin_skip_building_tests' from command line to 'False'
[1.414s] DEBUG:colcon.colcon_core.verb:Building package 'my_robot' with the following arguments: {'ament_cmake_args': None, 'build_base': '/mnt/USB_DISK/ros2_workspace/build/my_robot', 'catkin_cmake_args': None, 'catkin_skip_building_tests': False, 'cmake_args': None, 'cmake_clean_cache': False, 'cmake_clean_first': False, 'cmake_force_configure': False, 'cmake_target': None, 'cmake_target_skip_unavailable': False, 'install_base': '/mnt/USB_DISK/ros2_workspace/install/my_robot', 'merge_install': False, 'path': '/home/as33697920/larry_ws/src/waterbot/my_robot', 'symlink_install': False, 'test_result_base': None}
[1.415s] INFO:colcon.colcon_core.executor:Executing jobs using 'parallel' executor
[1.418s] DEBUG:colcon.colcon_parallel_executor.executor.parallel:run_until_complete
[1.419s] INFO:colcon.colcon_ros.task.ament_cmake.build:Building ROS package in '/home/as33697920/larry_ws/src/waterbot/mecanum_drive_controller' with build type 'ament_cmake'
[1.420s] INFO:colcon.colcon_cmake.task.cmake.build:Building CMake package in '/home/as33697920/larry_ws/src/waterbot/mecanum_drive_controller'
[1.428s] INFO:colcon.colcon_core.plugin_system:Skipping extension 'colcon_core.shell.bat': Not used on non-Windows systems
[1.430s] INFO:colcon.colcon_core.shell:Skip shell extension 'powershell' for command environment: Not usable outside of PowerShell
[1.430s] DEBUG:colcon.colcon_core.shell:Skip shell extension 'dsv' for command environment
[1.448s] INFO:colcon.colcon_ros.task.ament_cmake.build:Building ROS package in '/home/as33697920/larry_ws/src/waterbot/my_robot' with build type 'ament_cmake'
[1.449s] INFO:colcon.colcon_cmake.task.cmake.build:Building CMake package in '/home/as33697920/larry_ws/src/waterbot/my_robot'
[1.450s] INFO:colcon.colcon_core.shell:Skip shell extension 'powershell' for command environment: Not usable outside of PowerShell
[1.451s] DEBUG:colcon.colcon_core.shell:Skip shell extension 'dsv' for command environment
[1.485s] DEBUG:colcon.colcon_core.event_handler.log_command:Invoking command in '/mnt/USB_DISK/ros2_workspace/build/mecanum_drive_controller': CMAKE_PREFIX_PATH=${CMAKE_PREFIX_PATH}:/opt/ros/humble /usr/bin/cmake --build /mnt/USB_DISK/ros2_workspace/build/mecanum_drive_controller -- -j4 -l4
[1.512s] DEBUG:colcon.colcon_core.event_handler.log_command:Invoking command in '/mnt/USB_DISK/ros2_workspace/build/my_robot': CMAKE_PREFIX_PATH=${CMAKE_PREFIX_PATH}:/opt/ros/humble /usr/bin/cmake --build /mnt/USB_DISK/ros2_workspace/build/my_robot -- -j4 -l4
[1.690s] DEBUG:colcon.colcon_core.event_handler.log_command:Invoked command in '/mnt/USB_DISK/ros2_workspace/build/my_robot' returned '0': CMAKE_PREFIX_PATH=${CMAKE_PREFIX_PATH}:/opt/ros/humble /usr/bin/cmake --build /mnt/USB_DISK/ros2_workspace/build/my_robot -- -j4 -l4
[1.738s] DEBUG:colcon.colcon_core.event_handler.log_command:Invoking command in '/mnt/USB_DISK/ros2_workspace/build/my_robot': CMAKE_PREFIX_PATH=${CMAKE_PREFIX_PATH}:/opt/ros/humble /usr/bin/cmake --install /mnt/USB_DISK/ros2_workspace/build/my_robot
[1.799s] Level 1:colcon.colcon_core.environment:create_environment_scripts_only(my_robot)
[1.823s] DEBUG:colcon.colcon_core.event_handler.log_command:Invoked command in '/mnt/USB_DISK/ros2_workspace/build/my_robot' returned '0': CMAKE_PREFIX_PATH=${CMAKE_PREFIX_PATH}:/opt/ros/humble /usr/bin/cmake --install /mnt/USB_DISK/ros2_workspace/build/my_robot
[1.833s] Level 1:colcon.colcon_core.environment:checking '/mnt/USB_DISK/ros2_workspace/install/my_robot' for CMake module files
[1.837s] Level 1:colcon.colcon_core.environment:checking '/mnt/USB_DISK/ros2_workspace/install/my_robot' for CMake config files
[1.840s] Level 1:colcon.colcon_core.shell:create_environment_hook('my_robot', 'cmake_prefix_path')
[1.842s] INFO:colcon.colcon_core.shell:Creating environment hook '/mnt/USB_DISK/ros2_workspace/install/my_robot/share/my_robot/hook/cmake_prefix_path.ps1'
[1.845s] INFO:colcon.colcon_core.shell:Creating environment descriptor '/mnt/USB_DISK/ros2_workspace/install/my_robot/share/my_robot/hook/cmake_prefix_path.dsv'
[1.848s] INFO:colcon.colcon_core.shell:Creating environment hook '/mnt/USB_DISK/ros2_workspace/install/my_robot/share/my_robot/hook/cmake_prefix_path.sh'
[1.854s] Level 1:colcon.colcon_core.environment:checking '/mnt/USB_DISK/ros2_workspace/install/my_robot/lib'
[1.855s] Level 1:colcon.colcon_core.environment:checking '/mnt/USB_DISK/ros2_workspace/install/my_robot/bin'
[1.855s] Level 1:colcon.colcon_core.environment:checking '/mnt/USB_DISK/ros2_workspace/install/my_robot/lib/pkgconfig/my_robot.pc'
[1.857s] Level 1:colcon.colcon_core.environment:checking '/mnt/USB_DISK/ros2_workspace/install/my_robot/lib/python3.10/site-packages'
[1.858s] Level 1:colcon.colcon_core.environment:checking '/mnt/USB_DISK/ros2_workspace/install/my_robot/bin'
[1.859s] INFO:colcon.colcon_core.shell:Creating package script '/mnt/USB_DISK/ros2_workspace/install/my_robot/share/my_robot/package.ps1'
[1.864s] INFO:colcon.colcon_core.shell:Creating package descriptor '/mnt/USB_DISK/ros2_workspace/install/my_robot/share/my_robot/package.dsv'
[1.867s] INFO:colcon.colcon_core.shell:Creating package script '/mnt/USB_DISK/ros2_workspace/install/my_robot/share/my_robot/package.sh'
[1.872s] INFO:colcon.colcon_core.shell:Creating package script '/mnt/USB_DISK/ros2_workspace/install/my_robot/share/my_robot/package.bash'
[1.876s] INFO:colcon.colcon_core.shell:Creating package script '/mnt/USB_DISK/ros2_workspace/install/my_robot/share/my_robot/package.zsh'
[1.880s] Level 1:colcon.colcon_core.environment:create_file_with_runtime_dependencies(/mnt/USB_DISK/ros2_workspace/install/my_robot/share/colcon-core/packages/my_robot)
[1.884s] Level 1:colcon.colcon_core.environment:create_environment_scripts_only(my_robot)
[1.885s] Level 1:colcon.colcon_core.environment:checking '/mnt/USB_DISK/ros2_workspace/install/my_robot' for CMake module files
[1.889s] Level 1:colcon.colcon_core.environment:checking '/mnt/USB_DISK/ros2_workspace/install/my_robot' for CMake config files
[1.892s] Level 1:colcon.colcon_core.shell:create_environment_hook('my_robot', 'cmake_prefix_path')
[1.893s] INFO:colcon.colcon_core.shell:Creating environment hook '/mnt/USB_DISK/ros2_workspace/install/my_robot/share/my_robot/hook/cmake_prefix_path.ps1'
[1.896s] INFO:colcon.colcon_core.shell:Creating environment descriptor '/mnt/USB_DISK/ros2_workspace/install/my_robot/share/my_robot/hook/cmake_prefix_path.dsv'
[1.899s] INFO:colcon.colcon_core.shell:Creating environment hook '/mnt/USB_DISK/ros2_workspace/install/my_robot/share/my_robot/hook/cmake_prefix_path.sh'
[1.903s] Level 1:colcon.colcon_core.environment:checking '/mnt/USB_DISK/ros2_workspace/install/my_robot/lib'
[1.904s] Level 1:colcon.colcon_core.environment:checking '/mnt/USB_DISK/ros2_workspace/install/my_robot/bin'
[1.905s] Level 1:colcon.colcon_core.environment:checking '/mnt/USB_DISK/ros2_workspace/install/my_robot/lib/pkgconfig/my_robot.pc'
[1.907s] Level 1:colcon.colcon_core.environment:checking '/mnt/USB_DISK/ros2_workspace/install/my_robot/lib/python3.10/site-packages'
[1.908s] Level 1:colcon.colcon_core.environment:checking '/mnt/USB_DISK/ros2_workspace/install/my_robot/bin'
[1.912s] INFO:colcon.colcon_core.shell:Creating package script '/mnt/USB_DISK/ros2_workspace/install/my_robot/share/my_robot/package.ps1'
[1.916s] INFO:colcon.colcon_core.shell:Creating package descriptor '/mnt/USB_DISK/ros2_workspace/install/my_robot/share/my_robot/package.dsv'
[1.919s] INFO:colcon.colcon_core.shell:Creating package script '/mnt/USB_DISK/ros2_workspace/install/my_robot/share/my_robot/package.sh'
[1.924s] INFO:colcon.colcon_core.shell:Creating package script '/mnt/USB_DISK/ros2_workspace/install/my_robot/share/my_robot/package.bash'
[1.930s] INFO:colcon.colcon_core.shell:Creating package script '/mnt/USB_DISK/ros2_workspace/install/my_robot/share/my_robot/package.zsh'
[1.934s] Level 1:colcon.colcon_core.environment:create_file_with_runtime_dependencies(/mnt/USB_DISK/ros2_workspace/install/my_robot/share/colcon-core/packages/my_robot)
[2.039s] DEBUG:colcon.colcon_core.event_handler.log_command:Invoked command in '/mnt/USB_DISK/ros2_workspace/build/mecanum_drive_controller' returned '0': CMAKE_PREFIX_PATH=${CMAKE_PREFIX_PATH}:/opt/ros/humble /usr/bin/cmake --build /mnt/USB_DISK/ros2_workspace/build/mecanum_drive_controller -- -j4 -l4
[2.048s] DEBUG:colcon.colcon_core.event_handler.log_command:Invoking command in '/mnt/USB_DISK/ros2_workspace/build/mecanum_drive_controller': CMAKE_PREFIX_PATH=${CMAKE_PREFIX_PATH}:/opt/ros/humble /usr/bin/cmake --install /mnt/USB_DISK/ros2_workspace/build/mecanum_drive_controller
[2.096s] Level 1:colcon.colcon_core.environment:create_environment_scripts_only(mecanum_drive_controller)
[2.097s] Level 1:colcon.colcon_core.environment:checking '/mnt/USB_DISK/ros2_workspace/install/mecanum_drive_controller' for CMake module files
[2.098s] DEBUG:colcon.colcon_core.event_handler.log_command:Invoked command in '/mnt/USB_DISK/ros2_workspace/build/mecanum_drive_controller' returned '0': CMAKE_PREFIX_PATH=${CMAKE_PREFIX_PATH}:/opt/ros/humble /usr/bin/cmake --install /mnt/USB_DISK/ros2_workspace/build/mecanum_drive_controller
[2.101s] Level 1:colcon.colcon_core.environment:checking '/mnt/USB_DISK/ros2_workspace/install/mecanum_drive_controller' for CMake config files
[2.103s] Level 1:colcon.colcon_core.shell:create_environment_hook('mecanum_drive_controller', 'cmake_prefix_path')
[2.104s] INFO:colcon.colcon_core.shell:Creating environment hook '/mnt/USB_DISK/ros2_workspace/install/mecanum_drive_controller/share/mecanum_drive_controller/hook/cmake_prefix_path.ps1'
[2.106s] INFO:colcon.colcon_core.shell:Creating environment descriptor '/mnt/USB_DISK/ros2_workspace/install/mecanum_drive_controller/share/mecanum_drive_controller/hook/cmake_prefix_path.dsv'
[2.110s] INFO:colcon.colcon_core.shell:Creating environment hook '/mnt/USB_DISK/ros2_workspace/install/mecanum_drive_controller/share/mecanum_drive_controller/hook/cmake_prefix_path.sh'
[2.113s] Level 1:colcon.colcon_core.environment:checking '/mnt/USB_DISK/ros2_workspace/install/mecanum_drive_controller/lib'
[2.114s] Level 1:colcon.colcon_core.shell:create_environment_hook('mecanum_drive_controller', 'ld_library_path_lib')
[2.115s] INFO:colcon.colcon_core.shell:Creating environment hook '/mnt/USB_DISK/ros2_workspace/install/mecanum_drive_controller/share/mecanum_drive_controller/hook/ld_library_path_lib.ps1'
[2.117s] INFO:colcon.colcon_core.shell:Creating environment descriptor '/mnt/USB_DISK/ros2_workspace/install/mecanum_drive_controller/share/mecanum_drive_controller/hook/ld_library_path_lib.dsv'
[2.121s] INFO:colcon.colcon_core.shell:Creating environment hook '/mnt/USB_DISK/ros2_workspace/install/mecanum_drive_controller/share/mecanum_drive_controller/hook/ld_library_path_lib.sh'
[2.124s] Level 1:colcon.colcon_core.environment:checking '/mnt/USB_DISK/ros2_workspace/install/mecanum_drive_controller/bin'
[2.125s] Level 1:colcon.colcon_core.environment:checking '/mnt/USB_DISK/ros2_workspace/install/mecanum_drive_controller/lib/pkgconfig/mecanum_drive_controller.pc'
[2.126s] Level 1:colcon.colcon_core.environment:checking '/mnt/USB_DISK/ros2_workspace/install/mecanum_drive_controller/lib/python3.10/site-packages'
[2.127s] Level 1:colcon.colcon_core.environment:checking '/mnt/USB_DISK/ros2_workspace/install/mecanum_drive_controller/bin'
[2.128s] INFO:colcon.colcon_core.shell:Creating package script '/mnt/USB_DISK/ros2_workspace/install/mecanum_drive_controller/share/mecanum_drive_controller/package.ps1'
[2.131s] INFO:colcon.colcon_core.shell:Creating package descriptor '/mnt/USB_DISK/ros2_workspace/install/mecanum_drive_controller/share/mecanum_drive_controller/package.dsv'
[2.134s] INFO:colcon.colcon_core.shell:Creating package script '/mnt/USB_DISK/ros2_workspace/install/mecanum_drive_controller/share/mecanum_drive_controller/package.sh'
[2.138s] INFO:colcon.colcon_core.shell:Creating package script '/mnt/USB_DISK/ros2_workspace/install/mecanum_drive_controller/share/mecanum_drive_controller/package.bash'
[2.141s] INFO:colcon.colcon_core.shell:Creating package script '/mnt/USB_DISK/ros2_workspace/install/mecanum_drive_controller/share/mecanum_drive_controller/package.zsh'
[2.144s] Level 1:colcon.colcon_core.environment:create_file_with_runtime_dependencies(/mnt/USB_DISK/ros2_workspace/install/mecanum_drive_controller/share/colcon-core/packages/mecanum_drive_controller)
[2.150s] Level 1:colcon.colcon_core.environment:create_environment_scripts_only(mecanum_drive_controller)
[2.151s] Level 1:colcon.colcon_core.environment:checking '/mnt/USB_DISK/ros2_workspace/install/mecanum_drive_controller' for CMake module files
[2.155s] Level 1:colcon.colcon_core.environment:checking '/mnt/USB_DISK/ros2_workspace/install/mecanum_drive_controller' for CMake config files
[2.158s] Level 1:colcon.colcon_core.shell:create_environment_hook('mecanum_drive_controller', 'cmake_prefix_path')
[2.159s] INFO:colcon.colcon_core.shell:Creating environment hook '/mnt/USB_DISK/ros2_workspace/install/mecanum_drive_controller/share/mecanum_drive_controller/hook/cmake_prefix_path.ps1'
[2.161s] INFO:colcon.colcon_core.shell:Creating environment descriptor '/mnt/USB_DISK/ros2_workspace/install/mecanum_drive_controller/share/mecanum_drive_controller/hook/cmake_prefix_path.dsv'
[2.165s] INFO:colcon.colcon_core.shell:Creating environment hook '/mnt/USB_DISK/ros2_workspace/install/mecanum_drive_controller/share/mecanum_drive_controller/hook/cmake_prefix_path.sh'
[2.168s] Level 1:colcon.colcon_core.environment:checking '/mnt/USB_DISK/ros2_workspace/install/mecanum_drive_controller/lib'
[2.169s] Level 1:colcon.colcon_core.shell:create_environment_hook('mecanum_drive_controller', 'ld_library_path_lib')
[2.170s] INFO:colcon.colcon_core.shell:Creating environment hook '/mnt/USB_DISK/ros2_workspace/install/mecanum_drive_controller/share/mecanum_drive_controller/hook/ld_library_path_lib.ps1'
[2.172s] INFO:colcon.colcon_core.shell:Creating environment descriptor '/mnt/USB_DISK/ros2_workspace/install/mecanum_drive_controller/share/mecanum_drive_controller/hook/ld_library_path_lib.dsv'
[2.175s] INFO:colcon.colcon_core.shell:Creating environment hook '/mnt/USB_DISK/ros2_workspace/install/mecanum_drive_controller/share/mecanum_drive_controller/hook/ld_library_path_lib.sh'
[2.179s] Level 1:colcon.colcon_core.environment:checking '/mnt/USB_DISK/ros2_workspace/install/mecanum_drive_controller/bin'
[2.179s] Level 1:colcon.colcon_core.environment:checking '/mnt/USB_DISK/ros2_workspace/install/mecanum_drive_controller/lib/pkgconfig/mecanum_drive_controller.pc'
[2.180s] Level 1:colcon.colcon_core.environment:checking '/mnt/USB_DISK/ros2_workspace/install/mecanum_drive_controller/lib/python3.10/site-packages'
[2.181s] Level 1:colcon.colcon_core.environment:checking '/mnt/USB_DISK/ros2_workspace/install/mecanum_drive_controller/bin'
[2.183s] INFO:colcon.colcon_core.shell:Creating package script '/mnt/USB_DISK/ros2_workspace/install/mecanum_drive_controller/share/mecanum_drive_controller/package.ps1'
[2.186s] INFO:colcon.colcon_core.shell:Creating package descriptor '/mnt/USB_DISK/ros2_workspace/install/mecanum_drive_controller/share/mecanum_drive_controller/package.dsv'
[2.189s] INFO:colcon.colcon_core.shell:Creating package script '/mnt/USB_DISK/ros2_workspace/install/mecanum_drive_controller/share/mecanum_drive_controller/package.sh'
[2.193s] INFO:colcon.colcon_core.shell:Creating package script '/mnt/USB_DISK/ros2_workspace/install/mecanum_drive_controller/share/mecanum_drive_controller/package.bash'
[2.196s] INFO:colcon.colcon_core.shell:Creating package script '/mnt/USB_DISK/ros2_workspace/install/mecanum_drive_controller/share/mecanum_drive_controller/package.zsh'
[2.199s] Level 1:colcon.colcon_core.environment:create_file_with_runtime_dependencies(/mnt/USB_DISK/ros2_workspace/install/mecanum_drive_controller/share/colcon-core/packages/mecanum_drive_controller)
[2.203s] DEBUG:colcon.colcon_parallel_executor.executor.parallel:closing loop
[2.204s] DEBUG:colcon.colcon_parallel_executor.executor.parallel:loop closed
[2.205s] DEBUG:colcon.colcon_parallel_executor.executor.parallel:run_until_complete finished with '0'
[2.205s] DEBUG:colcon.colcon_core.event_reactor:joining thread
[2.227s] INFO:colcon.colcon_core.plugin_system:Skipping extension 'colcon_notification.desktop_notification.notify_send': Could not find 'notify-send'
[2.228s] INFO:colcon.colcon_core.plugin_system:Skipping extension 'colcon_notification.desktop_notification.terminal_notifier': Not used on non-Darwin systems
[2.228s] INFO:colcon.colcon_core.plugin_system:Skipping extension 'colcon_notification.desktop_notification.win32': Not used on non-Windows systems
[2.228s] INFO:colcon.colcon_notification.desktop_notification:Sending desktop notification using 'notify2'
[2.231s] DEBUG:colcon.colcon_notification.desktop_notification.notify2:Failed to initialize notify2: org.freedesktop.DBus.Error.ServiceUnknown: The name org.freedesktop.Notifications was not provided by any .service files
[2.231s] DEBUG:colcon.colcon_core.event_reactor:joined thread
[2.232s] INFO:colcon.colcon_core.shell:Creating prefix script '/mnt/USB_DISK/ros2_workspace/install/local_setup.ps1'
[2.236s] INFO:colcon.colcon_core.shell:Creating prefix util module '/mnt/USB_DISK/ros2_workspace/install/_local_setup_util_ps1.py'
[2.243s] INFO:colcon.colcon_core.shell:Creating prefix chain script '/mnt/USB_DISK/ros2_workspace/install/setup.ps1'
[2.249s] INFO:colcon.colcon_core.shell:Creating prefix script '/mnt/USB_DISK/ros2_workspace/install/local_setup.sh'
[2.251s] INFO:colcon.colcon_core.shell:Creating prefix util module '/mnt/USB_DISK/ros2_workspace/install/_local_setup_util_sh.py'
[2.254s] INFO:colcon.colcon_core.shell:Creating prefix chain script '/mnt/USB_DISK/ros2_workspace/install/setup.sh'
[2.259s] INFO:colcon.colcon_core.shell:Creating prefix script '/mnt/USB_DISK/ros2_workspace/install/local_setup.bash'
[2.261s] INFO:colcon.colcon_core.shell:Creating prefix chain script '/mnt/USB_DISK/ros2_workspace/install/setup.bash'
[2.266s] INFO:colcon.colcon_core.shell:Creating prefix script '/mnt/USB_DISK/ros2_workspace/install/local_setup.zsh'
[2.268s] INFO:colcon.colcon_core.shell:Creating prefix chain script '/mnt/USB_DISK/ros2_workspace/install/setup.zsh'
