[35m[1mConsolidate compiler generated dependencies of target rplidar_composition[0m
[35m[1mConsolidate compiler generated dependencies of target rplidar_client[0m
[35m[1mConsolidate compiler generated dependencies of target rplidar_node[0m
[  5%] Built target rplidar_client
[ 52%] Built target rplidar_composition
[100%] Built target rplidar_node
-- Install configuration: ""
-- Installing: /home/as33697920/larry_ws/robot/install/rplidar_ros/share/rplidar_ros/launch
-- Installing: /home/as33697920/larry_ws/robot/install/rplidar_ros/share/rplidar_ros/launch/view_rplidar_s2e_launch.py
-- Installing: /home/as33697920/larry_ws/robot/install/rplidar_ros/share/rplidar_ros/launch/view_rplidar_s1_launch.py
-- Installing: /home/as33697920/larry_ws/robot/install/rplidar_ros/share/rplidar_ros/launch/rplidar_a1_launch.py
-- Installing: /home/as33697920/larry_ws/robot/install/rplidar_ros/share/rplidar_ros/launch/rplidar_a2m8_launch.py
-- Installing: /home/as33697920/larry_ws/robot/install/rplidar_ros/share/rplidar_ros/launch/rplidar_c1_launch.py
-- Installing: /home/as33697920/larry_ws/robot/install/rplidar_ros/share/rplidar_ros/launch/view_rplidar_a1_launch.py
-- Installing: /home/as33697920/larry_ws/robot/install/rplidar_ros/share/rplidar_ros/launch/rplidar_s1_launch.py
-- Installing: /home/as33697920/larry_ws/robot/install/rplidar_ros/share/rplidar_ros/launch/view_rplidar_s2_launch.py
-- Installing: /home/as33697920/larry_ws/robot/install/rplidar_ros/share/rplidar_ros/launch/view_rplidar_a3_launch.py
-- Installing: /home/as33697920/larry_ws/robot/install/rplidar_ros/share/rplidar_ros/launch/view_rplidar_s3_launch.py
-- Installing: /home/as33697920/larry_ws/robot/install/rplidar_ros/share/rplidar_ros/launch/view_rplidar_c1_launch.py
-- Installing: /home/as33697920/larry_ws/robot/install/rplidar_ros/share/rplidar_ros/launch/rplidar_s3_launch.py
-- Installing: /home/as33697920/larry_ws/robot/install/rplidar_ros/share/rplidar_ros/launch/rplidar_s1_tcp_launch.py
-- Installing: /home/as33697920/larry_ws/robot/install/rplidar_ros/share/rplidar_ros/launch/rplidar_s2e_launch.py
-- Installing: /home/as33697920/larry_ws/robot/install/rplidar_ros/share/rplidar_ros/launch/rplidar_s2_launch.py
-- Installing: /home/as33697920/larry_ws/robot/install/rplidar_ros/share/rplidar_ros/launch/view_rplidar_a2m12_launch.py
-- Installing: /home/as33697920/larry_ws/robot/install/rplidar_ros/share/rplidar_ros/launch/rplidar_a2m7_launch.py
-- Installing: /home/as33697920/larry_ws/robot/install/rplidar_ros/share/rplidar_ros/launch/view_rplidar_a2m7_launch.py
-- Installing: /home/as33697920/larry_ws/robot/install/rplidar_ros/share/rplidar_ros/launch/view_rplidar_t1_launch.py
-- Installing: /home/as33697920/larry_ws/robot/install/rplidar_ros/share/rplidar_ros/launch/rplidar_a2m12_launch.py
-- Installing: /home/as33697920/larry_ws/robot/install/rplidar_ros/share/rplidar_ros/launch/view_rplidar_a2m8_launch.py
-- Installing: /home/as33697920/larry_ws/robot/install/rplidar_ros/share/rplidar_ros/launch/rplidar_a3_launch.py
-- Installing: /home/as33697920/larry_ws/robot/install/rplidar_ros/share/rplidar_ros/launch/view_rplidar_s1_tcp_launch.py
-- Installing: /home/as33697920/larry_ws/robot/install/rplidar_ros/share/rplidar_ros/launch/rplidar_t1_launch.py
-- Installing: /home/as33697920/larry_ws/robot/install/rplidar_ros/share/rplidar_ros/rviz
-- Installing: /home/as33697920/larry_ws/robot/install/rplidar_ros/share/rplidar_ros/rviz/rplidar_ros.rviz
-- Installing: /home/as33697920/larry_ws/robot/install/rplidar_ros/lib/rplidar_ros/rplidar_node
-- Set runtime path of "/home/as33697920/larry_ws/robot/install/rplidar_ros/lib/rplidar_ros/rplidar_node" to ""
-- Installing: /home/as33697920/larry_ws/robot/install/rplidar_ros/lib/rplidar_ros/rplidar_composition
-- Set runtime path of "/home/as33697920/larry_ws/robot/install/rplidar_ros/lib/rplidar_ros/rplidar_composition" to ""
-- Installing: /home/as33697920/larry_ws/robot/install/rplidar_ros/lib/rplidar_ros/rplidar_client
-- Set runtime path of "/home/as33697920/larry_ws/robot/install/rplidar_ros/lib/rplidar_ros/rplidar_client" to ""
-- Installing: /home/as33697920/larry_ws/robot/install/rplidar_ros/share/ament_index/resource_index/package_run_dependencies/rplidar_ros
-- Installing: /home/as33697920/larry_ws/robot/install/rplidar_ros/share/ament_index/resource_index/parent_prefix_path/rplidar_ros
-- Installing: /home/as33697920/larry_ws/robot/install/rplidar_ros/share/rplidar_ros/environment/ament_prefix_path.sh
-- Installing: /home/as33697920/larry_ws/robot/install/rplidar_ros/share/rplidar_ros/environment/ament_prefix_path.dsv
-- Installing: /home/as33697920/larry_ws/robot/install/rplidar_ros/share/rplidar_ros/environment/path.sh
-- Installing: /home/as33697920/larry_ws/robot/install/rplidar_ros/share/rplidar_ros/environment/path.dsv
-- Installing: /home/as33697920/larry_ws/robot/install/rplidar_ros/share/rplidar_ros/local_setup.bash
-- Installing: /home/as33697920/larry_ws/robot/install/rplidar_ros/share/rplidar_ros/local_setup.sh
-- Installing: /home/as33697920/larry_ws/robot/install/rplidar_ros/share/rplidar_ros/local_setup.zsh
-- Installing: /home/as33697920/larry_ws/robot/install/rplidar_ros/share/rplidar_ros/local_setup.dsv
-- Installing: /home/as33697920/larry_ws/robot/install/rplidar_ros/share/rplidar_ros/package.dsv
-- Installing: /home/as33697920/larry_ws/robot/install/rplidar_ros/share/ament_index/resource_index/packages/rplidar_ros
-- Installing: /home/as33697920/larry_ws/robot/install/rplidar_ros/share/rplidar_ros/cmake/ament_cmake_export_dependencies-extras.cmake
-- Installing: /home/as33697920/larry_ws/robot/install/rplidar_ros/share/rplidar_ros/cmake/ament_cmake_export_include_directories-extras.cmake
-- Installing: /home/as33697920/larry_ws/robot/install/rplidar_ros/share/rplidar_ros/cmake/rplidar_rosConfig.cmake
-- Installing: /home/as33697920/larry_ws/robot/install/rplidar_ros/share/rplidar_ros/cmake/rplidar_rosConfig-version.cmake
-- Installing: /home/as33697920/larry_ws/robot/install/rplidar_ros/share/rplidar_ros/package.xml
