[0.078s] Invoking command in '/mnt/USB_DISK/ros2_workspace/build/my_robot': CMAKE_PREFIX_PATH=${CMAKE_PREFIX_PATH}:/opt/ros/humble /usr/bin/cmake --build /mnt/USB_DISK/ros2_workspace/build/my_robot -- -j4 -l4
[0.299s] Invoked command in '/mnt/USB_DISK/ros2_workspace/build/my_robot' returned '0': CMAKE_PREFIX_PATH=${CMAKE_PREFIX_PATH}:/opt/ros/humble /usr/bin/cmake --build /mnt/USB_DISK/ros2_workspace/build/my_robot -- -j4 -l4
[0.362s] Invoking command in '/mnt/USB_DISK/ros2_workspace/build/my_robot': CMAKE_PREFIX_PATH=${CMAKE_PREFIX_PATH}:/opt/ros/humble /usr/bin/cmake --install /mnt/USB_DISK/ros2_workspace/build/my_robot
[0.418s] -- Install configuration: ""
[0.419s] -- Up-to-date: /mnt/USB_DISK/ros2_workspace/install/my_robot/share/my_robot/launch
[0.420s] -- Up-to-date: /mnt/USB_DISK/ros2_workspace/install/my_robot/share/my_robot/launch/keyboard.launch.py
[0.420s] -- Up-to-date: /mnt/USB_DISK/ros2_workspace/install/my_robot/share/my_robot/launch/rsp.launch.py
[0.420s] -- Up-to-date: /mnt/USB_DISK/ros2_workspace/install/my_robot/share/my_robot/launch/log
[0.421s] -- Up-to-date: /mnt/USB_DISK/ros2_workspace/install/my_robot/share/my_robot/launch/log/latest_build
[0.421s] -- Up-to-date: /mnt/USB_DISK/ros2_workspace/install/my_robot/share/my_robot/launch/log/latest
[0.422s] -- Up-to-date: /mnt/USB_DISK/ros2_workspace/install/my_robot/share/my_robot/launch/log/build_2025-04-29_03-51-39
[0.422s] -- Up-to-date: /mnt/USB_DISK/ros2_workspace/install/my_robot/share/my_robot/launch/log/build_2025-04-29_03-51-39/events.log
[0.422s] -- Up-to-date: /mnt/USB_DISK/ros2_workspace/install/my_robot/share/my_robot/launch/log/build_2025-04-29_03-51-39/logger_all.log
[0.423s] -- Up-to-date: /mnt/USB_DISK/ros2_workspace/install/my_robot/share/my_robot/launch/log/COLCON_IGNORE
[0.423s] -- Up-to-date: /mnt/USB_DISK/ros2_workspace/install/my_robot/share/my_robot/launch/__pycache__
[0.425s] -- Up-to-date: /mnt/USB_DISK/ros2_workspace/install/my_robot/share/my_robot/launch/__pycache__/serial.cpython-310.pyc
[0.426s] -- Up-to-date: /mnt/USB_DISK/ros2_workspace/install/my_robot/share/my_robot/launch/launch_sim.launch.py
[0.427s] -- Up-to-date: /mnt/USB_DISK/ros2_workspace/install/my_robot/share/my_robot/launch/move.launch.py
[0.428s] -- Up-to-date: /mnt/USB_DISK/ros2_workspace/install/my_robot/share/my_robot/launch/camera.launch.py
[0.428s] -- Up-to-date: /mnt/USB_DISK/ros2_workspace/install/my_robot/share/my_robot/launch/rplidar.launch.py
[0.429s] -- Up-to-date: /mnt/USB_DISK/ros2_workspace/install/my_robot/share/my_robot/config
[0.431s] -- Up-to-date: /mnt/USB_DISK/ros2_workspace/install/my_robot/share/my_robot/config/gazebo_params.yaml
[0.433s] -- Up-to-date: /mnt/USB_DISK/ros2_workspace/install/my_robot/share/my_robot/config/laser_filter.yaml
[0.437s] -- Up-to-date: /mnt/USB_DISK/ros2_workspace/install/my_robot/share/my_robot/config/mecanum_controller.yaml
[0.438s] -- Up-to-date: /mnt/USB_DISK/ros2_workspace/install/my_robot/share/my_robot/description
[0.452s] -- Up-to-date: /mnt/USB_DISK/ros2_workspace/install/my_robot/share/my_robot/description/mecanum_base.xacro
[0.452s] -- Up-to-date: /mnt/USB_DISK/ros2_workspace/install/my_robot/share/my_robot/description/camera.xacro
[0.453s] -- Up-to-date: /mnt/USB_DISK/ros2_workspace/install/my_robot/share/my_robot/description/ros2_control.xacro
[0.453s] -- Up-to-date: /mnt/USB_DISK/ros2_workspace/install/my_robot/share/my_robot/description/robot.urdf.xacro
[0.454s] -- Up-to-date: /mnt/USB_DISK/ros2_workspace/install/my_robot/share/my_robot/description/lidar.xacro
[0.454s] -- Up-to-date: /mnt/USB_DISK/ros2_workspace/install/my_robot/share/my_robot/description/gazebo_control.xacro
[0.454s] -- Up-to-date: /mnt/USB_DISK/ros2_workspace/install/my_robot/share/my_robot/description/mecanum_wheel_inertial.xacro
[0.455s] -- Up-to-date: /mnt/USB_DISK/ros2_workspace/install/my_robot/lib/my_robot/move.py
[0.455s] -- Up-to-date: /mnt/USB_DISK/ros2_workspace/install/my_robot/lib/my_robot/serial_comm.py
[0.456s] -- Up-to-date: /mnt/USB_DISK/ros2_workspace/install/my_robot/lib/my_robot/keyboard.py
[0.456s] -- Up-to-date: /mnt/USB_DISK/ros2_workspace/install/my_robot/lib/my_robot/camera.py
[0.457s] -- Up-to-date: /mnt/USB_DISK/ros2_workspace/install/my_robot/lib/my_robot/yolorun.py
[0.457s] -- Installing: /mnt/USB_DISK/ros2_workspace/install/my_robot/lib/my_robot/rplidar.py
[0.457s] -- Up-to-date: /mnt/USB_DISK/ros2_workspace/install/my_robot/share/ament_index/resource_index/package_run_dependencies/my_robot
[0.458s] -- Up-to-date: /mnt/USB_DISK/ros2_workspace/install/my_robot/share/ament_index/resource_index/parent_prefix_path/my_robot
[0.458s] -- Up-to-date: /mnt/USB_DISK/ros2_workspace/install/my_robot/share/my_robot/environment/ament_prefix_path.sh
[0.458s] -- Up-to-date: /mnt/USB_DISK/ros2_workspace/install/my_robot/share/my_robot/environment/ament_prefix_path.dsv
[0.459s] -- Up-to-date: /mnt/USB_DISK/ros2_workspace/install/my_robot/share/my_robot/environment/path.sh
[0.476s] -- Up-to-date: /mnt/USB_DISK/ros2_workspace/install/my_robot/share/my_robot/environment/path.dsv
[0.481s] -- Up-to-date: /mnt/USB_DISK/ros2_workspace/install/my_robot/share/my_robot/local_setup.bash
[0.482s] -- Up-to-date: /mnt/USB_DISK/ros2_workspace/install/my_robot/share/my_robot/local_setup.sh
[0.483s] -- Up-to-date: /mnt/USB_DISK/ros2_workspace/install/my_robot/share/my_robot/local_setup.zsh
[0.487s] -- Up-to-date: /mnt/USB_DISK/ros2_workspace/install/my_robot/share/my_robot/local_setup.dsv
[0.488s] -- Up-to-date: /mnt/USB_DISK/ros2_workspace/install/my_robot/share/my_robot/package.dsv
[0.489s] -- Up-to-date: /mnt/USB_DISK/ros2_workspace/install/my_robot/share/ament_index/resource_index/packages/my_robot
[0.489s] -- Up-to-date: /mnt/USB_DISK/ros2_workspace/install/my_robot/share/my_robot/cmake/my_robotConfig.cmake
[0.490s] -- Up-to-date: /mnt/USB_DISK/ros2_workspace/install/my_robot/share/my_robot/cmake/my_robotConfig-version.cmake
[0.490s] -- Up-to-date: /mnt/USB_DISK/ros2_workspace/install/my_robot/share/my_robot/package.xml
[0.491s] Invoked command in '/mnt/USB_DISK/ros2_workspace/build/my_robot' returned '0': CMAKE_PREFIX_PATH=${CMAKE_PREFIX_PATH}:/opt/ros/humble /usr/bin/cmake --install /mnt/USB_DISK/ros2_workspace/build/my_robot
