[0.059s] Invoking command in '/mnt/USB_DISK/ros2_workspace/build/my_robot': CMAKE_PREFIX_PATH=${CMAKE_PREFIX_PATH}:/opt/ros/humble /usr/bin/cmake --build /mnt/USB_DISK/ros2_workspace/build/my_robot -- -j4 -l4
[0.191s] -- Found ament_cmake: 1.3.11 (/opt/ros/humble/share/ament_cmake/cmake)
[0.922s] -- Found rclcpp: 16.0.12 (/opt/ros/humble/share/rclcpp/cmake)
[1.108s] -- Found rosidl_generator_c: 3.1.6 (/opt/ros/humble/share/rosidl_generator_c/cmake)
[1.123s] -- Found rosidl_adapter: 3.1.6 (/opt/ros/humble/share/rosidl_adapter/cmake)
[1.157s] -- Found rosidl_generator_cpp: 3.1.6 (/opt/ros/humble/share/rosidl_generator_cpp/cmake)
[1.221s] -- Using all available rosidl_typesupport_c: rosidl_typesupport_fastrtps_c;rosidl_typesupport_introspection_c
[1.285s] -- Using all available rosidl_typesupport_cpp: rosidl_typesupport_fastrtps_cpp;rosidl_typesupport_introspection_cpp
[1.460s] -- Found rmw_implementation_cmake: 6.1.2 (/opt/ros/humble/share/rmw_implementation_cmake/cmake)
[1.470s] -- Found rmw_fastrtps_cpp: 6.2.7 (/opt/ros/humble/share/rmw_fastrtps_cpp/cmake)
[2.012s] -- Using RMW implementation 'rmw_fastrtps_cpp' as default
[2.259s] -- Found urdf: 2.6.1 (/opt/ros/humble/share/urdf/cmake)
[2.393s] -- Found xacro: 2.0.13 (/opt/ros/humble/share/xacro/cmake)
[2.396s] -- Found controller_manager: 2.49.0 (/opt/ros/humble/share/controller_manager/cmake)
[3.124s] -- Found ament_lint_auto: 0.12.12 (/opt/ros/humble/share/ament_lint_auto/cmake)
[3.435s] [31mCMake Error at CMakeLists.txt:33 (install):
[3.435s]   install PROGRAMS given RENAME option with more than one file.
[3.436s] 
[3.436s] [0m
[3.476s] -- Added test 'copyright' to check source files copyright and LICENSE
[3.528s] -- Added test 'flake8' to check Python code syntax and style conventions
[3.535s] -- Added test 'lint_cmake' to check CMake code style
[3.539s] -- Added test 'pep257' to check Python code against some of the docstring style conventions in PEP 257
[3.566s] -- Added test 'xmllint' to check XML markup files
[3.578s] -- Configuring incomplete, errors occurred!
[3.578s] See also "/mnt/USB_DISK/ros2_workspace/build/my_robot/CMakeFiles/CMakeOutput.log".
[3.610s] gmake: *** [Makefile:226: cmake_check_build_system] Error 1
[3.616s] Invoked command in '/mnt/USB_DISK/ros2_workspace/build/my_robot' returned '2': CMAKE_PREFIX_PATH=${CMAKE_PREFIX_PATH}:/opt/ros/humble /usr/bin/cmake --build /mnt/USB_DISK/ros2_workspace/build/my_robot -- -j4 -l4
