[0.077s] Invoking command in '/mnt/USB_DISK/ros2_workspace/build/rplidar_ros': CMAKE_PREFIX_PATH=${CMAKE_PREFIX_PATH}:/opt/ros/humble /usr/bin/cmake --build /mnt/USB_DISK/ros2_workspace/build/rplidar_ros -- -j4 -l4
[0.496s] [  5%] Built target rplidar_client
[0.500s] [ 52%] Built target rplidar_node
[0.508s] [100%] Built target rplidar_composition
[0.611s] Invoked command in '/mnt/USB_DISK/ros2_workspace/build/rplidar_ros' returned '0': CMAKE_PREFIX_PATH=${CMAKE_PREFIX_PATH}:/opt/ros/humble /usr/bin/cmake --build /mnt/USB_DISK/ros2_workspace/build/rplidar_ros -- -j4 -l4
[0.622s] Invoking command in '/mnt/USB_DISK/ros2_workspace/build/rplidar_ros': CMAKE_PREFIX_PATH=${CMAKE_PREFIX_PATH}:/opt/ros/humble /usr/bin/cmake --install /mnt/USB_DISK/ros2_workspace/build/rplidar_ros
[0.650s] -- Install configuration: ""
[0.651s] -- Up-to-date: /mnt/USB_DISK/ros2_workspace/install/rplidar_ros/share/rplidar_ros/launch
[0.652s] -- Up-to-date: /mnt/USB_DISK/ros2_workspace/install/rplidar_ros/share/rplidar_ros/launch/view_rplidar_s2e_launch.py
[0.653s] -- Up-to-date: /mnt/USB_DISK/ros2_workspace/install/rplidar_ros/share/rplidar_ros/launch/view_rplidar_s1_launch.py
[0.654s] -- Up-to-date: /mnt/USB_DISK/ros2_workspace/install/rplidar_ros/share/rplidar_ros/launch/rplidar_a1_launch.py
[0.655s] -- Up-to-date: /mnt/USB_DISK/ros2_workspace/install/rplidar_ros/share/rplidar_ros/launch/rplidar_a2m8_launch.py
[0.655s] -- Up-to-date: /mnt/USB_DISK/ros2_workspace/install/rplidar_ros/share/rplidar_ros/launch/rplidar_c1_launch.py
[0.656s] -- Up-to-date: /mnt/USB_DISK/ros2_workspace/install/rplidar_ros/share/rplidar_ros/launch/view_rplidar_a1_launch.py
[0.657s] -- Up-to-date: /mnt/USB_DISK/ros2_workspace/install/rplidar_ros/share/rplidar_ros/launch/rplidar_s1_launch.py
[0.659s] -- Up-to-date: /mnt/USB_DISK/ros2_workspace/install/rplidar_ros/share/rplidar_ros/launch/view_rplidar_s2_launch.py
[0.659s] -- Up-to-date: /mnt/USB_DISK/ros2_workspace/install/rplidar_ros/share/rplidar_ros/launch/view_rplidar_a3_launch.py
[0.661s] -- Up-to-date: /mnt/USB_DISK/ros2_workspace/install/rplidar_ros/share/rplidar_ros/launch/view_rplidar_s3_launch.py
[0.662s] -- Up-to-date: /mnt/USB_DISK/ros2_workspace/install/rplidar_ros/share/rplidar_ros/launch/view_rplidar_c1_launch.py
[0.663s] -- Up-to-date: /mnt/USB_DISK/ros2_workspace/install/rplidar_ros/share/rplidar_ros/launch/rplidar_s3_launch.py
[0.664s] -- Up-to-date: /mnt/USB_DISK/ros2_workspace/install/rplidar_ros/share/rplidar_ros/launch/rplidar_s1_tcp_launch.py
[0.665s] -- Up-to-date: /mnt/USB_DISK/ros2_workspace/install/rplidar_ros/share/rplidar_ros/launch/rplidar_s2e_launch.py
[0.666s] -- Up-to-date: /mnt/USB_DISK/ros2_workspace/install/rplidar_ros/share/rplidar_ros/launch/rplidar_s2_launch.py
[0.667s] -- Up-to-date: /mnt/USB_DISK/ros2_workspace/install/rplidar_ros/share/rplidar_ros/launch/view_rplidar_a2m12_launch.py
[0.668s] -- Up-to-date: /mnt/USB_DISK/ros2_workspace/install/rplidar_ros/share/rplidar_ros/launch/rplidar_a2m7_launch.py
[0.668s] -- Up-to-date: /mnt/USB_DISK/ros2_workspace/install/rplidar_ros/share/rplidar_ros/launch/view_rplidar_a2m7_launch.py
[0.670s] -- Up-to-date: /mnt/USB_DISK/ros2_workspace/install/rplidar_ros/share/rplidar_ros/launch/view_rplidar_t1_launch.py
[0.670s] -- Up-to-date: /mnt/USB_DISK/ros2_workspace/install/rplidar_ros/share/rplidar_ros/launch/rplidar_a2m12_launch.py
[0.671s] -- Up-to-date: /mnt/USB_DISK/ros2_workspace/install/rplidar_ros/share/rplidar_ros/launch/view_rplidar_a2m8_launch.py
[0.672s] -- Up-to-date: /mnt/USB_DISK/ros2_workspace/install/rplidar_ros/share/rplidar_ros/launch/rplidar_a3_launch.py
[0.674s] -- Up-to-date: /mnt/USB_DISK/ros2_workspace/install/rplidar_ros/share/rplidar_ros/launch/view_rplidar_s1_tcp_launch.py
[0.675s] -- Up-to-date: /mnt/USB_DISK/ros2_workspace/install/rplidar_ros/share/rplidar_ros/launch/rplidar_t1_launch.py
[0.681s] -- Up-to-date: /mnt/USB_DISK/ros2_workspace/install/rplidar_ros/share/rplidar_ros/rviz
[0.682s] -- Up-to-date: /mnt/USB_DISK/ros2_workspace/install/rplidar_ros/share/rplidar_ros/rviz/rplidar_ros.rviz
[0.683s] -- Up-to-date: /mnt/USB_DISK/ros2_workspace/install/rplidar_ros/lib/rplidar_ros/rplidar_node
[0.688s] -- Up-to-date: /mnt/USB_DISK/ros2_workspace/install/rplidar_ros/lib/rplidar_ros/rplidar_composition
[0.691s] -- Up-to-date: /mnt/USB_DISK/ros2_workspace/install/rplidar_ros/lib/rplidar_ros/rplidar_client
[0.693s] -- Up-to-date: /mnt/USB_DISK/ros2_workspace/install/rplidar_ros/share/ament_index/resource_index/package_run_dependencies/rplidar_ros
[0.695s] -- Up-to-date: /mnt/USB_DISK/ros2_workspace/install/rplidar_ros/share/ament_index/resource_index/parent_prefix_path/rplidar_ros
[0.696s] -- Up-to-date: /mnt/USB_DISK/ros2_workspace/install/rplidar_ros/share/rplidar_ros/environment/ament_prefix_path.sh
[0.698s] -- Up-to-date: /mnt/USB_DISK/ros2_workspace/install/rplidar_ros/share/rplidar_ros/environment/ament_prefix_path.dsv
[0.699s] -- Up-to-date: /mnt/USB_DISK/ros2_workspace/install/rplidar_ros/share/rplidar_ros/environment/path.sh
[0.699s] -- Up-to-date: /mnt/USB_DISK/ros2_workspace/install/rplidar_ros/share/rplidar_ros/environment/path.dsv
[0.700s] -- Up-to-date: /mnt/USB_DISK/ros2_workspace/install/rplidar_ros/share/rplidar_ros/local_setup.bash
[0.700s] -- Up-to-date: /mnt/USB_DISK/ros2_workspace/install/rplidar_ros/share/rplidar_ros/local_setup.sh
[0.701s] -- Up-to-date: /mnt/USB_DISK/ros2_workspace/install/rplidar_ros/share/rplidar_ros/local_setup.zsh
[0.701s] -- Up-to-date: /mnt/USB_DISK/ros2_workspace/install/rplidar_ros/share/rplidar_ros/local_setup.dsv
[0.703s] -- Installing: /mnt/USB_DISK/ros2_workspace/install/rplidar_ros/share/rplidar_ros/package.dsv
[0.704s] -- Up-to-date: /mnt/USB_DISK/ros2_workspace/install/rplidar_ros/share/ament_index/resource_index/packages/rplidar_ros
[0.708s] -- Up-to-date: /mnt/USB_DISK/ros2_workspace/install/rplidar_ros/share/rplidar_ros/cmake/ament_cmake_export_dependencies-extras.cmake
[0.709s] -- Up-to-date: /mnt/USB_DISK/ros2_workspace/install/rplidar_ros/share/rplidar_ros/cmake/ament_cmake_export_include_directories-extras.cmake
[0.710s] -- Up-to-date: /mnt/USB_DISK/ros2_workspace/install/rplidar_ros/share/rplidar_ros/cmake/rplidar_rosConfig.cmake
[0.711s] -- Up-to-date: /mnt/USB_DISK/ros2_workspace/install/rplidar_ros/share/rplidar_ros/cmake/rplidar_rosConfig-version.cmake
[0.712s] -- Up-to-date: /mnt/USB_DISK/ros2_workspace/install/rplidar_ros/share/rplidar_ros/package.xml
[0.712s] Invoked command in '/mnt/USB_DISK/ros2_workspace/build/rplidar_ros' returned '0': CMAKE_PREFIX_PATH=${CMAKE_PREFIX_PATH}:/opt/ros/humble /usr/bin/cmake --install /mnt/USB_DISK/ros2_workspace/build/rplidar_ros
