[0.074s] Invoking command in '/mnt/USB_DISK/ros2_workspace/build/my_robot': CMAKE_PREFIX_PATH=${CMAKE_PREFIX_PATH}:/opt/ros/humble /usr/bin/cmake --build /mnt/USB_DISK/ros2_workspace/build/my_robot -- -j4 -l4
[0.274s] Invoked command in '/mnt/USB_DISK/ros2_workspace/build/my_robot' returned '0': CMAKE_PREFIX_PATH=${CMAKE_PREFIX_PATH}:/opt/ros/humble /usr/bin/cmake --build /mnt/USB_DISK/ros2_workspace/build/my_robot -- -j4 -l4
[0.331s] Invoking command in '/mnt/USB_DISK/ros2_workspace/build/my_robot': CMAKE_PREFIX_PATH=${CMAKE_PREFIX_PATH}:/opt/ros/humble /usr/bin/cmake --install /mnt/USB_DISK/ros2_workspace/build/my_robot
[0.382s] -- Install configuration: ""
[0.386s] -- Up-to-date: /mnt/USB_DISK/ros2_workspace/install/my_robot/share/my_robot/launch
[0.388s] -- Up-to-date: /mnt/USB_DISK/ros2_workspace/install/my_robot/share/my_robot/launch/keyboard.launch.py
[0.391s] -- Up-to-date: /mnt/USB_DISK/ros2_workspace/install/my_robot/share/my_robot/launch/rsp.launch.py
[0.394s] -- Up-to-date: /mnt/USB_DISK/ros2_workspace/install/my_robot/share/my_robot/launch/log
[0.396s] -- Up-to-date: /mnt/USB_DISK/ros2_workspace/install/my_robot/share/my_robot/launch/log/latest_build
[0.397s] -- Up-to-date: /mnt/USB_DISK/ros2_workspace/install/my_robot/share/my_robot/launch/log/latest
[0.397s] -- Up-to-date: /mnt/USB_DISK/ros2_workspace/install/my_robot/share/my_robot/launch/log/build_2025-04-29_03-51-39
[0.398s] -- Up-to-date: /mnt/USB_DISK/ros2_workspace/install/my_robot/share/my_robot/launch/log/build_2025-04-29_03-51-39/events.log
[0.399s] -- Up-to-date: /mnt/USB_DISK/ros2_workspace/install/my_robot/share/my_robot/launch/log/build_2025-04-29_03-51-39/logger_all.log
[0.400s] -- Up-to-date: /mnt/USB_DISK/ros2_workspace/install/my_robot/share/my_robot/launch/log/COLCON_IGNORE
[0.400s] -- Up-to-date: /mnt/USB_DISK/ros2_workspace/install/my_robot/share/my_robot/launch/__pycache__
[0.401s] -- Up-to-date: /mnt/USB_DISK/ros2_workspace/install/my_robot/share/my_robot/launch/__pycache__/serial.cpython-310.pyc
[0.402s] -- Up-to-date: /mnt/USB_DISK/ros2_workspace/install/my_robot/share/my_robot/launch/launch_sim.launch.py
[0.403s] -- Up-to-date: /mnt/USB_DISK/ros2_workspace/install/my_robot/share/my_robot/launch/move.launch.py
[0.433s] -- Up-to-date: /mnt/USB_DISK/ros2_workspace/install/my_robot/share/my_robot/launch/camera.launch.py
[0.441s] -- Up-to-date: /mnt/USB_DISK/ros2_workspace/install/my_robot/share/my_robot/launch/rplidar.launch.py
[0.444s] -- Up-to-date: /mnt/USB_DISK/ros2_workspace/install/my_robot/share/my_robot/config
[0.446s] -- Up-to-date: /mnt/USB_DISK/ros2_workspace/install/my_robot/share/my_robot/config/gazebo_params.yaml
[0.452s] -- Up-to-date: /mnt/USB_DISK/ros2_workspace/install/my_robot/share/my_robot/config/rplidar_filter.yaml
[0.454s] -- Up-to-date: /mnt/USB_DISK/ros2_workspace/install/my_robot/share/my_robot/config/laser_filter.yaml
[0.456s] -- Up-to-date: /mnt/USB_DISK/ros2_workspace/install/my_robot/share/my_robot/config/mecanum_controller.yaml
[0.458s] -- Up-to-date: /mnt/USB_DISK/ros2_workspace/install/my_robot/share/my_robot/description
[0.465s] -- Up-to-date: /mnt/USB_DISK/ros2_workspace/install/my_robot/share/my_robot/description/mecanum_base.xacro
[0.467s] -- Up-to-date: /mnt/USB_DISK/ros2_workspace/install/my_robot/share/my_robot/description/camera.xacro
[0.470s] -- Up-to-date: /mnt/USB_DISK/ros2_workspace/install/my_robot/share/my_robot/description/ros2_control.xacro
[0.475s] -- Up-to-date: /mnt/USB_DISK/ros2_workspace/install/my_robot/share/my_robot/description/robot.urdf.xacro
[0.482s] -- Up-to-date: /mnt/USB_DISK/ros2_workspace/install/my_robot/share/my_robot/description/lidar.xacro
[0.486s] -- Up-to-date: /mnt/USB_DISK/ros2_workspace/install/my_robot/share/my_robot/description/gazebo_control.xacro
[0.492s] -- Up-to-date: /mnt/USB_DISK/ros2_workspace/install/my_robot/share/my_robot/description/mecanum_wheel_inertial.xacro
[0.495s] -- Up-to-date: /mnt/USB_DISK/ros2_workspace/install/my_robot/lib/my_robot/move.py
[0.500s] -- Up-to-date: /mnt/USB_DISK/ros2_workspace/install/my_robot/lib/my_robot/serial_comm.py
[0.506s] -- Up-to-date: /mnt/USB_DISK/ros2_workspace/install/my_robot/lib/my_robot/keyboard.py
[0.510s] -- Up-to-date: /mnt/USB_DISK/ros2_workspace/install/my_robot/lib/my_robot/camera.py
[0.512s] -- Up-to-date: /mnt/USB_DISK/ros2_workspace/install/my_robot/lib/my_robot/yolorun.py
[0.513s] -- Up-to-date: /mnt/USB_DISK/ros2_workspace/install/my_robot/lib/my_robot/rplidar.py
[0.513s] -- Up-to-date: /mnt/USB_DISK/ros2_workspace/install/my_robot/share/ament_index/resource_index/package_run_dependencies/my_robot
[0.513s] -- Up-to-date: /mnt/USB_DISK/ros2_workspace/install/my_robot/share/ament_index/resource_index/parent_prefix_path/my_robot
[0.514s] -- Up-to-date: /mnt/USB_DISK/ros2_workspace/install/my_robot/share/my_robot/environment/ament_prefix_path.sh
[0.514s] -- Up-to-date: /mnt/USB_DISK/ros2_workspace/install/my_robot/share/my_robot/environment/ament_prefix_path.dsv
[0.515s] -- Up-to-date: /mnt/USB_DISK/ros2_workspace/install/my_robot/share/my_robot/environment/path.sh
[0.515s] -- Up-to-date: /mnt/USB_DISK/ros2_workspace/install/my_robot/share/my_robot/environment/path.dsv
[0.517s] -- Up-to-date: /mnt/USB_DISK/ros2_workspace/install/my_robot/share/my_robot/local_setup.bash
[0.517s] -- Up-to-date: /mnt/USB_DISK/ros2_workspace/install/my_robot/share/my_robot/local_setup.sh
[0.518s] -- Up-to-date: /mnt/USB_DISK/ros2_workspace/install/my_robot/share/my_robot/local_setup.zsh
[0.518s] -- Up-to-date: /mnt/USB_DISK/ros2_workspace/install/my_robot/share/my_robot/local_setup.dsv
[0.519s] -- Installing: /mnt/USB_DISK/ros2_workspace/install/my_robot/share/my_robot/package.dsv
[0.519s] -- Up-to-date: /mnt/USB_DISK/ros2_workspace/install/my_robot/share/ament_index/resource_index/packages/my_robot
[0.519s] -- Up-to-date: /mnt/USB_DISK/ros2_workspace/install/my_robot/share/my_robot/cmake/my_robotConfig.cmake
[0.520s] -- Up-to-date: /mnt/USB_DISK/ros2_workspace/install/my_robot/share/my_robot/cmake/my_robotConfig-version.cmake
[0.520s] -- Up-to-date: /mnt/USB_DISK/ros2_workspace/install/my_robot/share/my_robot/package.xml
[0.521s] Invoked command in '/mnt/USB_DISK/ros2_workspace/build/my_robot' returned '0': CMAKE_PREFIX_PATH=${CMAKE_PREFIX_PATH}:/opt/ros/humble /usr/bin/cmake --install /mnt/USB_DISK/ros2_workspace/build/my_robot
