[0.092s] Invoking command in '/home/as33697920/larry_ws/robot/build/mecanum_drive_controller': CMAKE_PREFIX_PATH=${CMAKE_PREFIX_PATH}:/opt/ros/humble /usr/bin/cmake /home/as33697920/larry_ws/robot/src/waterbot/mecanum_drive_controller -DCMAKE_INSTALL_PREFIX=/home/as33697920/larry_ws/robot/install/mecanum_drive_controller
[0.530s] -- The CXX compiler identification is GNU 11.4.0
[0.575s] -- Detecting CXX compiler ABI info
[1.163s] -- Detecting CXX compiler ABI info - done
[1.192s] -- Check for working CXX compiler: /usr/bin/c++ - skipped
[1.197s] -- Detecting CXX compile features
[1.202s] -- Detecting CXX compile features - done
[1.246s] -- Found ament_cmake: 1.3.11 (/opt/ros/humble/share/ament_cmake/cmake)
[2.166s] -- Found Python3: /usr/bin/python3 (found version "3.10.12") found components: Interpreter 
[4.473s] [31mCMake Error at CMakeLists.txt:25 (find_package):
[4.473s]   By not providing "Findbackward_ros.cmake" in CMAKE_MODULE_PATH this project
[4.474s]   has asked CMake to find a package configuration file provided by
[4.474s]   "backward_ros", but CMake did not find one.
[4.475s] 
[4.476s]   Could not find a package configuration file provided by "backward_ros" with
[4.476s]   any of the following names:
[4.477s] 
[4.478s]     backward_rosConfig.cmake
[4.479s]     backward_ros-config.cmake
[4.494s] 
[4.494s]   Add the installation prefix of "backward_ros" to CMAKE_PREFIX_PATH or set
[4.495s]   "backward_ros_DIR" to a directory containing one of the above files.  If
[4.495s]   "backward_ros" provides a separate development package or SDK, be sure it
[4.496s]   has been installed.
[4.496s] 
[4.496s] [0m
[4.497s] -- Configuring incomplete, errors occurred!
[4.497s] See also "/home/as33697920/larry_ws/robot/build/mecanum_drive_controller/CMakeFiles/CMakeOutput.log".
[4.498s] Invoked command in '/home/as33697920/larry_ws/robot/build/mecanum_drive_controller' returned '1': CMAKE_PREFIX_PATH=${CMAKE_PREFIX_PATH}:/opt/ros/humble /usr/bin/cmake /home/as33697920/larry_ws/robot/src/waterbot/mecanum_drive_controller -DCMAKE_INSTALL_PREFIX=/home/as33697920/larry_ws/robot/install/mecanum_drive_controller
