[0.094s] Invoking command in '/mnt/USB_DISK/ros2_workspace/build/mecanum_drive_controller': CMAKE_PREFIX_PATH=/opt/ros/humble /usr/bin/cmake --build /mnt/USB_DISK/ros2_workspace/build/mecanum_drive_controller -- -j4 -l4
[0.492s] [ 12%] Built target mecanum_drive_controller_parameters
[0.582s] [ 25%] Built target gmock_main
[0.589s] [ 43%] Built target gmock
[0.795s] [ 62%] Built target mecanum_drive_controller
[0.803s] [ 75%] Built target test_load_mecanum_drive_controller
[0.959s] [ 87%] Built target test_mecanum_drive_controller
[1.011s] [100%] Built target test_mecanum_drive_controller_preceeding
[1.135s] Invoked command in '/mnt/USB_DISK/ros2_workspace/build/mecanum_drive_controller' returned '0': CMAKE_PREFIX_PATH=/opt/ros/humble /usr/bin/cmake --build /mnt/USB_DISK/ros2_workspace/build/mecanum_drive_controller -- -j4 -l4
[1.145s] Invoking command in '/mnt/USB_DISK/ros2_workspace/build/mecanum_drive_controller': CMAKE_PREFIX_PATH=/opt/ros/humble /usr/bin/cmake --install /mnt/USB_DISK/ros2_workspace/build/mecanum_drive_controller
[1.177s] -- Install configuration: ""
[1.178s] -- Up-to-date: /mnt/USB_DISK/ros2_workspace/install/mecanum_drive_controller/include/mecanum_drive_controller
[1.180s] -- Up-to-date: /mnt/USB_DISK/ros2_workspace/install/mecanum_drive_controller/include/mecanum_drive_controller/mecanum_drive_controller_parameters.hpp
[1.180s] -- Up-to-date: /mnt/USB_DISK/ros2_workspace/install/mecanum_drive_controller/share/mecanum_drive_controller/mecanum_drive_controller.xml
[1.183s] -- Up-to-date: /mnt/USB_DISK/ros2_workspace/install/mecanum_drive_controller/include/mecanum_drive_controller
[1.184s] -- Up-to-date: /mnt/USB_DISK/ros2_workspace/install/mecanum_drive_controller/include/mecanum_drive_controller/mecanum_drive_controller
[1.184s] -- Up-to-date: /mnt/USB_DISK/ros2_workspace/install/mecanum_drive_controller/include/mecanum_drive_controller/mecanum_drive_controller/mecanum_drive_controller.hpp
[1.185s] -- Up-to-date: /mnt/USB_DISK/ros2_workspace/install/mecanum_drive_controller/include/mecanum_drive_controller/mecanum_drive_controller/odometry.hpp
[1.185s] -- Up-to-date: /mnt/USB_DISK/ros2_workspace/install/mecanum_drive_controller/include/mecanum_drive_controller/mecanum_drive_controller/visibility_control.h
[1.189s] -- Up-to-date: /mnt/USB_DISK/ros2_workspace/install/mecanum_drive_controller/lib/libmecanum_drive_controller.so
[1.191s] -- Up-to-date: /mnt/USB_DISK/ros2_workspace/install/mecanum_drive_controller/share/mecanum_drive_controller/environment/library_path.sh
[1.192s] -- Up-to-date: /mnt/USB_DISK/ros2_workspace/install/mecanum_drive_controller/share/mecanum_drive_controller/environment/library_path.dsv
[1.192s] -- Up-to-date: /mnt/USB_DISK/ros2_workspace/install/mecanum_drive_controller/share/ament_index/resource_index/package_run_dependencies/mecanum_drive_controller
[1.193s] -- Up-to-date: /mnt/USB_DISK/ros2_workspace/install/mecanum_drive_controller/share/ament_index/resource_index/parent_prefix_path/mecanum_drive_controller
[1.194s] -- Up-to-date: /mnt/USB_DISK/ros2_workspace/install/mecanum_drive_controller/share/mecanum_drive_controller/environment/ament_prefix_path.sh
[1.195s] -- Up-to-date: /mnt/USB_DISK/ros2_workspace/install/mecanum_drive_controller/share/mecanum_drive_controller/environment/ament_prefix_path.dsv
[1.195s] -- Up-to-date: /mnt/USB_DISK/ros2_workspace/install/mecanum_drive_controller/share/mecanum_drive_controller/environment/path.sh
[1.197s] -- Up-to-date: /mnt/USB_DISK/ros2_workspace/install/mecanum_drive_controller/share/mecanum_drive_controller/environment/path.dsv
[1.197s] -- Up-to-date: /mnt/USB_DISK/ros2_workspace/install/mecanum_drive_controller/share/mecanum_drive_controller/local_setup.bash
[1.198s] -- Up-to-date: /mnt/USB_DISK/ros2_workspace/install/mecanum_drive_controller/share/mecanum_drive_controller/local_setup.sh
[1.198s] -- Up-to-date: /mnt/USB_DISK/ros2_workspace/install/mecanum_drive_controller/share/mecanum_drive_controller/local_setup.zsh
[1.199s] -- Up-to-date: /mnt/USB_DISK/ros2_workspace/install/mecanum_drive_controller/share/mecanum_drive_controller/local_setup.dsv
[1.199s] -- Installing: /mnt/USB_DISK/ros2_workspace/install/mecanum_drive_controller/share/mecanum_drive_controller/package.dsv
[1.201s] -- Up-to-date: /mnt/USB_DISK/ros2_workspace/install/mecanum_drive_controller/share/ament_index/resource_index/packages/mecanum_drive_controller
[1.202s] -- Up-to-date: /mnt/USB_DISK/ros2_workspace/install/mecanum_drive_controller/share/ament_index/resource_index/controller_interface__pluginlib__plugin/mecanum_drive_controller
[1.205s] -- Up-to-date: /mnt/USB_DISK/ros2_workspace/install/mecanum_drive_controller/share/mecanum_drive_controller/cmake/export_mecanum_drive_controllerExport.cmake
[1.207s] -- Up-to-date: /mnt/USB_DISK/ros2_workspace/install/mecanum_drive_controller/share/mecanum_drive_controller/cmake/export_mecanum_drive_controllerExport-noconfig.cmake
[1.208s] -- Up-to-date: /mnt/USB_DISK/ros2_workspace/install/mecanum_drive_controller/share/mecanum_drive_controller/cmake/ament_cmake_export_dependencies-extras.cmake
[1.209s] -- Up-to-date: /mnt/USB_DISK/ros2_workspace/install/mecanum_drive_controller/share/mecanum_drive_controller/cmake/ament_cmake_export_targets-extras.cmake
[1.210s] -- Up-to-date: /mnt/USB_DISK/ros2_workspace/install/mecanum_drive_controller/share/mecanum_drive_controller/cmake/mecanum_drive_controllerConfig.cmake
[1.214s] -- Up-to-date: /mnt/USB_DISK/ros2_workspace/install/mecanum_drive_controller/share/mecanum_drive_controller/cmake/mecanum_drive_controllerConfig-version.cmake
[1.218s] -- Up-to-date: /mnt/USB_DISK/ros2_workspace/install/mecanum_drive_controller/share/mecanum_drive_controller/package.xml
[1.219s] Invoked command in '/mnt/USB_DISK/ros2_workspace/build/mecanum_drive_controller' returned '0': CMAKE_PREFIX_PATH=/opt/ros/humble /usr/bin/cmake --install /mnt/USB_DISK/ros2_workspace/build/mecanum_drive_controller
