[0.079s] Invoking command in '/mnt/USB_DISK/ros2_workspace/build/mecanum_drive_controller': CMAKE_PREFIX_PATH=${CMAKE_PREFIX_PATH}:/opt/ros/humble /usr/bin/cmake --build /mnt/USB_DISK/ros2_workspace/build/mecanum_drive_controller -- -j4 -l4
[0.337s] [ 12%] Built target mecanum_drive_controller_parameters
[0.503s] [ 31%] Built target gmock
[0.547s] [ 43%] Built target gmock_main
[0.608s] [ 62%] Built target mecanum_drive_controller
[0.615s] [ 75%] Built target test_load_mecanum_drive_controller
[0.748s] [ 87%] Built target test_mecanum_drive_controller_preceeding
[0.754s] [100%] Built target test_mecanum_drive_controller
[1.061s] Invoked command in '/mnt/USB_DISK/ros2_workspace/build/mecanum_drive_controller' returned '0': CMAKE_PREFIX_PATH=${CMAKE_PREFIX_PATH}:/opt/ros/humble /usr/bin/cmake --build /mnt/USB_DISK/ros2_workspace/build/mecanum_drive_controller -- -j4 -l4
[1.070s] Invoking command in '/mnt/USB_DISK/ros2_workspace/build/mecanum_drive_controller': CMAKE_PREFIX_PATH=${CMAKE_PREFIX_PATH}:/opt/ros/humble /usr/bin/cmake --install /mnt/USB_DISK/ros2_workspace/build/mecanum_drive_controller
[1.098s] -- Install configuration: ""
[1.099s] -- Up-to-date: /mnt/USB_DISK/ros2_workspace/install/mecanum_drive_controller/include/mecanum_drive_controller
[1.099s] -- Up-to-date: /mnt/USB_DISK/ros2_workspace/install/mecanum_drive_controller/include/mecanum_drive_controller/mecanum_drive_controller_parameters.hpp
[1.099s] -- Up-to-date: /mnt/USB_DISK/ros2_workspace/install/mecanum_drive_controller/share/mecanum_drive_controller/mecanum_drive_controller.xml
[1.100s] -- Up-to-date: /mnt/USB_DISK/ros2_workspace/install/mecanum_drive_controller/include/mecanum_drive_controller
[1.101s] -- Up-to-date: /mnt/USB_DISK/ros2_workspace/install/mecanum_drive_controller/include/mecanum_drive_controller/mecanum_drive_controller
[1.101s] -- Up-to-date: /mnt/USB_DISK/ros2_workspace/install/mecanum_drive_controller/include/mecanum_drive_controller/mecanum_drive_controller/mecanum_drive_controller.hpp
[1.102s] -- Up-to-date: /mnt/USB_DISK/ros2_workspace/install/mecanum_drive_controller/include/mecanum_drive_controller/mecanum_drive_controller/odometry.hpp
[1.102s] -- Up-to-date: /mnt/USB_DISK/ros2_workspace/install/mecanum_drive_controller/include/mecanum_drive_controller/mecanum_drive_controller/visibility_control.h
[1.103s] -- Up-to-date: /mnt/USB_DISK/ros2_workspace/install/mecanum_drive_controller/lib/libmecanum_drive_controller.so
[1.105s] -- Up-to-date: /mnt/USB_DISK/ros2_workspace/install/mecanum_drive_controller/share/mecanum_drive_controller/environment/library_path.sh
[1.105s] -- Up-to-date: /mnt/USB_DISK/ros2_workspace/install/mecanum_drive_controller/share/mecanum_drive_controller/environment/library_path.dsv
[1.106s] -- Up-to-date: /mnt/USB_DISK/ros2_workspace/install/mecanum_drive_controller/share/ament_index/resource_index/package_run_dependencies/mecanum_drive_controller
[1.106s] -- Up-to-date: /mnt/USB_DISK/ros2_workspace/install/mecanum_drive_controller/share/ament_index/resource_index/parent_prefix_path/mecanum_drive_controller
[1.107s] -- Up-to-date: /mnt/USB_DISK/ros2_workspace/install/mecanum_drive_controller/share/mecanum_drive_controller/environment/ament_prefix_path.sh
[1.107s] -- Up-to-date: /mnt/USB_DISK/ros2_workspace/install/mecanum_drive_controller/share/mecanum_drive_controller/environment/ament_prefix_path.dsv
[1.107s] -- Up-to-date: /mnt/USB_DISK/ros2_workspace/install/mecanum_drive_controller/share/mecanum_drive_controller/environment/path.sh
[1.108s] -- Up-to-date: /mnt/USB_DISK/ros2_workspace/install/mecanum_drive_controller/share/mecanum_drive_controller/environment/path.dsv
[1.108s] -- Up-to-date: /mnt/USB_DISK/ros2_workspace/install/mecanum_drive_controller/share/mecanum_drive_controller/local_setup.bash
[1.109s] -- Up-to-date: /mnt/USB_DISK/ros2_workspace/install/mecanum_drive_controller/share/mecanum_drive_controller/local_setup.sh
[1.109s] -- Up-to-date: /mnt/USB_DISK/ros2_workspace/install/mecanum_drive_controller/share/mecanum_drive_controller/local_setup.zsh
[1.109s] -- Up-to-date: /mnt/USB_DISK/ros2_workspace/install/mecanum_drive_controller/share/mecanum_drive_controller/local_setup.dsv
[1.110s] -- Installing: /mnt/USB_DISK/ros2_workspace/install/mecanum_drive_controller/share/mecanum_drive_controller/package.dsv
[1.111s] -- Up-to-date: /mnt/USB_DISK/ros2_workspace/install/mecanum_drive_controller/share/ament_index/resource_index/packages/mecanum_drive_controller
[1.112s] -- Up-to-date: /mnt/USB_DISK/ros2_workspace/install/mecanum_drive_controller/share/ament_index/resource_index/controller_interface__pluginlib__plugin/mecanum_drive_controller
[1.112s] -- Up-to-date: /mnt/USB_DISK/ros2_workspace/install/mecanum_drive_controller/share/mecanum_drive_controller/cmake/export_mecanum_drive_controllerExport.cmake
[1.113s] -- Up-to-date: /mnt/USB_DISK/ros2_workspace/install/mecanum_drive_controller/share/mecanum_drive_controller/cmake/export_mecanum_drive_controllerExport-noconfig.cmake
[1.114s] -- Up-to-date: /mnt/USB_DISK/ros2_workspace/install/mecanum_drive_controller/share/mecanum_drive_controller/cmake/ament_cmake_export_dependencies-extras.cmake
[1.115s] -- Up-to-date: /mnt/USB_DISK/ros2_workspace/install/mecanum_drive_controller/share/mecanum_drive_controller/cmake/ament_cmake_export_targets-extras.cmake
[1.115s] -- Up-to-date: /mnt/USB_DISK/ros2_workspace/install/mecanum_drive_controller/share/mecanum_drive_controller/cmake/mecanum_drive_controllerConfig.cmake
[1.115s] -- Up-to-date: /mnt/USB_DISK/ros2_workspace/install/mecanum_drive_controller/share/mecanum_drive_controller/cmake/mecanum_drive_controllerConfig-version.cmake
[1.116s] -- Up-to-date: /mnt/USB_DISK/ros2_workspace/install/mecanum_drive_controller/share/mecanum_drive_controller/package.xml
[1.122s] Invoked command in '/mnt/USB_DISK/ros2_workspace/build/mecanum_drive_controller' returned '0': CMAKE_PREFIX_PATH=${CMAKE_PREFIX_PATH}:/opt/ros/humble /usr/bin/cmake --install /mnt/USB_DISK/ros2_workspace/build/mecanum_drive_controller
