-- Found ament_cmake: 1.3.11 (/opt/ros/humble/share/ament_cmake/cmake)
-- Found rclcpp: 16.0.12 (/opt/ros/humble/share/rclcpp/cmake)
-- Found rosidl_generator_c: 3.1.6 (/opt/ros/humble/share/rosidl_generator_c/cmake)
-- Found rosidl_adapter: 3.1.6 (/opt/ros/humble/share/rosidl_adapter/cmake)
-- Found rosidl_generator_cpp: 3.1.6 (/opt/ros/humble/share/rosidl_generator_cpp/cmake)
-- Using all available rosidl_typesupport_c: rosidl_typesupport_fastrtps_c;rosidl_typesupport_introspection_c
-- Using all available rosidl_typesupport_cpp: rosidl_typesupport_fastrtps_cpp;rosidl_typesupport_introspection_cpp
-- Found rmw_implementation_cmake: 6.1.2 (/opt/ros/humble/share/rmw_implementation_cmake/cmake)
-- Found rmw_fastrtps_cpp: 6.2.7 (/opt/ros/humble/share/rmw_fastrtps_cpp/cmake)
-- Using RMW implementation 'rmw_fastrtps_cpp' as default
-- Found urdf: 2.6.1 (/opt/ros/humble/share/urdf/cmake)
-- Found xacro: 2.0.13 (/opt/ros/humble/share/xacro/cmake)
[31mCMake Error at CMakeLists.txt:13 (find_package):
  By not providing "Findcontroller_manager.cmake" in CMAKE_MODULE_PATH this
  project has asked CMake to find a package configuration file provided by
  "controller_manager", but CMake did not find one.

  Could not find a package configuration file provided by
  "controller_manager" with any of the following names:

    controller_managerConfig.cmake
    controller_manager-config.cmake

  Add the installation prefix of "controller_manager" to CMAKE_PREFIX_PATH or
  set "controller_manager_DIR" to a directory containing one of the above
  files.  If "controller_manager" provides a separate development package or
  SDK, be sure it has been installed.

[0m
-- Configuring incomplete, errors occurred!
See also "/mnt/USB_DISK/ros2_workspace/build/my_robot/CMakeFiles/CMakeOutput.log".
gmake: *** [Makefile:226: cmake_check_build_system] Error 1
