[0.083s] Invoking command in '/mnt/USB_DISK/ros2_workspace/build/my_robot': CMAKE_PREFIX_PATH=${CMAKE_PREFIX_PATH}:/opt/ros/humble /usr/bin/cmake --build /mnt/USB_DISK/ros2_workspace/build/my_robot -- -j4 -l4
[0.171s] -- Found ament_cmake: 1.3.11 (/opt/ros/humble/share/ament_cmake/cmake)
[0.704s] -- Found rclcpp: 16.0.12 (/opt/ros/humble/share/rclcpp/cmake)
[0.839s] -- Found rosidl_generator_c: 3.1.6 (/opt/ros/humble/share/rosidl_generator_c/cmake)
[0.850s] -- Found rosidl_adapter: 3.1.6 (/opt/ros/humble/share/rosidl_adapter/cmake)
[0.873s] -- Found rosidl_generator_cpp: 3.1.6 (/opt/ros/humble/share/rosidl_generator_cpp/cmake)
[0.911s] -- Using all available rosidl_typesupport_c: rosidl_typesupport_fastrtps_c;rosidl_typesupport_introspection_c
[0.960s] -- Using all available rosidl_typesupport_cpp: rosidl_typesupport_fastrtps_cpp;rosidl_typesupport_introspection_cpp
[1.083s] -- Found rmw_implementation_cmake: 6.1.2 (/opt/ros/humble/share/rmw_implementation_cmake/cmake)
[1.089s] -- Found rmw_fastrtps_cpp: 6.2.7 (/opt/ros/humble/share/rmw_fastrtps_cpp/cmake)
[1.676s] -- Using RMW implementation 'rmw_fastrtps_cpp' as default
[1.858s] -- Found urdf: 2.6.1 (/opt/ros/humble/share/urdf/cmake)
[2.000s] -- Found xacro: 2.0.13 (/opt/ros/humble/share/xacro/cmake)
[2.092s] [31mCMake Error at CMakeLists.txt:13 (find_package):
[2.093s]   By not providing "Findcontroller_manager.cmake" in CMAKE_MODULE_PATH this
[2.093s]   project has asked CMake to find a package configuration file provided by
[2.094s]   "controller_manager", but CMake did not find one.
[2.094s] 
[2.094s]   Could not find a package configuration file provided by
[2.095s]   "controller_manager" with any of the following names:
[2.095s] 
[2.096s]     controller_managerConfig.cmake
[2.096s]     controller_manager-config.cmake
[2.096s] 
[2.096s]   Add the installation prefix of "controller_manager" to CMAKE_PREFIX_PATH or
[2.097s]   set "controller_manager_DIR" to a directory containing one of the above
[2.097s]   files.  If "controller_manager" provides a separate development package or
[2.098s]   SDK, be sure it has been installed.
[2.098s] 
[2.099s] [0m
[2.099s] -- Configuring incomplete, errors occurred!
[2.099s] See also "/mnt/USB_DISK/ros2_workspace/build/my_robot/CMakeFiles/CMakeOutput.log".
[2.121s] gmake: *** [Makefile:226: cmake_check_build_system] Error 1
[2.127s] Invoked command in '/mnt/USB_DISK/ros2_workspace/build/my_robot' returned '2': CMAKE_PREFIX_PATH=${CMAKE_PREFIX_PATH}:/opt/ros/humble /usr/bin/cmake --build /mnt/USB_DISK/ros2_workspace/build/my_robot -- -j4 -l4
