[0.103s] Invoking command in '/mnt/USB_DISK/ros2_workspace/build/rplidar_ros': CMAKE_PREFIX_PATH=/opt/ros/humble /usr/bin/cmake --build /mnt/USB_DISK/ros2_workspace/build/rplidar_ros -- -j4 -l4
[0.934s] [  5%] Built target rplidar_client
[1.067s] [ 52%] Built target rplidar_node
[1.072s] [100%] Built target rplidar_composition
[1.569s] Invoked command in '/mnt/USB_DISK/ros2_workspace/build/rplidar_ros' returned '0': CMAKE_PREFIX_PATH=/opt/ros/humble /usr/bin/cmake --build /mnt/USB_DISK/ros2_workspace/build/rplidar_ros -- -j4 -l4
[1.585s] Invoking command in '/mnt/USB_DISK/ros2_workspace/build/rplidar_ros': CMAKE_PREFIX_PATH=/opt/ros/humble /usr/bin/cmake --install /mnt/USB_DISK/ros2_workspace/build/rplidar_ros
[1.614s] -- Install configuration: ""
[1.614s] -- Up-to-date: /mnt/USB_DISK/ros2_workspace/install/rplidar_ros/share/rplidar_ros/launch
[1.616s] -- Up-to-date: /mnt/USB_DISK/ros2_workspace/install/rplidar_ros/share/rplidar_ros/launch/view_rplidar_s2e_launch.py
[1.617s] -- Up-to-date: /mnt/USB_DISK/ros2_workspace/install/rplidar_ros/share/rplidar_ros/launch/view_rplidar_s1_launch.py
[1.617s] -- Up-to-date: /mnt/USB_DISK/ros2_workspace/install/rplidar_ros/share/rplidar_ros/launch/rplidar_a1_launch.py
[1.617s] -- Up-to-date: /mnt/USB_DISK/ros2_workspace/install/rplidar_ros/share/rplidar_ros/launch/rplidar_a2m8_launch.py
[1.618s] -- Up-to-date: /mnt/USB_DISK/ros2_workspace/install/rplidar_ros/share/rplidar_ros/launch/rplidar_c1_launch.py
[1.618s] -- Up-to-date: /mnt/USB_DISK/ros2_workspace/install/rplidar_ros/share/rplidar_ros/launch/view_rplidar_a1_launch.py
[1.619s] -- Up-to-date: /mnt/USB_DISK/ros2_workspace/install/rplidar_ros/share/rplidar_ros/launch/rplidar_s1_launch.py
[1.619s] -- Up-to-date: /mnt/USB_DISK/ros2_workspace/install/rplidar_ros/share/rplidar_ros/launch/view_rplidar_s2_launch.py
[1.620s] -- Up-to-date: /mnt/USB_DISK/ros2_workspace/install/rplidar_ros/share/rplidar_ros/launch/view_rplidar_a3_launch.py
[1.620s] -- Up-to-date: /mnt/USB_DISK/ros2_workspace/install/rplidar_ros/share/rplidar_ros/launch/view_rplidar_s3_launch.py
[1.621s] -- Up-to-date: /mnt/USB_DISK/ros2_workspace/install/rplidar_ros/share/rplidar_ros/launch/view_rplidar_c1_launch.py
[1.621s] -- Up-to-date: /mnt/USB_DISK/ros2_workspace/install/rplidar_ros/share/rplidar_ros/launch/rplidar_s3_launch.py
[1.621s] -- Up-to-date: /mnt/USB_DISK/ros2_workspace/install/rplidar_ros/share/rplidar_ros/launch/rplidar_s1_tcp_launch.py
[1.622s] -- Up-to-date: /mnt/USB_DISK/ros2_workspace/install/rplidar_ros/share/rplidar_ros/launch/rplidar_s2e_launch.py
[1.622s] -- Up-to-date: /mnt/USB_DISK/ros2_workspace/install/rplidar_ros/share/rplidar_ros/launch/rplidar_s2_launch.py
[1.623s] -- Up-to-date: /mnt/USB_DISK/ros2_workspace/install/rplidar_ros/share/rplidar_ros/launch/view_rplidar_a2m12_launch.py
[1.624s] -- Up-to-date: /mnt/USB_DISK/ros2_workspace/install/rplidar_ros/share/rplidar_ros/launch/rplidar_a2m7_launch.py
[1.624s] -- Up-to-date: /mnt/USB_DISK/ros2_workspace/install/rplidar_ros/share/rplidar_ros/launch/view_rplidar_a2m7_launch.py
[1.625s] -- Up-to-date: /mnt/USB_DISK/ros2_workspace/install/rplidar_ros/share/rplidar_ros/launch/view_rplidar_t1_launch.py
[1.625s] -- Up-to-date: /mnt/USB_DISK/ros2_workspace/install/rplidar_ros/share/rplidar_ros/launch/rplidar_a2m12_launch.py
[1.625s] -- Up-to-date: /mnt/USB_DISK/ros2_workspace/install/rplidar_ros/share/rplidar_ros/launch/view_rplidar_a2m8_launch.py
[1.626s] -- Up-to-date: /mnt/USB_DISK/ros2_workspace/install/rplidar_ros/share/rplidar_ros/launch/rplidar_a3_launch.py
[1.626s] -- Up-to-date: /mnt/USB_DISK/ros2_workspace/install/rplidar_ros/share/rplidar_ros/launch/view_rplidar_s1_tcp_launch.py
[1.626s] -- Up-to-date: /mnt/USB_DISK/ros2_workspace/install/rplidar_ros/share/rplidar_ros/launch/rplidar_t1_launch.py
[1.627s] -- Up-to-date: /mnt/USB_DISK/ros2_workspace/install/rplidar_ros/share/rplidar_ros/rviz
[1.627s] -- Up-to-date: /mnt/USB_DISK/ros2_workspace/install/rplidar_ros/share/rplidar_ros/rviz/rplidar_ros.rviz
[1.632s] -- Up-to-date: /mnt/USB_DISK/ros2_workspace/install/rplidar_ros/lib/rplidar_ros/rplidar_node
[1.636s] -- Up-to-date: /mnt/USB_DISK/ros2_workspace/install/rplidar_ros/lib/rplidar_ros/rplidar_composition
[1.641s] -- Up-to-date: /mnt/USB_DISK/ros2_workspace/install/rplidar_ros/lib/rplidar_ros/rplidar_client
[1.642s] -- Up-to-date: /mnt/USB_DISK/ros2_workspace/install/rplidar_ros/share/ament_index/resource_index/package_run_dependencies/rplidar_ros
[1.643s] -- Up-to-date: /mnt/USB_DISK/ros2_workspace/install/rplidar_ros/share/ament_index/resource_index/parent_prefix_path/rplidar_ros
[1.644s] -- Up-to-date: /mnt/USB_DISK/ros2_workspace/install/rplidar_ros/share/rplidar_ros/environment/ament_prefix_path.sh
[1.644s] -- Up-to-date: /mnt/USB_DISK/ros2_workspace/install/rplidar_ros/share/rplidar_ros/environment/ament_prefix_path.dsv
[1.645s] -- Up-to-date: /mnt/USB_DISK/ros2_workspace/install/rplidar_ros/share/rplidar_ros/environment/path.sh
[1.645s] -- Up-to-date: /mnt/USB_DISK/ros2_workspace/install/rplidar_ros/share/rplidar_ros/environment/path.dsv
[1.646s] -- Up-to-date: /mnt/USB_DISK/ros2_workspace/install/rplidar_ros/share/rplidar_ros/local_setup.bash
[1.646s] -- Up-to-date: /mnt/USB_DISK/ros2_workspace/install/rplidar_ros/share/rplidar_ros/local_setup.sh
[1.647s] -- Up-to-date: /mnt/USB_DISK/ros2_workspace/install/rplidar_ros/share/rplidar_ros/local_setup.zsh
[1.647s] -- Up-to-date: /mnt/USB_DISK/ros2_workspace/install/rplidar_ros/share/rplidar_ros/local_setup.dsv
[1.648s] -- Installing: /mnt/USB_DISK/ros2_workspace/install/rplidar_ros/share/rplidar_ros/package.dsv
[1.651s] -- Up-to-date: /mnt/USB_DISK/ros2_workspace/install/rplidar_ros/share/ament_index/resource_index/packages/rplidar_ros
[1.652s] -- Up-to-date: /mnt/USB_DISK/ros2_workspace/install/rplidar_ros/share/rplidar_ros/cmake/ament_cmake_export_dependencies-extras.cmake
[1.654s] -- Up-to-date: /mnt/USB_DISK/ros2_workspace/install/rplidar_ros/share/rplidar_ros/cmake/ament_cmake_export_include_directories-extras.cmake
[1.656s] -- Up-to-date: /mnt/USB_DISK/ros2_workspace/install/rplidar_ros/share/rplidar_ros/cmake/rplidar_rosConfig.cmake
[1.657s] -- Up-to-date: /mnt/USB_DISK/ros2_workspace/install/rplidar_ros/share/rplidar_ros/cmake/rplidar_rosConfig-version.cmake
[1.658s] -- Up-to-date: /mnt/USB_DISK/ros2_workspace/install/rplidar_ros/share/rplidar_ros/package.xml
[1.670s] Invoked command in '/mnt/USB_DISK/ros2_workspace/build/rplidar_ros' returned '0': CMAKE_PREFIX_PATH=/opt/ros/humble /usr/bin/cmake --install /mnt/USB_DISK/ros2_workspace/build/rplidar_ros
