[0.413s] DEBUG:colcon:Command line arguments: ['/usr/bin/colcon', 'build']
[0.413s] DEBUG:colcon:Parsed command line arguments: Namespace(log_base=None, log_level=None, verb_name='build', build_base='/mnt/USB_DISK/ros2_workspace/build', install_base='/mnt/USB_DISK/ros2_workspace/install', merge_install=False, symlink_install=False, test_result_base=None, continue_on_error=False, executor='parallel', parallel_workers=4, event_handlers=None, ignore_user_meta=False, metas=['./colcon.meta'], base_paths=['.'], packages_ignore=None, packages_ignore_regex=None, paths=None, packages_up_to=None, packages_up_to_regex=None, packages_above=None, packages_above_and_dependencies=None, packages_above_depth=None, packages_select_by_dep=None, packages_skip_by_dep=None, packages_skip_up_to=None, packages_select_build_failed=False, packages_skip_build_finished=False, packages_select_test_failures=False, packages_skip_test_passed=False, packages_select=None, packages_skip=None, packages_select_regex=None, packages_skip_regex=None, packages_start=None, packages_end=None, allow_overriding=[], cmake_args=None, cmake_target=None, cmake_target_skip_unavailable=False, cmake_clean_cache=False, cmake_clean_first=False, cmake_force_configure=False, ament_cmake_args=None, catkin_cmake_args=None, catkin_skip_building_tests=False, verb_parser=<colcon_defaults.argument_parser.defaults.DefaultArgumentsDecorator object at 0xffff8a38e170>, verb_extension=<colcon_core.verb.build.BuildVerb object at 0xffff8a49b5e0>, main=<bound method BuildVerb.main of <colcon_core.verb.build.BuildVerb object at 0xffff8a49b5e0>>)
[1.062s] Level 1:colcon.colcon_core.package_discovery:discover_packages(colcon_meta) check parameters
[1.062s] Level 1:colcon.colcon_core.package_discovery:discover_packages(recursive) check parameters
[1.063s] Level 1:colcon.colcon_core.package_discovery:discover_packages(ignore) check parameters
[1.063s] Level 1:colcon.colcon_core.package_discovery:discover_packages(path) check parameters
[1.063s] Level 1:colcon.colcon_core.package_discovery:discover_packages(colcon_meta) discover
[1.063s] Level 1:colcon.colcon_core.package_discovery:discover_packages(recursive) discover
[1.063s] INFO:colcon.colcon_core.package_discovery:Crawling recursively for packages in '/home/as33697920/larry_ws'
[1.064s] Level 1:colcon.colcon_core.package_identification:_identify(.) by extensions ['ignore', 'ignore_ament_install']
[1.064s] Level 1:colcon.colcon_core.package_identification:_identify(.) by extension 'ignore'
[1.065s] Level 1:colcon.colcon_core.package_identification:_identify(.) by extension 'ignore_ament_install'
[1.065s] Level 1:colcon.colcon_core.package_identification:_identify(.) by extensions ['colcon_pkg']
[1.065s] Level 1:colcon.colcon_core.package_identification:_identify(.) by extension 'colcon_pkg'
[1.065s] Level 1:colcon.colcon_core.package_identification:_identify(.) by extensions ['colcon_meta']
[1.065s] Level 1:colcon.colcon_core.package_identification:_identify(.) by extension 'colcon_meta'
[1.065s] Level 1:colcon.colcon_core.package_identification:_identify(.) by extensions ['ros']
[1.066s] Level 1:colcon.colcon_core.package_identification:_identify(.) by extension 'ros'
[1.114s] Level 1:colcon.colcon_core.package_identification:_identify(.) by extensions ['cmake', 'python']
[1.114s] Level 1:colcon.colcon_core.package_identification:_identify(.) by extension 'cmake'
[1.115s] Level 1:colcon.colcon_core.package_identification:_identify(.) by extension 'python'
[1.115s] Level 1:colcon.colcon_core.package_identification:_identify(.) by extensions ['python_setup_py']
[1.115s] Level 1:colcon.colcon_core.package_identification:_identify(.) by extension 'python_setup_py'
[1.116s] Level 1:colcon.colcon_core.package_identification:_identify(kai) by extensions ['ignore', 'ignore_ament_install']
[1.116s] Level 1:colcon.colcon_core.package_identification:_identify(kai) by extension 'ignore'
[1.116s] Level 1:colcon.colcon_core.package_identification:_identify(kai) by extension 'ignore_ament_install'
[1.117s] Level 1:colcon.colcon_core.package_identification:_identify(kai) by extensions ['colcon_pkg']
[1.117s] Level 1:colcon.colcon_core.package_identification:_identify(kai) by extension 'colcon_pkg'
[1.117s] Level 1:colcon.colcon_core.package_identification:_identify(kai) by extensions ['colcon_meta']
[1.117s] Level 1:colcon.colcon_core.package_identification:_identify(kai) by extension 'colcon_meta'
[1.117s] Level 1:colcon.colcon_core.package_identification:_identify(kai) by extensions ['ros']
[1.118s] Level 1:colcon.colcon_core.package_identification:_identify(kai) by extension 'ros'
[1.118s] Level 1:colcon.colcon_core.package_identification:_identify(kai) by extensions ['cmake', 'python']
[1.118s] Level 1:colcon.colcon_core.package_identification:_identify(kai) by extension 'cmake'
[1.118s] Level 1:colcon.colcon_core.package_identification:_identify(kai) by extension 'python'
[1.118s] Level 1:colcon.colcon_core.package_identification:_identify(kai) by extensions ['python_setup_py']
[1.119s] Level 1:colcon.colcon_core.package_identification:_identify(kai) by extension 'python_setup_py'
[1.119s] Level 1:colcon.colcon_core.package_identification:_identify(log) by extensions ['ignore', 'ignore_ament_install']
[1.120s] Level 1:colcon.colcon_core.package_identification:_identify(log) by extension 'ignore'
[1.120s] Level 1:colcon.colcon_core.package_identification:_identify(log) ignored
[1.120s] Level 1:colcon.colcon_core.package_identification:_identify(src) by extensions ['ignore', 'ignore_ament_install']
[1.121s] Level 1:colcon.colcon_core.package_identification:_identify(src) by extension 'ignore'
[1.121s] Level 1:colcon.colcon_core.package_identification:_identify(src) by extension 'ignore_ament_install'
[1.121s] Level 1:colcon.colcon_core.package_identification:_identify(src) by extensions ['colcon_pkg']
[1.121s] Level 1:colcon.colcon_core.package_identification:_identify(src) by extension 'colcon_pkg'
[1.122s] Level 1:colcon.colcon_core.package_identification:_identify(src) by extensions ['colcon_meta']
[1.122s] Level 1:colcon.colcon_core.package_identification:_identify(src) by extension 'colcon_meta'
[1.122s] Level 1:colcon.colcon_core.package_identification:_identify(src) by extensions ['ros']
[1.122s] Level 1:colcon.colcon_core.package_identification:_identify(src) by extension 'ros'
[1.122s] Level 1:colcon.colcon_core.package_identification:_identify(src) by extensions ['cmake', 'python']
[1.123s] Level 1:colcon.colcon_core.package_identification:_identify(src) by extension 'cmake'
[1.123s] Level 1:colcon.colcon_core.package_identification:_identify(src) by extension 'python'
[1.123s] Level 1:colcon.colcon_core.package_identification:_identify(src) by extensions ['python_setup_py']
[1.124s] Level 1:colcon.colcon_core.package_identification:_identify(src) by extension 'python_setup_py'
[1.124s] Level 1:colcon.colcon_core.package_identification:_identify(src/waterbot) by extensions ['ignore', 'ignore_ament_install']
[1.125s] Level 1:colcon.colcon_core.package_identification:_identify(src/waterbot) by extension 'ignore'
[1.125s] Level 1:colcon.colcon_core.package_identification:_identify(src/waterbot) by extension 'ignore_ament_install'
[1.125s] Level 1:colcon.colcon_core.package_identification:_identify(src/waterbot) by extensions ['colcon_pkg']
[1.126s] Level 1:colcon.colcon_core.package_identification:_identify(src/waterbot) by extension 'colcon_pkg'
[1.126s] Level 1:colcon.colcon_core.package_identification:_identify(src/waterbot) by extensions ['colcon_meta']
[1.126s] Level 1:colcon.colcon_core.package_identification:_identify(src/waterbot) by extension 'colcon_meta'
[1.126s] Level 1:colcon.colcon_core.package_identification:_identify(src/waterbot) by extensions ['ros']
[1.126s] Level 1:colcon.colcon_core.package_identification:_identify(src/waterbot) by extension 'ros'
[1.127s] Level 1:colcon.colcon_core.package_identification:_identify(src/waterbot) by extensions ['cmake', 'python']
[1.127s] Level 1:colcon.colcon_core.package_identification:_identify(src/waterbot) by extension 'cmake'
[1.127s] Level 1:colcon.colcon_core.package_identification:_identify(src/waterbot) by extension 'python'
[1.127s] Level 1:colcon.colcon_core.package_identification:_identify(src/waterbot) by extensions ['python_setup_py']
[1.127s] Level 1:colcon.colcon_core.package_identification:_identify(src/waterbot) by extension 'python_setup_py'
[1.128s] Level 1:colcon.colcon_core.package_identification:_identify(src/waterbot/log) by extensions ['ignore', 'ignore_ament_install']
[1.128s] Level 1:colcon.colcon_core.package_identification:_identify(src/waterbot/log) by extension 'ignore'
[1.129s] Level 1:colcon.colcon_core.package_identification:_identify(src/waterbot/log) ignored
[1.129s] Level 1:colcon.colcon_core.package_identification:_identify(src/waterbot/mecanum_drive_controller) by extensions ['ignore', 'ignore_ament_install']
[1.130s] Level 1:colcon.colcon_core.package_identification:_identify(src/waterbot/mecanum_drive_controller) by extension 'ignore'
[1.130s] Level 1:colcon.colcon_core.package_identification:_identify(src/waterbot/mecanum_drive_controller) by extension 'ignore_ament_install'
[1.130s] Level 1:colcon.colcon_core.package_identification:_identify(src/waterbot/mecanum_drive_controller) by extensions ['colcon_pkg']
[1.130s] Level 1:colcon.colcon_core.package_identification:_identify(src/waterbot/mecanum_drive_controller) by extension 'colcon_pkg'
[1.130s] Level 1:colcon.colcon_core.package_identification:_identify(src/waterbot/mecanum_drive_controller) by extensions ['colcon_meta']
[1.130s] Level 1:colcon.colcon_core.package_identification:_identify(src/waterbot/mecanum_drive_controller) by extension 'colcon_meta'
[1.131s] Level 1:colcon.colcon_core.package_identification:_identify(src/waterbot/mecanum_drive_controller) by extensions ['ros']
[1.131s] Level 1:colcon.colcon_core.package_identification:_identify(src/waterbot/mecanum_drive_controller) by extension 'ros'
[1.145s] DEBUG:colcon.colcon_core.package_identification:Package 'src/waterbot/mecanum_drive_controller' with type 'ros.ament_cmake' and name 'mecanum_drive_controller'
[1.146s] Level 1:colcon.colcon_core.package_identification:_identify(src/waterbot/my_robot) by extensions ['ignore', 'ignore_ament_install']
[1.147s] Level 1:colcon.colcon_core.package_identification:_identify(src/waterbot/my_robot) by extension 'ignore'
[1.147s] Level 1:colcon.colcon_core.package_identification:_identify(src/waterbot/my_robot) by extension 'ignore_ament_install'
[1.147s] Level 1:colcon.colcon_core.package_identification:_identify(src/waterbot/my_robot) by extensions ['colcon_pkg']
[1.148s] Level 1:colcon.colcon_core.package_identification:_identify(src/waterbot/my_robot) by extension 'colcon_pkg'
[1.148s] Level 1:colcon.colcon_core.package_identification:_identify(src/waterbot/my_robot) by extensions ['colcon_meta']
[1.148s] Level 1:colcon.colcon_core.package_identification:_identify(src/waterbot/my_robot) by extension 'colcon_meta'
[1.148s] Level 1:colcon.colcon_core.package_identification:_identify(src/waterbot/my_robot) by extensions ['ros']
[1.149s] Level 1:colcon.colcon_core.package_identification:_identify(src/waterbot/my_robot) by extension 'ros'
[1.153s] DEBUG:colcon.colcon_core.package_identification:Package 'src/waterbot/my_robot' with type 'ros.ament_cmake' and name 'my_robot'
[1.153s] Level 1:colcon.colcon_core.package_discovery:discover_packages(recursive) using defaults
[1.154s] Level 1:colcon.colcon_core.package_discovery:discover_packages(ignore) discover
[1.154s] Level 1:colcon.colcon_core.package_discovery:discover_packages(ignore) using defaults
[1.154s] Level 1:colcon.colcon_core.package_discovery:discover_packages(path) discover
[1.154s] Level 1:colcon.colcon_core.package_discovery:discover_packages(path) using defaults
[1.229s] Level 1:colcon.colcon_core.package_discovery:discover_packages(prefix_path) check parameters
[1.229s] Level 1:colcon.colcon_core.package_discovery:discover_packages(prefix_path) discover
[1.237s] DEBUG:colcon.colcon_installed_package_information.package_discovery:Found 2 installed packages in /mnt/USB_DISK/ros2_workspace/install
[1.244s] DEBUG:colcon.colcon_installed_package_information.package_discovery:Found 222 installed packages in /opt/ros/humble
[1.250s] Level 1:colcon.colcon_core.package_discovery:discover_packages(prefix_path) using defaults
[1.416s] Level 5:colcon.colcon_core.verb:set package 'mecanum_drive_controller' build argument 'cmake_args' from command line to 'None'
[1.416s] Level 5:colcon.colcon_core.verb:set package 'mecanum_drive_controller' build argument 'cmake_target' from command line to 'None'
[1.416s] Level 5:colcon.colcon_core.verb:set package 'mecanum_drive_controller' build argument 'cmake_target_skip_unavailable' from command line to 'False'
[1.416s] Level 5:colcon.colcon_core.verb:set package 'mecanum_drive_controller' build argument 'cmake_clean_cache' from command line to 'False'
[1.417s] Level 5:colcon.colcon_core.verb:set package 'mecanum_drive_controller' build argument 'cmake_clean_first' from command line to 'False'
[1.417s] Level 5:colcon.colcon_core.verb:set package 'mecanum_drive_controller' build argument 'cmake_force_configure' from command line to 'False'
[1.417s] Level 5:colcon.colcon_core.verb:set package 'mecanum_drive_controller' build argument 'ament_cmake_args' from command line to 'None'
[1.417s] Level 5:colcon.colcon_core.verb:set package 'mecanum_drive_controller' build argument 'catkin_cmake_args' from command line to 'None'
[1.417s] Level 5:colcon.colcon_core.verb:set package 'mecanum_drive_controller' build argument 'catkin_skip_building_tests' from command line to 'False'
[1.417s] DEBUG:colcon.colcon_core.verb:Building package 'mecanum_drive_controller' with the following arguments: {'ament_cmake_args': None, 'build_base': '/mnt/USB_DISK/ros2_workspace/build/mecanum_drive_controller', 'catkin_cmake_args': None, 'catkin_skip_building_tests': False, 'cmake_args': None, 'cmake_clean_cache': False, 'cmake_clean_first': False, 'cmake_force_configure': False, 'cmake_target': None, 'cmake_target_skip_unavailable': False, 'install_base': '/mnt/USB_DISK/ros2_workspace/install/mecanum_drive_controller', 'merge_install': False, 'path': '/home/as33697920/larry_ws/src/waterbot/mecanum_drive_controller', 'symlink_install': False, 'test_result_base': None}
[1.419s] Level 5:colcon.colcon_core.verb:set package 'my_robot' build argument 'cmake_args' from command line to 'None'
[1.419s] Level 5:colcon.colcon_core.verb:set package 'my_robot' build argument 'cmake_target' from command line to 'None'
[1.419s] Level 5:colcon.colcon_core.verb:set package 'my_robot' build argument 'cmake_target_skip_unavailable' from command line to 'False'
[1.419s] Level 5:colcon.colcon_core.verb:set package 'my_robot' build argument 'cmake_clean_cache' from command line to 'False'
[1.419s] Level 5:colcon.colcon_core.verb:set package 'my_robot' build argument 'cmake_clean_first' from command line to 'False'
[1.419s] Level 5:colcon.colcon_core.verb:set package 'my_robot' build argument 'cmake_force_configure' from command line to 'False'
[1.419s] Level 5:colcon.colcon_core.verb:set package 'my_robot' build argument 'ament_cmake_args' from command line to 'None'
[1.419s] Level 5:colcon.colcon_core.verb:set package 'my_robot' build argument 'catkin_cmake_args' from command line to 'None'
[1.420s] Level 5:colcon.colcon_core.verb:set package 'my_robot' build argument 'catkin_skip_building_tests' from command line to 'False'
[1.420s] DEBUG:colcon.colcon_core.verb:Building package 'my_robot' with the following arguments: {'ament_cmake_args': None, 'build_base': '/mnt/USB_DISK/ros2_workspace/build/my_robot', 'catkin_cmake_args': None, 'catkin_skip_building_tests': False, 'cmake_args': None, 'cmake_clean_cache': False, 'cmake_clean_first': False, 'cmake_force_configure': False, 'cmake_target': None, 'cmake_target_skip_unavailable': False, 'install_base': '/mnt/USB_DISK/ros2_workspace/install/my_robot', 'merge_install': False, 'path': '/home/as33697920/larry_ws/src/waterbot/my_robot', 'symlink_install': False, 'test_result_base': None}
[1.420s] INFO:colcon.colcon_core.executor:Executing jobs using 'parallel' executor
[1.423s] DEBUG:colcon.colcon_parallel_executor.executor.parallel:run_until_complete
[1.425s] INFO:colcon.colcon_ros.task.ament_cmake.build:Building ROS package in '/home/as33697920/larry_ws/src/waterbot/mecanum_drive_controller' with build type 'ament_cmake'
[1.425s] INFO:colcon.colcon_cmake.task.cmake.build:Building CMake package in '/home/as33697920/larry_ws/src/waterbot/mecanum_drive_controller'
[1.434s] INFO:colcon.colcon_core.plugin_system:Skipping extension 'colcon_core.shell.bat': Not used on non-Windows systems
[1.435s] INFO:colcon.colcon_core.shell:Skip shell extension 'powershell' for command environment: Not usable outside of PowerShell
[1.435s] DEBUG:colcon.colcon_core.shell:Skip shell extension 'dsv' for command environment
[1.452s] INFO:colcon.colcon_ros.task.ament_cmake.build:Building ROS package in '/home/as33697920/larry_ws/src/waterbot/my_robot' with build type 'ament_cmake'
[1.452s] INFO:colcon.colcon_cmake.task.cmake.build:Building CMake package in '/home/as33697920/larry_ws/src/waterbot/my_robot'
[1.454s] INFO:colcon.colcon_core.shell:Skip shell extension 'powershell' for command environment: Not usable outside of PowerShell
[1.454s] DEBUG:colcon.colcon_core.shell:Skip shell extension 'dsv' for command environment
[1.491s] DEBUG:colcon.colcon_core.event_handler.log_command:Invoking command in '/mnt/USB_DISK/ros2_workspace/build/mecanum_drive_controller': CMAKE_PREFIX_PATH=${CMAKE_PREFIX_PATH}:/opt/ros/humble /usr/bin/cmake --build /mnt/USB_DISK/ros2_workspace/build/mecanum_drive_controller -- -j4 -l4
[1.512s] DEBUG:colcon.colcon_core.event_handler.log_command:Invoking command in '/mnt/USB_DISK/ros2_workspace/build/my_robot': CMAKE_PREFIX_PATH=${CMAKE_PREFIX_PATH}:/opt/ros/humble /usr/bin/cmake --build /mnt/USB_DISK/ros2_workspace/build/my_robot -- -j4 -l4
[2.057s] DEBUG:colcon.colcon_core.event_handler.log_command:Invoked command in '/mnt/USB_DISK/ros2_workspace/build/mecanum_drive_controller' returned '0': CMAKE_PREFIX_PATH=${CMAKE_PREFIX_PATH}:/opt/ros/humble /usr/bin/cmake --build /mnt/USB_DISK/ros2_workspace/build/mecanum_drive_controller -- -j4 -l4
[2.100s] DEBUG:colcon.colcon_core.event_handler.log_command:Invoking command in '/mnt/USB_DISK/ros2_workspace/build/mecanum_drive_controller': CMAKE_PREFIX_PATH=${CMAKE_PREFIX_PATH}:/opt/ros/humble /usr/bin/cmake --install /mnt/USB_DISK/ros2_workspace/build/mecanum_drive_controller
[2.158s] Level 1:colcon.colcon_core.environment:create_environment_scripts_only(mecanum_drive_controller)
[2.159s] DEBUG:colcon.colcon_core.event_handler.log_command:Invoked command in '/mnt/USB_DISK/ros2_workspace/build/mecanum_drive_controller' returned '0': CMAKE_PREFIX_PATH=${CMAKE_PREFIX_PATH}:/opt/ros/humble /usr/bin/cmake --install /mnt/USB_DISK/ros2_workspace/build/mecanum_drive_controller
[2.170s] Level 1:colcon.colcon_core.environment:checking '/mnt/USB_DISK/ros2_workspace/install/mecanum_drive_controller' for CMake module files
[2.173s] Level 1:colcon.colcon_core.environment:checking '/mnt/USB_DISK/ros2_workspace/install/mecanum_drive_controller' for CMake config files
[2.175s] Level 1:colcon.colcon_core.shell:create_environment_hook('mecanum_drive_controller', 'cmake_prefix_path')
[2.177s] INFO:colcon.colcon_core.shell:Creating environment hook '/mnt/USB_DISK/ros2_workspace/install/mecanum_drive_controller/share/mecanum_drive_controller/hook/cmake_prefix_path.ps1'
[2.179s] INFO:colcon.colcon_core.shell:Creating environment descriptor '/mnt/USB_DISK/ros2_workspace/install/mecanum_drive_controller/share/mecanum_drive_controller/hook/cmake_prefix_path.dsv'
[2.185s] INFO:colcon.colcon_core.shell:Creating environment hook '/mnt/USB_DISK/ros2_workspace/install/mecanum_drive_controller/share/mecanum_drive_controller/hook/cmake_prefix_path.sh'
[2.192s] Level 1:colcon.colcon_core.environment:checking '/mnt/USB_DISK/ros2_workspace/install/mecanum_drive_controller/lib'
[2.194s] Level 1:colcon.colcon_core.shell:create_environment_hook('mecanum_drive_controller', 'ld_library_path_lib')
[2.196s] INFO:colcon.colcon_core.shell:Creating environment hook '/mnt/USB_DISK/ros2_workspace/install/mecanum_drive_controller/share/mecanum_drive_controller/hook/ld_library_path_lib.ps1'
[2.200s] INFO:colcon.colcon_core.shell:Creating environment descriptor '/mnt/USB_DISK/ros2_workspace/install/mecanum_drive_controller/share/mecanum_drive_controller/hook/ld_library_path_lib.dsv'
[2.204s] INFO:colcon.colcon_core.shell:Creating environment hook '/mnt/USB_DISK/ros2_workspace/install/mecanum_drive_controller/share/mecanum_drive_controller/hook/ld_library_path_lib.sh'
[2.208s] Level 1:colcon.colcon_core.environment:checking '/mnt/USB_DISK/ros2_workspace/install/mecanum_drive_controller/bin'
[2.209s] Level 1:colcon.colcon_core.environment:checking '/mnt/USB_DISK/ros2_workspace/install/mecanum_drive_controller/lib/pkgconfig/mecanum_drive_controller.pc'
[2.211s] Level 1:colcon.colcon_core.environment:checking '/mnt/USB_DISK/ros2_workspace/install/mecanum_drive_controller/lib/python3.10/site-packages'
[2.212s] Level 1:colcon.colcon_core.environment:checking '/mnt/USB_DISK/ros2_workspace/install/mecanum_drive_controller/bin'
[2.215s] INFO:colcon.colcon_core.shell:Creating package script '/mnt/USB_DISK/ros2_workspace/install/mecanum_drive_controller/share/mecanum_drive_controller/package.ps1'
[2.220s] INFO:colcon.colcon_core.shell:Creating package descriptor '/mnt/USB_DISK/ros2_workspace/install/mecanum_drive_controller/share/mecanum_drive_controller/package.dsv'
[2.224s] INFO:colcon.colcon_core.shell:Creating package script '/mnt/USB_DISK/ros2_workspace/install/mecanum_drive_controller/share/mecanum_drive_controller/package.sh'
[2.231s] INFO:colcon.colcon_core.shell:Creating package script '/mnt/USB_DISK/ros2_workspace/install/mecanum_drive_controller/share/mecanum_drive_controller/package.bash'
[2.236s] INFO:colcon.colcon_core.shell:Creating package script '/mnt/USB_DISK/ros2_workspace/install/mecanum_drive_controller/share/mecanum_drive_controller/package.zsh'
[2.239s] Level 1:colcon.colcon_core.environment:create_file_with_runtime_dependencies(/mnt/USB_DISK/ros2_workspace/install/mecanum_drive_controller/share/colcon-core/packages/mecanum_drive_controller)
[2.244s] Level 1:colcon.colcon_core.environment:create_environment_scripts_only(mecanum_drive_controller)
[2.245s] Level 1:colcon.colcon_core.environment:checking '/mnt/USB_DISK/ros2_workspace/install/mecanum_drive_controller' for CMake module files
[2.248s] Level 1:colcon.colcon_core.environment:checking '/mnt/USB_DISK/ros2_workspace/install/mecanum_drive_controller' for CMake config files
[2.250s] Level 1:colcon.colcon_core.shell:create_environment_hook('mecanum_drive_controller', 'cmake_prefix_path')
[2.251s] INFO:colcon.colcon_core.shell:Creating environment hook '/mnt/USB_DISK/ros2_workspace/install/mecanum_drive_controller/share/mecanum_drive_controller/hook/cmake_prefix_path.ps1'
[2.253s] INFO:colcon.colcon_core.shell:Creating environment descriptor '/mnt/USB_DISK/ros2_workspace/install/mecanum_drive_controller/share/mecanum_drive_controller/hook/cmake_prefix_path.dsv'
[2.256s] INFO:colcon.colcon_core.shell:Creating environment hook '/mnt/USB_DISK/ros2_workspace/install/mecanum_drive_controller/share/mecanum_drive_controller/hook/cmake_prefix_path.sh'
[2.259s] Level 1:colcon.colcon_core.environment:checking '/mnt/USB_DISK/ros2_workspace/install/mecanum_drive_controller/lib'
[2.259s] Level 1:colcon.colcon_core.shell:create_environment_hook('mecanum_drive_controller', 'ld_library_path_lib')
[2.260s] INFO:colcon.colcon_core.shell:Creating environment hook '/mnt/USB_DISK/ros2_workspace/install/mecanum_drive_controller/share/mecanum_drive_controller/hook/ld_library_path_lib.ps1'
[2.263s] INFO:colcon.colcon_core.shell:Creating environment descriptor '/mnt/USB_DISK/ros2_workspace/install/mecanum_drive_controller/share/mecanum_drive_controller/hook/ld_library_path_lib.dsv'
[2.271s] INFO:colcon.colcon_core.shell:Creating environment hook '/mnt/USB_DISK/ros2_workspace/install/mecanum_drive_controller/share/mecanum_drive_controller/hook/ld_library_path_lib.sh'
[2.277s] Level 1:colcon.colcon_core.environment:checking '/mnt/USB_DISK/ros2_workspace/install/mecanum_drive_controller/bin'
[2.277s] Level 1:colcon.colcon_core.environment:checking '/mnt/USB_DISK/ros2_workspace/install/mecanum_drive_controller/lib/pkgconfig/mecanum_drive_controller.pc'
[2.278s] Level 1:colcon.colcon_core.environment:checking '/mnt/USB_DISK/ros2_workspace/install/mecanum_drive_controller/lib/python3.10/site-packages'
[2.280s] Level 1:colcon.colcon_core.environment:checking '/mnt/USB_DISK/ros2_workspace/install/mecanum_drive_controller/bin'
[2.281s] INFO:colcon.colcon_core.shell:Creating package script '/mnt/USB_DISK/ros2_workspace/install/mecanum_drive_controller/share/mecanum_drive_controller/package.ps1'
[2.284s] INFO:colcon.colcon_core.shell:Creating package descriptor '/mnt/USB_DISK/ros2_workspace/install/mecanum_drive_controller/share/mecanum_drive_controller/package.dsv'
[2.289s] INFO:colcon.colcon_core.shell:Creating package script '/mnt/USB_DISK/ros2_workspace/install/mecanum_drive_controller/share/mecanum_drive_controller/package.sh'
[2.292s] INFO:colcon.colcon_core.shell:Creating package script '/mnt/USB_DISK/ros2_workspace/install/mecanum_drive_controller/share/mecanum_drive_controller/package.bash'
[2.294s] INFO:colcon.colcon_core.shell:Creating package script '/mnt/USB_DISK/ros2_workspace/install/mecanum_drive_controller/share/mecanum_drive_controller/package.zsh'
[2.297s] Level 1:colcon.colcon_core.environment:create_file_with_runtime_dependencies(/mnt/USB_DISK/ros2_workspace/install/mecanum_drive_controller/share/colcon-core/packages/mecanum_drive_controller)
[4.595s] DEBUG:colcon.colcon_core.event_handler.log_command:Invoked command in '/mnt/USB_DISK/ros2_workspace/build/my_robot' returned '0': CMAKE_PREFIX_PATH=${CMAKE_PREFIX_PATH}:/opt/ros/humble /usr/bin/cmake --build /mnt/USB_DISK/ros2_workspace/build/my_robot -- -j4 -l4
[4.605s] DEBUG:colcon.colcon_core.event_handler.log_command:Invoking command in '/mnt/USB_DISK/ros2_workspace/build/my_robot': CMAKE_PREFIX_PATH=${CMAKE_PREFIX_PATH}:/opt/ros/humble /usr/bin/cmake --install /mnt/USB_DISK/ros2_workspace/build/my_robot
[4.652s] Level 1:colcon.colcon_core.environment:create_environment_scripts_only(my_robot)
[4.653s] Level 1:colcon.colcon_core.environment:checking '/mnt/USB_DISK/ros2_workspace/install/my_robot' for CMake module files
[4.666s] Level 1:colcon.colcon_core.environment:checking '/mnt/USB_DISK/ros2_workspace/install/my_robot' for CMake config files
[4.669s] Level 1:colcon.colcon_core.shell:create_environment_hook('my_robot', 'cmake_prefix_path')
[4.670s] INFO:colcon.colcon_core.shell:Creating environment hook '/mnt/USB_DISK/ros2_workspace/install/my_robot/share/my_robot/hook/cmake_prefix_path.ps1'
[4.675s] INFO:colcon.colcon_core.shell:Creating environment descriptor '/mnt/USB_DISK/ros2_workspace/install/my_robot/share/my_robot/hook/cmake_prefix_path.dsv'
[4.678s] DEBUG:colcon.colcon_core.event_handler.log_command:Invoked command in '/mnt/USB_DISK/ros2_workspace/build/my_robot' returned '1': CMAKE_PREFIX_PATH=${CMAKE_PREFIX_PATH}:/opt/ros/humble /usr/bin/cmake --install /mnt/USB_DISK/ros2_workspace/build/my_robot
[4.681s] INFO:colcon.colcon_core.shell:Creating environment hook '/mnt/USB_DISK/ros2_workspace/install/my_robot/share/my_robot/hook/cmake_prefix_path.sh'
[4.684s] Level 1:colcon.colcon_core.environment:checking '/mnt/USB_DISK/ros2_workspace/install/my_robot/lib'
[4.684s] Level 1:colcon.colcon_core.environment:checking '/mnt/USB_DISK/ros2_workspace/install/my_robot/bin'
[4.685s] Level 1:colcon.colcon_core.environment:checking '/mnt/USB_DISK/ros2_workspace/install/my_robot/lib/pkgconfig/my_robot.pc'
[4.686s] Level 1:colcon.colcon_core.environment:checking '/mnt/USB_DISK/ros2_workspace/install/my_robot/lib/python3.10/site-packages'
[4.687s] Level 1:colcon.colcon_core.environment:checking '/mnt/USB_DISK/ros2_workspace/install/my_robot/bin'
[4.688s] INFO:colcon.colcon_core.shell:Creating package script '/mnt/USB_DISK/ros2_workspace/install/my_robot/share/my_robot/package.ps1'
[4.691s] INFO:colcon.colcon_core.shell:Creating package descriptor '/mnt/USB_DISK/ros2_workspace/install/my_robot/share/my_robot/package.dsv'
[4.694s] INFO:colcon.colcon_core.shell:Creating package script '/mnt/USB_DISK/ros2_workspace/install/my_robot/share/my_robot/package.sh'
[4.696s] INFO:colcon.colcon_core.shell:Creating package script '/mnt/USB_DISK/ros2_workspace/install/my_robot/share/my_robot/package.bash'
[4.699s] INFO:colcon.colcon_core.shell:Creating package script '/mnt/USB_DISK/ros2_workspace/install/my_robot/share/my_robot/package.zsh'
[4.701s] Level 1:colcon.colcon_core.environment:create_file_with_runtime_dependencies(/mnt/USB_DISK/ros2_workspace/install/my_robot/share/colcon-core/packages/my_robot)
[4.714s] DEBUG:colcon.colcon_parallel_executor.executor.parallel:closing loop
[4.715s] DEBUG:colcon.colcon_parallel_executor.executor.parallel:loop closed
[4.715s] DEBUG:colcon.colcon_parallel_executor.executor.parallel:run_until_complete finished with '1'
[4.716s] DEBUG:colcon.colcon_core.event_reactor:joining thread
[4.740s] INFO:colcon.colcon_core.plugin_system:Skipping extension 'colcon_notification.desktop_notification.notify_send': Could not find 'notify-send'
[4.740s] INFO:colcon.colcon_core.plugin_system:Skipping extension 'colcon_notification.desktop_notification.terminal_notifier': Not used on non-Darwin systems
[4.740s] INFO:colcon.colcon_core.plugin_system:Skipping extension 'colcon_notification.desktop_notification.win32': Not used on non-Windows systems
[4.741s] INFO:colcon.colcon_notification.desktop_notification:Sending desktop notification using 'notify2'
[4.744s] DEBUG:colcon.colcon_notification.desktop_notification.notify2:Failed to initialize notify2: org.freedesktop.DBus.Error.ServiceUnknown: The name org.freedesktop.Notifications was not provided by any .service files
[4.744s] DEBUG:colcon.colcon_core.event_reactor:joined thread
[4.745s] INFO:colcon.colcon_core.shell:Creating prefix script '/mnt/USB_DISK/ros2_workspace/install/local_setup.ps1'
[4.749s] INFO:colcon.colcon_core.shell:Creating prefix util module '/mnt/USB_DISK/ros2_workspace/install/_local_setup_util_ps1.py'
[4.756s] INFO:colcon.colcon_core.shell:Creating prefix chain script '/mnt/USB_DISK/ros2_workspace/install/setup.ps1'
[4.762s] INFO:colcon.colcon_core.shell:Creating prefix script '/mnt/USB_DISK/ros2_workspace/install/local_setup.sh'
[4.764s] INFO:colcon.colcon_core.shell:Creating prefix util module '/mnt/USB_DISK/ros2_workspace/install/_local_setup_util_sh.py'
[4.767s] INFO:colcon.colcon_core.shell:Creating prefix chain script '/mnt/USB_DISK/ros2_workspace/install/setup.sh'
[4.772s] INFO:colcon.colcon_core.shell:Creating prefix script '/mnt/USB_DISK/ros2_workspace/install/local_setup.bash'
[4.774s] INFO:colcon.colcon_core.shell:Creating prefix chain script '/mnt/USB_DISK/ros2_workspace/install/setup.bash'
[4.779s] INFO:colcon.colcon_core.shell:Creating prefix script '/mnt/USB_DISK/ros2_workspace/install/local_setup.zsh'
[4.781s] INFO:colcon.colcon_core.shell:Creating prefix chain script '/mnt/USB_DISK/ros2_workspace/install/setup.zsh'
