[0.082s] Invoking command in '/mnt/USB_DISK/ros2_workspace/build/rplidar_ros': CMAKE_PREFIX_PATH=${CMAKE_PREFIX_PATH}:/opt/ros/humble /usr/bin/cmake --build /mnt/USB_DISK/ros2_workspace/build/rplidar_ros -- -j4 -l4
[0.462s] [ 47%] Built target rplidar_node
[0.497s] [ 52%] Built target rplidar_client
[0.522s] [100%] Built target rplidar_composition
[0.995s] Invoked command in '/mnt/USB_DISK/ros2_workspace/build/rplidar_ros' returned '0': CMAKE_PREFIX_PATH=${CMAKE_PREFIX_PATH}:/opt/ros/humble /usr/bin/cmake --build /mnt/USB_DISK/ros2_workspace/build/rplidar_ros -- -j4 -l4
[1.003s] Invoking command in '/mnt/USB_DISK/ros2_workspace/build/rplidar_ros': CMAKE_PREFIX_PATH=${CMAKE_PREFIX_PATH}:/opt/ros/humble /usr/bin/cmake --install /mnt/USB_DISK/ros2_workspace/build/rplidar_ros
[1.033s] -- Install configuration: ""
[1.034s] -- Up-to-date: /mnt/USB_DISK/ros2_workspace/install/rplidar_ros/share/rplidar_ros/launch
[1.035s] -- Up-to-date: /mnt/USB_DISK/ros2_workspace/install/rplidar_ros/share/rplidar_ros/launch/view_rplidar_s2e_launch.py
[1.038s] -- Up-to-date: /mnt/USB_DISK/ros2_workspace/install/rplidar_ros/share/rplidar_ros/launch/view_rplidar_s1_launch.py
[1.039s] -- Up-to-date: /mnt/USB_DISK/ros2_workspace/install/rplidar_ros/share/rplidar_ros/launch/rplidar_a1_launch.py
[1.040s] -- Up-to-date: /mnt/USB_DISK/ros2_workspace/install/rplidar_ros/share/rplidar_ros/launch/rplidar_a2m8_launch.py
[1.041s] -- Up-to-date: /mnt/USB_DISK/ros2_workspace/install/rplidar_ros/share/rplidar_ros/launch/rplidar_c1_launch.py
[1.042s] -- Up-to-date: /mnt/USB_DISK/ros2_workspace/install/rplidar_ros/share/rplidar_ros/launch/view_rplidar_a1_launch.py
[1.043s] -- Up-to-date: /mnt/USB_DISK/ros2_workspace/install/rplidar_ros/share/rplidar_ros/launch/rplidar_s1_launch.py
[1.043s] -- Up-to-date: /mnt/USB_DISK/ros2_workspace/install/rplidar_ros/share/rplidar_ros/launch/view_rplidar_s2_launch.py
[1.046s] -- Up-to-date: /mnt/USB_DISK/ros2_workspace/install/rplidar_ros/share/rplidar_ros/launch/view_rplidar_a3_launch.py
[1.047s] -- Up-to-date: /mnt/USB_DISK/ros2_workspace/install/rplidar_ros/share/rplidar_ros/launch/view_rplidar_s3_launch.py
[1.048s] -- Up-to-date: /mnt/USB_DISK/ros2_workspace/install/rplidar_ros/share/rplidar_ros/launch/view_rplidar_c1_launch.py
[1.049s] -- Up-to-date: /mnt/USB_DISK/ros2_workspace/install/rplidar_ros/share/rplidar_ros/launch/rplidar_s3_launch.py
[1.051s] -- Up-to-date: /mnt/USB_DISK/ros2_workspace/install/rplidar_ros/share/rplidar_ros/launch/rplidar_s1_tcp_launch.py
[1.052s] -- Up-to-date: /mnt/USB_DISK/ros2_workspace/install/rplidar_ros/share/rplidar_ros/launch/rplidar_s2e_launch.py
[1.053s] -- Up-to-date: /mnt/USB_DISK/ros2_workspace/install/rplidar_ros/share/rplidar_ros/launch/rplidar_s2_launch.py
[1.054s] -- Up-to-date: /mnt/USB_DISK/ros2_workspace/install/rplidar_ros/share/rplidar_ros/launch/view_rplidar_a2m12_launch.py
[1.055s] -- Up-to-date: /mnt/USB_DISK/ros2_workspace/install/rplidar_ros/share/rplidar_ros/launch/rplidar_a2m7_launch.py
[1.057s] -- Up-to-date: /mnt/USB_DISK/ros2_workspace/install/rplidar_ros/share/rplidar_ros/launch/view_rplidar_a2m7_launch.py
[1.059s] -- Up-to-date: /mnt/USB_DISK/ros2_workspace/install/rplidar_ros/share/rplidar_ros/launch/view_rplidar_t1_launch.py
[1.062s] -- Up-to-date: /mnt/USB_DISK/ros2_workspace/install/rplidar_ros/share/rplidar_ros/launch/rplidar_a2m12_launch.py
[1.065s] -- Up-to-date: /mnt/USB_DISK/ros2_workspace/install/rplidar_ros/share/rplidar_ros/launch/view_rplidar_a2m8_launch.py
[1.066s] -- Up-to-date: /mnt/USB_DISK/ros2_workspace/install/rplidar_ros/share/rplidar_ros/launch/rplidar_a3_launch.py
[1.067s] -- Up-to-date: /mnt/USB_DISK/ros2_workspace/install/rplidar_ros/share/rplidar_ros/launch/view_rplidar_s1_tcp_launch.py
[1.068s] -- Up-to-date: /mnt/USB_DISK/ros2_workspace/install/rplidar_ros/share/rplidar_ros/launch/rplidar_t1_launch.py
[1.069s] -- Up-to-date: /mnt/USB_DISK/ros2_workspace/install/rplidar_ros/share/rplidar_ros/rviz
[1.070s] -- Up-to-date: /mnt/USB_DISK/ros2_workspace/install/rplidar_ros/share/rplidar_ros/rviz/rplidar_ros.rviz
[1.071s] -- Up-to-date: /mnt/USB_DISK/ros2_workspace/install/rplidar_ros/lib/rplidar_ros/rplidar_node
[1.072s] -- Up-to-date: /mnt/USB_DISK/ros2_workspace/install/rplidar_ros/lib/rplidar_ros/rplidar_composition
[1.072s] -- Up-to-date: /mnt/USB_DISK/ros2_workspace/install/rplidar_ros/lib/rplidar_ros/rplidar_client
[1.074s] -- Up-to-date: /mnt/USB_DISK/ros2_workspace/install/rplidar_ros/share/ament_index/resource_index/package_run_dependencies/rplidar_ros
[1.075s] -- Up-to-date: /mnt/USB_DISK/ros2_workspace/install/rplidar_ros/share/ament_index/resource_index/parent_prefix_path/rplidar_ros
[1.076s] -- Up-to-date: /mnt/USB_DISK/ros2_workspace/install/rplidar_ros/share/rplidar_ros/environment/ament_prefix_path.sh
[1.077s] -- Up-to-date: /mnt/USB_DISK/ros2_workspace/install/rplidar_ros/share/rplidar_ros/environment/ament_prefix_path.dsv
[1.077s] -- Up-to-date: /mnt/USB_DISK/ros2_workspace/install/rplidar_ros/share/rplidar_ros/environment/path.sh
[1.079s] -- Up-to-date: /mnt/USB_DISK/ros2_workspace/install/rplidar_ros/share/rplidar_ros/environment/path.dsv
[1.080s] -- Up-to-date: /mnt/USB_DISK/ros2_workspace/install/rplidar_ros/share/rplidar_ros/local_setup.bash
[1.080s] -- Up-to-date: /mnt/USB_DISK/ros2_workspace/install/rplidar_ros/share/rplidar_ros/local_setup.sh
[1.081s] -- Up-to-date: /mnt/USB_DISK/ros2_workspace/install/rplidar_ros/share/rplidar_ros/local_setup.zsh
[1.082s] -- Up-to-date: /mnt/USB_DISK/ros2_workspace/install/rplidar_ros/share/rplidar_ros/local_setup.dsv
[1.082s] -- Installing: /mnt/USB_DISK/ros2_workspace/install/rplidar_ros/share/rplidar_ros/package.dsv
[1.083s] -- Up-to-date: /mnt/USB_DISK/ros2_workspace/install/rplidar_ros/share/ament_index/resource_index/packages/rplidar_ros
[1.083s] -- Up-to-date: /mnt/USB_DISK/ros2_workspace/install/rplidar_ros/share/rplidar_ros/cmake/ament_cmake_export_dependencies-extras.cmake
[1.084s] -- Up-to-date: /mnt/USB_DISK/ros2_workspace/install/rplidar_ros/share/rplidar_ros/cmake/ament_cmake_export_include_directories-extras.cmake
[1.085s] -- Up-to-date: /mnt/USB_DISK/ros2_workspace/install/rplidar_ros/share/rplidar_ros/cmake/rplidar_rosConfig.cmake
[1.088s] -- Up-to-date: /mnt/USB_DISK/ros2_workspace/install/rplidar_ros/share/rplidar_ros/cmake/rplidar_rosConfig-version.cmake
[1.089s] -- Up-to-date: /mnt/USB_DISK/ros2_workspace/install/rplidar_ros/share/rplidar_ros/package.xml
[1.095s] Invoked command in '/mnt/USB_DISK/ros2_workspace/build/rplidar_ros' returned '0': CMAKE_PREFIX_PATH=${CMAKE_PREFIX_PATH}:/opt/ros/humble /usr/bin/cmake --install /mnt/USB_DISK/ros2_workspace/build/rplidar_ros
