[0.413s] DEBUG:colcon:Command line arguments: ['/usr/bin/colcon', 'build']
[0.414s] DEBUG:colcon:Parsed command line arguments: Namespace(log_base=None, log_level=None, verb_name='build', build_base='/mnt/USB_DISK/ros2_workspace/build', install_base='/mnt/USB_DISK/ros2_workspace/install', merge_install=False, symlink_install=False, test_result_base=None, continue_on_error=False, executor='parallel', parallel_workers=4, event_handlers=None, ignore_user_meta=False, metas=['./colcon.meta'], base_paths=['.'], packages_ignore=None, packages_ignore_regex=None, paths=None, packages_up_to=None, packages_up_to_regex=None, packages_above=None, packages_above_and_dependencies=None, packages_above_depth=None, packages_select_by_dep=None, packages_skip_by_dep=None, packages_skip_up_to=None, packages_select_build_failed=False, packages_skip_build_finished=False, packages_select_test_failures=False, packages_skip_test_passed=False, packages_select=None, packages_skip=None, packages_select_regex=None, packages_skip_regex=None, packages_start=None, packages_end=None, allow_overriding=[], cmake_args=None, cmake_target=None, cmake_target_skip_unavailable=False, cmake_clean_cache=False, cmake_clean_first=False, cmake_force_configure=False, ament_cmake_args=None, catkin_cmake_args=None, catkin_skip_building_tests=False, verb_parser=<colcon_defaults.argument_parser.defaults.DefaultArgumentsDecorator object at 0xffff9b5ce5f0>, verb_extension=<colcon_core.verb.build.BuildVerb object at 0xffff9b6dba60>, main=<bound method BuildVerb.main of <colcon_core.verb.build.BuildVerb object at 0xffff9b6dba60>>)
[1.077s] Level 1:colcon.colcon_core.package_discovery:discover_packages(colcon_meta) check parameters
[1.078s] Level 1:colcon.colcon_core.package_discovery:discover_packages(recursive) check parameters
[1.078s] Level 1:colcon.colcon_core.package_discovery:discover_packages(ignore) check parameters
[1.078s] Level 1:colcon.colcon_core.package_discovery:discover_packages(path) check parameters
[1.078s] Level 1:colcon.colcon_core.package_discovery:discover_packages(colcon_meta) discover
[1.079s] Level 1:colcon.colcon_core.package_discovery:discover_packages(recursive) discover
[1.079s] INFO:colcon.colcon_core.package_discovery:Crawling recursively for packages in '/home/as33697920/larry_ws'
[1.079s] Level 1:colcon.colcon_core.package_identification:_identify(.) by extensions ['ignore', 'ignore_ament_install']
[1.080s] Level 1:colcon.colcon_core.package_identification:_identify(.) by extension 'ignore'
[1.080s] Level 1:colcon.colcon_core.package_identification:_identify(.) by extension 'ignore_ament_install'
[1.080s] Level 1:colcon.colcon_core.package_identification:_identify(.) by extensions ['colcon_pkg']
[1.080s] Level 1:colcon.colcon_core.package_identification:_identify(.) by extension 'colcon_pkg'
[1.081s] Level 1:colcon.colcon_core.package_identification:_identify(.) by extensions ['colcon_meta']
[1.081s] Level 1:colcon.colcon_core.package_identification:_identify(.) by extension 'colcon_meta'
[1.081s] Level 1:colcon.colcon_core.package_identification:_identify(.) by extensions ['ros']
[1.081s] Level 1:colcon.colcon_core.package_identification:_identify(.) by extension 'ros'
[1.130s] Level 1:colcon.colcon_core.package_identification:_identify(.) by extensions ['cmake', 'python']
[1.131s] Level 1:colcon.colcon_core.package_identification:_identify(.) by extension 'cmake'
[1.131s] Level 1:colcon.colcon_core.package_identification:_identify(.) by extension 'python'
[1.131s] Level 1:colcon.colcon_core.package_identification:_identify(.) by extensions ['python_setup_py']
[1.131s] Level 1:colcon.colcon_core.package_identification:_identify(.) by extension 'python_setup_py'
[1.132s] Level 1:colcon.colcon_core.package_identification:_identify(kai) by extensions ['ignore', 'ignore_ament_install']
[1.132s] Level 1:colcon.colcon_core.package_identification:_identify(kai) by extension 'ignore'
[1.133s] Level 1:colcon.colcon_core.package_identification:_identify(kai) by extension 'ignore_ament_install'
[1.133s] Level 1:colcon.colcon_core.package_identification:_identify(kai) by extensions ['colcon_pkg']
[1.133s] Level 1:colcon.colcon_core.package_identification:_identify(kai) by extension 'colcon_pkg'
[1.133s] Level 1:colcon.colcon_core.package_identification:_identify(kai) by extensions ['colcon_meta']
[1.133s] Level 1:colcon.colcon_core.package_identification:_identify(kai) by extension 'colcon_meta'
[1.134s] Level 1:colcon.colcon_core.package_identification:_identify(kai) by extensions ['ros']
[1.134s] Level 1:colcon.colcon_core.package_identification:_identify(kai) by extension 'ros'
[1.134s] Level 1:colcon.colcon_core.package_identification:_identify(kai) by extensions ['cmake', 'python']
[1.134s] Level 1:colcon.colcon_core.package_identification:_identify(kai) by extension 'cmake'
[1.134s] Level 1:colcon.colcon_core.package_identification:_identify(kai) by extension 'python'
[1.135s] Level 1:colcon.colcon_core.package_identification:_identify(kai) by extensions ['python_setup_py']
[1.135s] Level 1:colcon.colcon_core.package_identification:_identify(kai) by extension 'python_setup_py'
[1.135s] Level 1:colcon.colcon_core.package_identification:_identify(kai/__pycache__) by extensions ['ignore', 'ignore_ament_install']
[1.136s] Level 1:colcon.colcon_core.package_identification:_identify(kai/__pycache__) by extension 'ignore'
[1.136s] Level 1:colcon.colcon_core.package_identification:_identify(kai/__pycache__) by extension 'ignore_ament_install'
[1.136s] Level 1:colcon.colcon_core.package_identification:_identify(kai/__pycache__) by extensions ['colcon_pkg']
[1.136s] Level 1:colcon.colcon_core.package_identification:_identify(kai/__pycache__) by extension 'colcon_pkg'
[1.136s] Level 1:colcon.colcon_core.package_identification:_identify(kai/__pycache__) by extensions ['colcon_meta']
[1.136s] Level 1:colcon.colcon_core.package_identification:_identify(kai/__pycache__) by extension 'colcon_meta'
[1.137s] Level 1:colcon.colcon_core.package_identification:_identify(kai/__pycache__) by extensions ['ros']
[1.137s] Level 1:colcon.colcon_core.package_identification:_identify(kai/__pycache__) by extension 'ros'
[1.137s] Level 1:colcon.colcon_core.package_identification:_identify(kai/__pycache__) by extensions ['cmake', 'python']
[1.137s] Level 1:colcon.colcon_core.package_identification:_identify(kai/__pycache__) by extension 'cmake'
[1.137s] Level 1:colcon.colcon_core.package_identification:_identify(kai/__pycache__) by extension 'python'
[1.138s] Level 1:colcon.colcon_core.package_identification:_identify(kai/__pycache__) by extensions ['python_setup_py']
[1.138s] Level 1:colcon.colcon_core.package_identification:_identify(kai/__pycache__) by extension 'python_setup_py'
[1.139s] Level 1:colcon.colcon_core.package_identification:_identify(log) by extensions ['ignore', 'ignore_ament_install']
[1.140s] Level 1:colcon.colcon_core.package_identification:_identify(log) by extension 'ignore'
[1.140s] Level 1:colcon.colcon_core.package_identification:_identify(log) ignored
[1.140s] Level 1:colcon.colcon_core.package_identification:_identify(src) by extensions ['ignore', 'ignore_ament_install']
[1.141s] Level 1:colcon.colcon_core.package_identification:_identify(src) by extension 'ignore'
[1.141s] Level 1:colcon.colcon_core.package_identification:_identify(src) by extension 'ignore_ament_install'
[1.141s] Level 1:colcon.colcon_core.package_identification:_identify(src) by extensions ['colcon_pkg']
[1.141s] Level 1:colcon.colcon_core.package_identification:_identify(src) by extension 'colcon_pkg'
[1.142s] Level 1:colcon.colcon_core.package_identification:_identify(src) by extensions ['colcon_meta']
[1.142s] Level 1:colcon.colcon_core.package_identification:_identify(src) by extension 'colcon_meta'
[1.142s] Level 1:colcon.colcon_core.package_identification:_identify(src) by extensions ['ros']
[1.142s] Level 1:colcon.colcon_core.package_identification:_identify(src) by extension 'ros'
[1.142s] Level 1:colcon.colcon_core.package_identification:_identify(src) by extensions ['cmake', 'python']
[1.142s] Level 1:colcon.colcon_core.package_identification:_identify(src) by extension 'cmake'
[1.143s] Level 1:colcon.colcon_core.package_identification:_identify(src) by extension 'python'
[1.143s] Level 1:colcon.colcon_core.package_identification:_identify(src) by extensions ['python_setup_py']
[1.143s] Level 1:colcon.colcon_core.package_identification:_identify(src) by extension 'python_setup_py'
[1.144s] Level 1:colcon.colcon_core.package_identification:_identify(src/waterbot) by extensions ['ignore', 'ignore_ament_install']
[1.144s] Level 1:colcon.colcon_core.package_identification:_identify(src/waterbot) by extension 'ignore'
[1.144s] Level 1:colcon.colcon_core.package_identification:_identify(src/waterbot) by extension 'ignore_ament_install'
[1.144s] Level 1:colcon.colcon_core.package_identification:_identify(src/waterbot) by extensions ['colcon_pkg']
[1.144s] Level 1:colcon.colcon_core.package_identification:_identify(src/waterbot) by extension 'colcon_pkg'
[1.145s] Level 1:colcon.colcon_core.package_identification:_identify(src/waterbot) by extensions ['colcon_meta']
[1.145s] Level 1:colcon.colcon_core.package_identification:_identify(src/waterbot) by extension 'colcon_meta'
[1.145s] Level 1:colcon.colcon_core.package_identification:_identify(src/waterbot) by extensions ['ros']
[1.145s] Level 1:colcon.colcon_core.package_identification:_identify(src/waterbot) by extension 'ros'
[1.145s] Level 1:colcon.colcon_core.package_identification:_identify(src/waterbot) by extensions ['cmake', 'python']
[1.146s] Level 1:colcon.colcon_core.package_identification:_identify(src/waterbot) by extension 'cmake'
[1.146s] Level 1:colcon.colcon_core.package_identification:_identify(src/waterbot) by extension 'python'
[1.146s] Level 1:colcon.colcon_core.package_identification:_identify(src/waterbot) by extensions ['python_setup_py']
[1.146s] Level 1:colcon.colcon_core.package_identification:_identify(src/waterbot) by extension 'python_setup_py'
[1.147s] Level 1:colcon.colcon_core.package_identification:_identify(src/waterbot/mecanum_drive_controller) by extensions ['ignore', 'ignore_ament_install']
[1.147s] Level 1:colcon.colcon_core.package_identification:_identify(src/waterbot/mecanum_drive_controller) by extension 'ignore'
[1.147s] Level 1:colcon.colcon_core.package_identification:_identify(src/waterbot/mecanum_drive_controller) by extension 'ignore_ament_install'
[1.148s] Level 1:colcon.colcon_core.package_identification:_identify(src/waterbot/mecanum_drive_controller) by extensions ['colcon_pkg']
[1.148s] Level 1:colcon.colcon_core.package_identification:_identify(src/waterbot/mecanum_drive_controller) by extension 'colcon_pkg'
[1.148s] Level 1:colcon.colcon_core.package_identification:_identify(src/waterbot/mecanum_drive_controller) by extensions ['colcon_meta']
[1.148s] Level 1:colcon.colcon_core.package_identification:_identify(src/waterbot/mecanum_drive_controller) by extension 'colcon_meta'
[1.148s] Level 1:colcon.colcon_core.package_identification:_identify(src/waterbot/mecanum_drive_controller) by extensions ['ros']
[1.148s] Level 1:colcon.colcon_core.package_identification:_identify(src/waterbot/mecanum_drive_controller) by extension 'ros'
[1.162s] DEBUG:colcon.colcon_core.package_identification:Package 'src/waterbot/mecanum_drive_controller' with type 'ros.ament_cmake' and name 'mecanum_drive_controller'
[1.163s] Level 1:colcon.colcon_core.package_identification:_identify(src/waterbot/my_robot) by extensions ['ignore', 'ignore_ament_install']
[1.163s] Level 1:colcon.colcon_core.package_identification:_identify(src/waterbot/my_robot) by extension 'ignore'
[1.163s] Level 1:colcon.colcon_core.package_identification:_identify(src/waterbot/my_robot) by extension 'ignore_ament_install'
[1.164s] Level 1:colcon.colcon_core.package_identification:_identify(src/waterbot/my_robot) by extensions ['colcon_pkg']
[1.164s] Level 1:colcon.colcon_core.package_identification:_identify(src/waterbot/my_robot) by extension 'colcon_pkg'
[1.164s] Level 1:colcon.colcon_core.package_identification:_identify(src/waterbot/my_robot) by extensions ['colcon_meta']
[1.164s] Level 1:colcon.colcon_core.package_identification:_identify(src/waterbot/my_robot) by extension 'colcon_meta'
[1.164s] Level 1:colcon.colcon_core.package_identification:_identify(src/waterbot/my_robot) by extensions ['ros']
[1.165s] Level 1:colcon.colcon_core.package_identification:_identify(src/waterbot/my_robot) by extension 'ros'
[1.169s] DEBUG:colcon.colcon_core.package_identification:Package 'src/waterbot/my_robot' with type 'ros.ament_cmake' and name 'my_robot'
[1.170s] Level 1:colcon.colcon_core.package_identification:_identify(src/waterbot/rplidar_ros) by extensions ['ignore', 'ignore_ament_install']
[1.170s] Level 1:colcon.colcon_core.package_identification:_identify(src/waterbot/rplidar_ros) by extension 'ignore'
[1.170s] Level 1:colcon.colcon_core.package_identification:_identify(src/waterbot/rplidar_ros) by extension 'ignore_ament_install'
[1.171s] Level 1:colcon.colcon_core.package_identification:_identify(src/waterbot/rplidar_ros) by extensions ['colcon_pkg']
[1.171s] Level 1:colcon.colcon_core.package_identification:_identify(src/waterbot/rplidar_ros) by extension 'colcon_pkg'
[1.171s] Level 1:colcon.colcon_core.package_identification:_identify(src/waterbot/rplidar_ros) by extensions ['colcon_meta']
[1.171s] Level 1:colcon.colcon_core.package_identification:_identify(src/waterbot/rplidar_ros) by extension 'colcon_meta'
[1.171s] Level 1:colcon.colcon_core.package_identification:_identify(src/waterbot/rplidar_ros) by extensions ['ros']
[1.172s] Level 1:colcon.colcon_core.package_identification:_identify(src/waterbot/rplidar_ros) by extension 'ros'
[1.174s] DEBUG:colcon.colcon_core.package_identification:Package 'src/waterbot/rplidar_ros' with type 'ros.ament_cmake' and name 'rplidar_ros'
[1.174s] Level 1:colcon.colcon_core.package_discovery:discover_packages(recursive) using defaults
[1.174s] Level 1:colcon.colcon_core.package_discovery:discover_packages(ignore) discover
[1.175s] Level 1:colcon.colcon_core.package_discovery:discover_packages(ignore) using defaults
[1.175s] Level 1:colcon.colcon_core.package_discovery:discover_packages(path) discover
[1.175s] Level 1:colcon.colcon_core.package_discovery:discover_packages(path) using defaults
[1.250s] Level 1:colcon.colcon_core.package_discovery:discover_packages(prefix_path) check parameters
[1.250s] Level 1:colcon.colcon_core.package_discovery:discover_packages(prefix_path) discover
[1.259s] DEBUG:colcon.colcon_installed_package_information.package_discovery:Found 3 installed packages in /mnt/USB_DISK/ros2_workspace/install
[1.266s] DEBUG:colcon.colcon_installed_package_information.package_discovery:Found 225 installed packages in /opt/ros/humble
[1.272s] Level 1:colcon.colcon_core.package_discovery:discover_packages(prefix_path) using defaults
[1.438s] Level 5:colcon.colcon_core.verb:set package 'mecanum_drive_controller' build argument 'cmake_args' from command line to 'None'
[1.439s] Level 5:colcon.colcon_core.verb:set package 'mecanum_drive_controller' build argument 'cmake_target' from command line to 'None'
[1.441s] Level 5:colcon.colcon_core.verb:set package 'mecanum_drive_controller' build argument 'cmake_target_skip_unavailable' from command line to 'False'
[1.442s] Level 5:colcon.colcon_core.verb:set package 'mecanum_drive_controller' build argument 'cmake_clean_cache' from command line to 'False'
[1.442s] Level 5:colcon.colcon_core.verb:set package 'mecanum_drive_controller' build argument 'cmake_clean_first' from command line to 'False'
[1.442s] Level 5:colcon.colcon_core.verb:set package 'mecanum_drive_controller' build argument 'cmake_force_configure' from command line to 'False'
[1.442s] Level 5:colcon.colcon_core.verb:set package 'mecanum_drive_controller' build argument 'ament_cmake_args' from command line to 'None'
[1.442s] Level 5:colcon.colcon_core.verb:set package 'mecanum_drive_controller' build argument 'catkin_cmake_args' from command line to 'None'
[1.442s] Level 5:colcon.colcon_core.verb:set package 'mecanum_drive_controller' build argument 'catkin_skip_building_tests' from command line to 'False'
[1.442s] DEBUG:colcon.colcon_core.verb:Building package 'mecanum_drive_controller' with the following arguments: {'ament_cmake_args': None, 'build_base': '/mnt/USB_DISK/ros2_workspace/build/mecanum_drive_controller', 'catkin_cmake_args': None, 'catkin_skip_building_tests': False, 'cmake_args': None, 'cmake_clean_cache': False, 'cmake_clean_first': False, 'cmake_force_configure': False, 'cmake_target': None, 'cmake_target_skip_unavailable': False, 'install_base': '/mnt/USB_DISK/ros2_workspace/install/mecanum_drive_controller', 'merge_install': False, 'path': '/home/as33697920/larry_ws/src/waterbot/mecanum_drive_controller', 'symlink_install': False, 'test_result_base': None}
[1.444s] Level 5:colcon.colcon_core.verb:set package 'my_robot' build argument 'cmake_args' from command line to 'None'
[1.444s] Level 5:colcon.colcon_core.verb:set package 'my_robot' build argument 'cmake_target' from command line to 'None'
[1.444s] Level 5:colcon.colcon_core.verb:set package 'my_robot' build argument 'cmake_target_skip_unavailable' from command line to 'False'
[1.445s] Level 5:colcon.colcon_core.verb:set package 'my_robot' build argument 'cmake_clean_cache' from command line to 'False'
[1.445s] Level 5:colcon.colcon_core.verb:set package 'my_robot' build argument 'cmake_clean_first' from command line to 'False'
[1.445s] Level 5:colcon.colcon_core.verb:set package 'my_robot' build argument 'cmake_force_configure' from command line to 'False'
[1.445s] Level 5:colcon.colcon_core.verb:set package 'my_robot' build argument 'ament_cmake_args' from command line to 'None'
[1.445s] Level 5:colcon.colcon_core.verb:set package 'my_robot' build argument 'catkin_cmake_args' from command line to 'None'
[1.445s] Level 5:colcon.colcon_core.verb:set package 'my_robot' build argument 'catkin_skip_building_tests' from command line to 'False'
[1.445s] DEBUG:colcon.colcon_core.verb:Building package 'my_robot' with the following arguments: {'ament_cmake_args': None, 'build_base': '/mnt/USB_DISK/ros2_workspace/build/my_robot', 'catkin_cmake_args': None, 'catkin_skip_building_tests': False, 'cmake_args': None, 'cmake_clean_cache': False, 'cmake_clean_first': False, 'cmake_force_configure': False, 'cmake_target': None, 'cmake_target_skip_unavailable': False, 'install_base': '/mnt/USB_DISK/ros2_workspace/install/my_robot', 'merge_install': False, 'path': '/home/as33697920/larry_ws/src/waterbot/my_robot', 'symlink_install': False, 'test_result_base': None}
[1.447s] Level 5:colcon.colcon_core.verb:set package 'rplidar_ros' build argument 'cmake_args' from command line to 'None'
[1.447s] Level 5:colcon.colcon_core.verb:set package 'rplidar_ros' build argument 'cmake_target' from command line to 'None'
[1.447s] Level 5:colcon.colcon_core.verb:set package 'rplidar_ros' build argument 'cmake_target_skip_unavailable' from command line to 'False'
[1.447s] Level 5:colcon.colcon_core.verb:set package 'rplidar_ros' build argument 'cmake_clean_cache' from command line to 'False'
[1.447s] Level 5:colcon.colcon_core.verb:set package 'rplidar_ros' build argument 'cmake_clean_first' from command line to 'False'
[1.448s] Level 5:colcon.colcon_core.verb:set package 'rplidar_ros' build argument 'cmake_force_configure' from command line to 'False'
[1.448s] Level 5:colcon.colcon_core.verb:set package 'rplidar_ros' build argument 'ament_cmake_args' from command line to 'None'
[1.448s] Level 5:colcon.colcon_core.verb:set package 'rplidar_ros' build argument 'catkin_cmake_args' from command line to 'None'
[1.448s] Level 5:colcon.colcon_core.verb:set package 'rplidar_ros' build argument 'catkin_skip_building_tests' from command line to 'False'
[1.448s] DEBUG:colcon.colcon_core.verb:Building package 'rplidar_ros' with the following arguments: {'ament_cmake_args': None, 'build_base': '/mnt/USB_DISK/ros2_workspace/build/rplidar_ros', 'catkin_cmake_args': None, 'catkin_skip_building_tests': False, 'cmake_args': None, 'cmake_clean_cache': False, 'cmake_clean_first': False, 'cmake_force_configure': False, 'cmake_target': None, 'cmake_target_skip_unavailable': False, 'install_base': '/mnt/USB_DISK/ros2_workspace/install/rplidar_ros', 'merge_install': False, 'path': '/home/as33697920/larry_ws/src/waterbot/rplidar_ros', 'symlink_install': False, 'test_result_base': None}
[1.449s] INFO:colcon.colcon_core.executor:Executing jobs using 'parallel' executor
[1.453s] DEBUG:colcon.colcon_parallel_executor.executor.parallel:run_until_complete
[1.454s] INFO:colcon.colcon_ros.task.ament_cmake.build:Building ROS package in '/home/as33697920/larry_ws/src/waterbot/mecanum_drive_controller' with build type 'ament_cmake'
[1.454s] INFO:colcon.colcon_cmake.task.cmake.build:Building CMake package in '/home/as33697920/larry_ws/src/waterbot/mecanum_drive_controller'
[1.463s] INFO:colcon.colcon_core.plugin_system:Skipping extension 'colcon_core.shell.bat': Not used on non-Windows systems
[1.464s] INFO:colcon.colcon_core.shell:Skip shell extension 'powershell' for command environment: Not usable outside of PowerShell
[1.464s] DEBUG:colcon.colcon_core.shell:Skip shell extension 'dsv' for command environment
[1.481s] INFO:colcon.colcon_ros.task.ament_cmake.build:Building ROS package in '/home/as33697920/larry_ws/src/waterbot/my_robot' with build type 'ament_cmake'
[1.482s] INFO:colcon.colcon_cmake.task.cmake.build:Building CMake package in '/home/as33697920/larry_ws/src/waterbot/my_robot'
[1.483s] INFO:colcon.colcon_core.shell:Skip shell extension 'powershell' for command environment: Not usable outside of PowerShell
[1.483s] DEBUG:colcon.colcon_core.shell:Skip shell extension 'dsv' for command environment
[1.500s] INFO:colcon.colcon_ros.task.ament_cmake.build:Building ROS package in '/home/as33697920/larry_ws/src/waterbot/rplidar_ros' with build type 'ament_cmake'
[1.501s] INFO:colcon.colcon_cmake.task.cmake.build:Building CMake package in '/home/as33697920/larry_ws/src/waterbot/rplidar_ros'
[1.502s] INFO:colcon.colcon_core.shell:Skip shell extension 'powershell' for command environment: Not usable outside of PowerShell
[1.503s] DEBUG:colcon.colcon_core.shell:Skip shell extension 'dsv' for command environment
[1.536s] DEBUG:colcon.colcon_core.event_handler.log_command:Invoking command in '/mnt/USB_DISK/ros2_workspace/build/mecanum_drive_controller': CMAKE_PREFIX_PATH=${CMAKE_PREFIX_PATH}:/opt/ros/humble /usr/bin/cmake --build /mnt/USB_DISK/ros2_workspace/build/mecanum_drive_controller -- -j4 -l4
[1.558s] DEBUG:colcon.colcon_core.event_handler.log_command:Invoking command in '/mnt/USB_DISK/ros2_workspace/build/my_robot': CMAKE_PREFIX_PATH=${CMAKE_PREFIX_PATH}:/opt/ros/humble /usr/bin/cmake --build /mnt/USB_DISK/ros2_workspace/build/my_robot -- -j4 -l4
[1.583s] DEBUG:colcon.colcon_core.event_handler.log_command:Invoking command in '/mnt/USB_DISK/ros2_workspace/build/rplidar_ros': CMAKE_PREFIX_PATH=${CMAKE_PREFIX_PATH}:/opt/ros/humble /usr/bin/cmake --build /mnt/USB_DISK/ros2_workspace/build/rplidar_ros -- -j4 -l4
[1.757s] DEBUG:colcon.colcon_core.event_handler.log_command:Invoked command in '/mnt/USB_DISK/ros2_workspace/build/my_robot' returned '0': CMAKE_PREFIX_PATH=${CMAKE_PREFIX_PATH}:/opt/ros/humble /usr/bin/cmake --build /mnt/USB_DISK/ros2_workspace/build/my_robot -- -j4 -l4
[1.812s] DEBUG:colcon.colcon_core.event_handler.log_command:Invoking command in '/mnt/USB_DISK/ros2_workspace/build/my_robot': CMAKE_PREFIX_PATH=${CMAKE_PREFIX_PATH}:/opt/ros/humble /usr/bin/cmake --install /mnt/USB_DISK/ros2_workspace/build/my_robot
[1.923s] Level 1:colcon.colcon_core.environment:create_environment_scripts_only(my_robot)
[1.925s] DEBUG:colcon.colcon_core.event_handler.log_command:Invoked command in '/mnt/USB_DISK/ros2_workspace/build/my_robot' returned '0': CMAKE_PREFIX_PATH=${CMAKE_PREFIX_PATH}:/opt/ros/humble /usr/bin/cmake --install /mnt/USB_DISK/ros2_workspace/build/my_robot
[1.944s] Level 1:colcon.colcon_core.environment:checking '/mnt/USB_DISK/ros2_workspace/install/my_robot' for CMake module files
[1.949s] Level 1:colcon.colcon_core.environment:checking '/mnt/USB_DISK/ros2_workspace/install/my_robot' for CMake config files
[1.953s] Level 1:colcon.colcon_core.shell:create_environment_hook('my_robot', 'cmake_prefix_path')
[1.955s] INFO:colcon.colcon_core.shell:Creating environment hook '/mnt/USB_DISK/ros2_workspace/install/my_robot/share/my_robot/hook/cmake_prefix_path.ps1'
[1.959s] INFO:colcon.colcon_core.shell:Creating environment descriptor '/mnt/USB_DISK/ros2_workspace/install/my_robot/share/my_robot/hook/cmake_prefix_path.dsv'
[1.966s] INFO:colcon.colcon_core.shell:Creating environment hook '/mnt/USB_DISK/ros2_workspace/install/my_robot/share/my_robot/hook/cmake_prefix_path.sh'
[1.972s] Level 1:colcon.colcon_core.environment:checking '/mnt/USB_DISK/ros2_workspace/install/my_robot/lib'
[1.973s] Level 1:colcon.colcon_core.environment:checking '/mnt/USB_DISK/ros2_workspace/install/my_robot/bin'
[1.974s] Level 1:colcon.colcon_core.environment:checking '/mnt/USB_DISK/ros2_workspace/install/my_robot/lib/pkgconfig/my_robot.pc'
[1.976s] Level 1:colcon.colcon_core.environment:checking '/mnt/USB_DISK/ros2_workspace/install/my_robot/lib/python3.10/site-packages'
[1.980s] Level 1:colcon.colcon_core.environment:checking '/mnt/USB_DISK/ros2_workspace/install/my_robot/bin'
[1.988s] INFO:colcon.colcon_core.shell:Creating package script '/mnt/USB_DISK/ros2_workspace/install/my_robot/share/my_robot/package.ps1'
[2.001s] INFO:colcon.colcon_core.shell:Creating package descriptor '/mnt/USB_DISK/ros2_workspace/install/my_robot/share/my_robot/package.dsv'
[2.008s] INFO:colcon.colcon_core.shell:Creating package script '/mnt/USB_DISK/ros2_workspace/install/my_robot/share/my_robot/package.sh'
[2.014s] INFO:colcon.colcon_core.shell:Creating package script '/mnt/USB_DISK/ros2_workspace/install/my_robot/share/my_robot/package.bash'
[2.018s] INFO:colcon.colcon_core.shell:Creating package script '/mnt/USB_DISK/ros2_workspace/install/my_robot/share/my_robot/package.zsh'
[2.024s] Level 1:colcon.colcon_core.environment:create_file_with_runtime_dependencies(/mnt/USB_DISK/ros2_workspace/install/my_robot/share/colcon-core/packages/my_robot)
[2.028s] Level 1:colcon.colcon_core.environment:create_environment_scripts_only(my_robot)
[2.030s] Level 1:colcon.colcon_core.environment:checking '/mnt/USB_DISK/ros2_workspace/install/my_robot' for CMake module files
[2.034s] Level 1:colcon.colcon_core.environment:checking '/mnt/USB_DISK/ros2_workspace/install/my_robot' for CMake config files
[2.038s] Level 1:colcon.colcon_core.shell:create_environment_hook('my_robot', 'cmake_prefix_path')
[2.039s] INFO:colcon.colcon_core.shell:Creating environment hook '/mnt/USB_DISK/ros2_workspace/install/my_robot/share/my_robot/hook/cmake_prefix_path.ps1'
[2.042s] INFO:colcon.colcon_core.shell:Creating environment descriptor '/mnt/USB_DISK/ros2_workspace/install/my_robot/share/my_robot/hook/cmake_prefix_path.dsv'
[2.045s] INFO:colcon.colcon_core.shell:Creating environment hook '/mnt/USB_DISK/ros2_workspace/install/my_robot/share/my_robot/hook/cmake_prefix_path.sh'
[2.051s] Level 1:colcon.colcon_core.environment:checking '/mnt/USB_DISK/ros2_workspace/install/my_robot/lib'
[2.052s] Level 1:colcon.colcon_core.environment:checking '/mnt/USB_DISK/ros2_workspace/install/my_robot/bin'
[2.053s] Level 1:colcon.colcon_core.environment:checking '/mnt/USB_DISK/ros2_workspace/install/my_robot/lib/pkgconfig/my_robot.pc'
[2.054s] Level 1:colcon.colcon_core.environment:checking '/mnt/USB_DISK/ros2_workspace/install/my_robot/lib/python3.10/site-packages'
[2.056s] Level 1:colcon.colcon_core.environment:checking '/mnt/USB_DISK/ros2_workspace/install/my_robot/bin'
[2.057s] INFO:colcon.colcon_core.shell:Creating package script '/mnt/USB_DISK/ros2_workspace/install/my_robot/share/my_robot/package.ps1'
[2.060s] INFO:colcon.colcon_core.shell:Creating package descriptor '/mnt/USB_DISK/ros2_workspace/install/my_robot/share/my_robot/package.dsv'
[2.065s] INFO:colcon.colcon_core.shell:Creating package script '/mnt/USB_DISK/ros2_workspace/install/my_robot/share/my_robot/package.sh'
[2.068s] INFO:colcon.colcon_core.shell:Creating package script '/mnt/USB_DISK/ros2_workspace/install/my_robot/share/my_robot/package.bash'
[2.072s] INFO:colcon.colcon_core.shell:Creating package script '/mnt/USB_DISK/ros2_workspace/install/my_robot/share/my_robot/package.zsh'
[2.076s] Level 1:colcon.colcon_core.environment:create_file_with_runtime_dependencies(/mnt/USB_DISK/ros2_workspace/install/my_robot/share/colcon-core/packages/my_robot)
[2.084s] DEBUG:colcon.colcon_core.event_handler.log_command:Invoked command in '/mnt/USB_DISK/ros2_workspace/build/rplidar_ros' returned '0': CMAKE_PREFIX_PATH=${CMAKE_PREFIX_PATH}:/opt/ros/humble /usr/bin/cmake --build /mnt/USB_DISK/ros2_workspace/build/rplidar_ros -- -j4 -l4
[2.100s] DEBUG:colcon.colcon_core.event_handler.log_command:Invoking command in '/mnt/USB_DISK/ros2_workspace/build/rplidar_ros': CMAKE_PREFIX_PATH=${CMAKE_PREFIX_PATH}:/opt/ros/humble /usr/bin/cmake --install /mnt/USB_DISK/ros2_workspace/build/rplidar_ros
[2.162s] Level 1:colcon.colcon_core.environment:create_environment_scripts_only(rplidar_ros)
[2.164s] Level 1:colcon.colcon_core.environment:checking '/mnt/USB_DISK/ros2_workspace/install/rplidar_ros' for CMake module files
[2.167s] Level 1:colcon.colcon_core.environment:checking '/mnt/USB_DISK/ros2_workspace/install/rplidar_ros' for CMake config files
[2.171s] Level 1:colcon.colcon_core.shell:create_environment_hook('rplidar_ros', 'cmake_prefix_path')
[2.184s] INFO:colcon.colcon_core.shell:Creating environment hook '/mnt/USB_DISK/ros2_workspace/install/rplidar_ros/share/rplidar_ros/hook/cmake_prefix_path.ps1'
[2.187s] INFO:colcon.colcon_core.shell:Creating environment descriptor '/mnt/USB_DISK/ros2_workspace/install/rplidar_ros/share/rplidar_ros/hook/cmake_prefix_path.dsv'
[2.194s] DEBUG:colcon.colcon_core.event_handler.log_command:Invoked command in '/mnt/USB_DISK/ros2_workspace/build/rplidar_ros' returned '0': CMAKE_PREFIX_PATH=${CMAKE_PREFIX_PATH}:/opt/ros/humble /usr/bin/cmake --install /mnt/USB_DISK/ros2_workspace/build/rplidar_ros
[2.194s] INFO:colcon.colcon_core.shell:Creating environment hook '/mnt/USB_DISK/ros2_workspace/install/rplidar_ros/share/rplidar_ros/hook/cmake_prefix_path.sh'
[2.198s] Level 1:colcon.colcon_core.environment:checking '/mnt/USB_DISK/ros2_workspace/install/rplidar_ros/lib'
[2.199s] Level 1:colcon.colcon_core.environment:checking '/mnt/USB_DISK/ros2_workspace/install/rplidar_ros/bin'
[2.200s] Level 1:colcon.colcon_core.environment:checking '/mnt/USB_DISK/ros2_workspace/install/rplidar_ros/lib/pkgconfig/rplidar_ros.pc'
[2.202s] Level 1:colcon.colcon_core.environment:checking '/mnt/USB_DISK/ros2_workspace/install/rplidar_ros/lib/python3.10/site-packages'
[2.203s] Level 1:colcon.colcon_core.environment:checking '/mnt/USB_DISK/ros2_workspace/install/rplidar_ros/bin'
[2.204s] INFO:colcon.colcon_core.shell:Creating package script '/mnt/USB_DISK/ros2_workspace/install/rplidar_ros/share/rplidar_ros/package.ps1'
[2.207s] INFO:colcon.colcon_core.shell:Creating package descriptor '/mnt/USB_DISK/ros2_workspace/install/rplidar_ros/share/rplidar_ros/package.dsv'
[2.210s] INFO:colcon.colcon_core.shell:Creating package script '/mnt/USB_DISK/ros2_workspace/install/rplidar_ros/share/rplidar_ros/package.sh'
[2.213s] INFO:colcon.colcon_core.shell:Creating package script '/mnt/USB_DISK/ros2_workspace/install/rplidar_ros/share/rplidar_ros/package.bash'
[2.219s] INFO:colcon.colcon_core.shell:Creating package script '/mnt/USB_DISK/ros2_workspace/install/rplidar_ros/share/rplidar_ros/package.zsh'
[2.222s] Level 1:colcon.colcon_core.environment:create_file_with_runtime_dependencies(/mnt/USB_DISK/ros2_workspace/install/rplidar_ros/share/colcon-core/packages/rplidar_ros)
[2.230s] Level 1:colcon.colcon_core.environment:create_environment_scripts_only(rplidar_ros)
[2.232s] Level 1:colcon.colcon_core.environment:checking '/mnt/USB_DISK/ros2_workspace/install/rplidar_ros' for CMake module files
[2.235s] Level 1:colcon.colcon_core.environment:checking '/mnt/USB_DISK/ros2_workspace/install/rplidar_ros' for CMake config files
[2.238s] Level 1:colcon.colcon_core.shell:create_environment_hook('rplidar_ros', 'cmake_prefix_path')
[2.239s] INFO:colcon.colcon_core.shell:Creating environment hook '/mnt/USB_DISK/ros2_workspace/install/rplidar_ros/share/rplidar_ros/hook/cmake_prefix_path.ps1'
[2.242s] INFO:colcon.colcon_core.shell:Creating environment descriptor '/mnt/USB_DISK/ros2_workspace/install/rplidar_ros/share/rplidar_ros/hook/cmake_prefix_path.dsv'
[2.248s] INFO:colcon.colcon_core.shell:Creating environment hook '/mnt/USB_DISK/ros2_workspace/install/rplidar_ros/share/rplidar_ros/hook/cmake_prefix_path.sh'
[2.251s] Level 1:colcon.colcon_core.environment:checking '/mnt/USB_DISK/ros2_workspace/install/rplidar_ros/lib'
[2.252s] Level 1:colcon.colcon_core.environment:checking '/mnt/USB_DISK/ros2_workspace/install/rplidar_ros/bin'
[2.252s] Level 1:colcon.colcon_core.environment:checking '/mnt/USB_DISK/ros2_workspace/install/rplidar_ros/lib/pkgconfig/rplidar_ros.pc'
[2.253s] Level 1:colcon.colcon_core.environment:checking '/mnt/USB_DISK/ros2_workspace/install/rplidar_ros/lib/python3.10/site-packages'
[2.254s] Level 1:colcon.colcon_core.environment:checking '/mnt/USB_DISK/ros2_workspace/install/rplidar_ros/bin'
[2.256s] INFO:colcon.colcon_core.shell:Creating package script '/mnt/USB_DISK/ros2_workspace/install/rplidar_ros/share/rplidar_ros/package.ps1'
[2.259s] INFO:colcon.colcon_core.shell:Creating package descriptor '/mnt/USB_DISK/ros2_workspace/install/rplidar_ros/share/rplidar_ros/package.dsv'
[2.262s] INFO:colcon.colcon_core.shell:Creating package script '/mnt/USB_DISK/ros2_workspace/install/rplidar_ros/share/rplidar_ros/package.sh'
[2.265s] INFO:colcon.colcon_core.shell:Creating package script '/mnt/USB_DISK/ros2_workspace/install/rplidar_ros/share/rplidar_ros/package.bash'
[2.272s] INFO:colcon.colcon_core.shell:Creating package script '/mnt/USB_DISK/ros2_workspace/install/rplidar_ros/share/rplidar_ros/package.zsh'
[2.275s] Level 1:colcon.colcon_core.environment:create_file_with_runtime_dependencies(/mnt/USB_DISK/ros2_workspace/install/rplidar_ros/share/colcon-core/packages/rplidar_ros)
[2.288s] DEBUG:colcon.colcon_core.event_handler.log_command:Invoked command in '/mnt/USB_DISK/ros2_workspace/build/mecanum_drive_controller' returned '0': CMAKE_PREFIX_PATH=${CMAKE_PREFIX_PATH}:/opt/ros/humble /usr/bin/cmake --build /mnt/USB_DISK/ros2_workspace/build/mecanum_drive_controller -- -j4 -l4
[2.300s] DEBUG:colcon.colcon_core.event_handler.log_command:Invoking command in '/mnt/USB_DISK/ros2_workspace/build/mecanum_drive_controller': CMAKE_PREFIX_PATH=${CMAKE_PREFIX_PATH}:/opt/ros/humble /usr/bin/cmake --install /mnt/USB_DISK/ros2_workspace/build/mecanum_drive_controller
[2.348s] Level 1:colcon.colcon_core.environment:create_environment_scripts_only(mecanum_drive_controller)
[2.349s] Level 1:colcon.colcon_core.environment:checking '/mnt/USB_DISK/ros2_workspace/install/mecanum_drive_controller' for CMake module files
[2.350s] DEBUG:colcon.colcon_core.event_handler.log_command:Invoked command in '/mnt/USB_DISK/ros2_workspace/build/mecanum_drive_controller' returned '0': CMAKE_PREFIX_PATH=${CMAKE_PREFIX_PATH}:/opt/ros/humble /usr/bin/cmake --install /mnt/USB_DISK/ros2_workspace/build/mecanum_drive_controller
[2.353s] Level 1:colcon.colcon_core.environment:checking '/mnt/USB_DISK/ros2_workspace/install/mecanum_drive_controller' for CMake config files
[2.355s] Level 1:colcon.colcon_core.shell:create_environment_hook('mecanum_drive_controller', 'cmake_prefix_path')
[2.356s] INFO:colcon.colcon_core.shell:Creating environment hook '/mnt/USB_DISK/ros2_workspace/install/mecanum_drive_controller/share/mecanum_drive_controller/hook/cmake_prefix_path.ps1'
[2.358s] INFO:colcon.colcon_core.shell:Creating environment descriptor '/mnt/USB_DISK/ros2_workspace/install/mecanum_drive_controller/share/mecanum_drive_controller/hook/cmake_prefix_path.dsv'
[2.363s] INFO:colcon.colcon_core.shell:Creating environment hook '/mnt/USB_DISK/ros2_workspace/install/mecanum_drive_controller/share/mecanum_drive_controller/hook/cmake_prefix_path.sh'
[2.366s] Level 1:colcon.colcon_core.environment:checking '/mnt/USB_DISK/ros2_workspace/install/mecanum_drive_controller/lib'
[2.367s] Level 1:colcon.colcon_core.shell:create_environment_hook('mecanum_drive_controller', 'ld_library_path_lib')
[2.368s] INFO:colcon.colcon_core.shell:Creating environment hook '/mnt/USB_DISK/ros2_workspace/install/mecanum_drive_controller/share/mecanum_drive_controller/hook/ld_library_path_lib.ps1'
[2.370s] INFO:colcon.colcon_core.shell:Creating environment descriptor '/mnt/USB_DISK/ros2_workspace/install/mecanum_drive_controller/share/mecanum_drive_controller/hook/ld_library_path_lib.dsv'
[2.372s] INFO:colcon.colcon_core.shell:Creating environment hook '/mnt/USB_DISK/ros2_workspace/install/mecanum_drive_controller/share/mecanum_drive_controller/hook/ld_library_path_lib.sh'
[2.375s] Level 1:colcon.colcon_core.environment:checking '/mnt/USB_DISK/ros2_workspace/install/mecanum_drive_controller/bin'
[2.375s] Level 1:colcon.colcon_core.environment:checking '/mnt/USB_DISK/ros2_workspace/install/mecanum_drive_controller/lib/pkgconfig/mecanum_drive_controller.pc'
[2.376s] Level 1:colcon.colcon_core.environment:checking '/mnt/USB_DISK/ros2_workspace/install/mecanum_drive_controller/lib/python3.10/site-packages'
[2.377s] Level 1:colcon.colcon_core.environment:checking '/mnt/USB_DISK/ros2_workspace/install/mecanum_drive_controller/bin'
[2.379s] INFO:colcon.colcon_core.shell:Creating package script '/mnt/USB_DISK/ros2_workspace/install/mecanum_drive_controller/share/mecanum_drive_controller/package.ps1'
[2.381s] INFO:colcon.colcon_core.shell:Creating package descriptor '/mnt/USB_DISK/ros2_workspace/install/mecanum_drive_controller/share/mecanum_drive_controller/package.dsv'
[2.383s] INFO:colcon.colcon_core.shell:Creating package script '/mnt/USB_DISK/ros2_workspace/install/mecanum_drive_controller/share/mecanum_drive_controller/package.sh'
[2.386s] INFO:colcon.colcon_core.shell:Creating package script '/mnt/USB_DISK/ros2_workspace/install/mecanum_drive_controller/share/mecanum_drive_controller/package.bash'
[2.388s] INFO:colcon.colcon_core.shell:Creating package script '/mnt/USB_DISK/ros2_workspace/install/mecanum_drive_controller/share/mecanum_drive_controller/package.zsh'
[2.390s] Level 1:colcon.colcon_core.environment:create_file_with_runtime_dependencies(/mnt/USB_DISK/ros2_workspace/install/mecanum_drive_controller/share/colcon-core/packages/mecanum_drive_controller)
[2.395s] Level 1:colcon.colcon_core.environment:create_environment_scripts_only(mecanum_drive_controller)
[2.396s] Level 1:colcon.colcon_core.environment:checking '/mnt/USB_DISK/ros2_workspace/install/mecanum_drive_controller' for CMake module files
[2.399s] Level 1:colcon.colcon_core.environment:checking '/mnt/USB_DISK/ros2_workspace/install/mecanum_drive_controller' for CMake config files
[2.401s] Level 1:colcon.colcon_core.shell:create_environment_hook('mecanum_drive_controller', 'cmake_prefix_path')
[2.402s] INFO:colcon.colcon_core.shell:Creating environment hook '/mnt/USB_DISK/ros2_workspace/install/mecanum_drive_controller/share/mecanum_drive_controller/hook/cmake_prefix_path.ps1'
[2.405s] INFO:colcon.colcon_core.shell:Creating environment descriptor '/mnt/USB_DISK/ros2_workspace/install/mecanum_drive_controller/share/mecanum_drive_controller/hook/cmake_prefix_path.dsv'
[2.407s] INFO:colcon.colcon_core.shell:Creating environment hook '/mnt/USB_DISK/ros2_workspace/install/mecanum_drive_controller/share/mecanum_drive_controller/hook/cmake_prefix_path.sh'
[2.410s] Level 1:colcon.colcon_core.environment:checking '/mnt/USB_DISK/ros2_workspace/install/mecanum_drive_controller/lib'
[2.410s] Level 1:colcon.colcon_core.shell:create_environment_hook('mecanum_drive_controller', 'ld_library_path_lib')
[2.411s] INFO:colcon.colcon_core.shell:Creating environment hook '/mnt/USB_DISK/ros2_workspace/install/mecanum_drive_controller/share/mecanum_drive_controller/hook/ld_library_path_lib.ps1'
[2.414s] INFO:colcon.colcon_core.shell:Creating environment descriptor '/mnt/USB_DISK/ros2_workspace/install/mecanum_drive_controller/share/mecanum_drive_controller/hook/ld_library_path_lib.dsv'
[2.416s] INFO:colcon.colcon_core.shell:Creating environment hook '/mnt/USB_DISK/ros2_workspace/install/mecanum_drive_controller/share/mecanum_drive_controller/hook/ld_library_path_lib.sh'
[2.418s] Level 1:colcon.colcon_core.environment:checking '/mnt/USB_DISK/ros2_workspace/install/mecanum_drive_controller/bin'
[2.419s] Level 1:colcon.colcon_core.environment:checking '/mnt/USB_DISK/ros2_workspace/install/mecanum_drive_controller/lib/pkgconfig/mecanum_drive_controller.pc'
[2.420s] Level 1:colcon.colcon_core.environment:checking '/mnt/USB_DISK/ros2_workspace/install/mecanum_drive_controller/lib/python3.10/site-packages'
[2.421s] Level 1:colcon.colcon_core.environment:checking '/mnt/USB_DISK/ros2_workspace/install/mecanum_drive_controller/bin'
[2.422s] INFO:colcon.colcon_core.shell:Creating package script '/mnt/USB_DISK/ros2_workspace/install/mecanum_drive_controller/share/mecanum_drive_controller/package.ps1'
[2.424s] INFO:colcon.colcon_core.shell:Creating package descriptor '/mnt/USB_DISK/ros2_workspace/install/mecanum_drive_controller/share/mecanum_drive_controller/package.dsv'
[2.427s] INFO:colcon.colcon_core.shell:Creating package script '/mnt/USB_DISK/ros2_workspace/install/mecanum_drive_controller/share/mecanum_drive_controller/package.sh'
[2.429s] INFO:colcon.colcon_core.shell:Creating package script '/mnt/USB_DISK/ros2_workspace/install/mecanum_drive_controller/share/mecanum_drive_controller/package.bash'
[2.432s] INFO:colcon.colcon_core.shell:Creating package script '/mnt/USB_DISK/ros2_workspace/install/mecanum_drive_controller/share/mecanum_drive_controller/package.zsh'
[2.434s] Level 1:colcon.colcon_core.environment:create_file_with_runtime_dependencies(/mnt/USB_DISK/ros2_workspace/install/mecanum_drive_controller/share/colcon-core/packages/mecanum_drive_controller)
[2.437s] DEBUG:colcon.colcon_parallel_executor.executor.parallel:closing loop
[2.438s] DEBUG:colcon.colcon_parallel_executor.executor.parallel:loop closed
[2.438s] DEBUG:colcon.colcon_parallel_executor.executor.parallel:run_until_complete finished with '0'
[2.439s] DEBUG:colcon.colcon_core.event_reactor:joining thread
[2.460s] INFO:colcon.colcon_core.plugin_system:Skipping extension 'colcon_notification.desktop_notification.notify_send': Could not find 'notify-send'
[2.460s] INFO:colcon.colcon_core.plugin_system:Skipping extension 'colcon_notification.desktop_notification.terminal_notifier': Not used on non-Darwin systems
[2.461s] INFO:colcon.colcon_core.plugin_system:Skipping extension 'colcon_notification.desktop_notification.win32': Not used on non-Windows systems
[2.461s] INFO:colcon.colcon_notification.desktop_notification:Sending desktop notification using 'notify2'
[2.463s] DEBUG:colcon.colcon_notification.desktop_notification.notify2:Failed to initialize notify2: org.freedesktop.DBus.Error.ServiceUnknown: The name org.freedesktop.Notifications was not provided by any .service files
[2.464s] DEBUG:colcon.colcon_core.event_reactor:joined thread
[2.465s] INFO:colcon.colcon_core.shell:Creating prefix script '/mnt/USB_DISK/ros2_workspace/install/local_setup.ps1'
[2.469s] INFO:colcon.colcon_core.shell:Creating prefix util module '/mnt/USB_DISK/ros2_workspace/install/_local_setup_util_ps1.py'
[2.475s] INFO:colcon.colcon_core.shell:Creating prefix chain script '/mnt/USB_DISK/ros2_workspace/install/setup.ps1'
[2.481s] INFO:colcon.colcon_core.shell:Creating prefix script '/mnt/USB_DISK/ros2_workspace/install/local_setup.sh'
[2.484s] INFO:colcon.colcon_core.shell:Creating prefix util module '/mnt/USB_DISK/ros2_workspace/install/_local_setup_util_sh.py'
[2.487s] INFO:colcon.colcon_core.shell:Creating prefix chain script '/mnt/USB_DISK/ros2_workspace/install/setup.sh'
[2.492s] INFO:colcon.colcon_core.shell:Creating prefix script '/mnt/USB_DISK/ros2_workspace/install/local_setup.bash'
[2.494s] INFO:colcon.colcon_core.shell:Creating prefix chain script '/mnt/USB_DISK/ros2_workspace/install/setup.bash'
[2.499s] INFO:colcon.colcon_core.shell:Creating prefix script '/mnt/USB_DISK/ros2_workspace/install/local_setup.zsh'
[2.505s] INFO:colcon.colcon_core.shell:Creating prefix chain script '/mnt/USB_DISK/ros2_workspace/install/setup.zsh'
