[0.072s] Invoking command in '/mnt/USB_DISK/ros2_workspace/build/my_robot': CMAKE_PREFIX_PATH=${CMAKE_PREFIX_PATH}:/opt/ros/humble /usr/bin/cmake --build /mnt/USB_DISK/ros2_workspace/build/my_robot -- -j4 -l4
[0.170s] -- Found ament_cmake: 1.3.11 (/opt/ros/humble/share/ament_cmake/cmake)
[0.957s] -- Found rclcpp: 16.0.12 (/opt/ros/humble/share/rclcpp/cmake)
[1.108s] -- Found rosidl_generator_c: 3.1.6 (/opt/ros/humble/share/rosidl_generator_c/cmake)
[1.119s] -- Found rosidl_adapter: 3.1.6 (/opt/ros/humble/share/rosidl_adapter/cmake)
[1.142s] -- Found rosidl_generator_cpp: 3.1.6 (/opt/ros/humble/share/rosidl_generator_cpp/cmake)
[1.179s] -- Using all available rosidl_typesupport_c: rosidl_typesupport_fastrtps_c;rosidl_typesupport_introspection_c
[1.228s] -- Using all available rosidl_typesupport_cpp: rosidl_typesupport_fastrtps_cpp;rosidl_typesupport_introspection_cpp
[1.351s] -- Found rmw_implementation_cmake: 6.1.2 (/opt/ros/humble/share/rmw_implementation_cmake/cmake)
[1.357s] -- Found rmw_fastrtps_cpp: 6.2.7 (/opt/ros/humble/share/rmw_fastrtps_cpp/cmake)
[1.941s] -- Using RMW implementation 'rmw_fastrtps_cpp' as default
[2.122s] -- Found urdf: 2.6.1 (/opt/ros/humble/share/urdf/cmake)
[2.340s] [31mCMake Error at CMakeLists.txt:12 (find_package):
[2.340s]   By not providing "Findxacro.cmake" in CMAKE_MODULE_PATH this project has
[2.340s]   asked CMake to find a package configuration file provided by "xacro", but
[2.341s]   CMake did not find one.
[2.341s] 
[2.342s]   Could not find a package configuration file provided by "xacro" with any of
[2.342s]   the following names:
[2.343s] 
[2.343s]     xacroConfig.cmake
[2.344s]     xacro-config.cmake
[2.344s] 
[2.345s]   Add the installation prefix of "xacro" to CMAKE_PREFIX_PATH or set
[2.345s]   "xacro_DIR" to a directory containing one of the above files.  If "xacro"
[2.346s]   provides a separate development package or SDK, be sure it has been
[2.346s]   installed.
[2.347s] 
[2.347s] [0m
[2.348s] -- Configuring incomplete, errors occurred!
[2.349s] See also "/mnt/USB_DISK/ros2_workspace/build/my_robot/CMakeFiles/CMakeOutput.log".
[2.366s] gmake: *** [Makefile:226: cmake_check_build_system] Error 1
