[0.057s] Invoking command in '/mnt/USB_DISK/ros2_workspace/build/mecanum_drive_controller': CMAKE_PREFIX_PATH=${CMAKE_PREFIX_PATH}:/opt/ros/humble /usr/bin/cmake --build /mnt/USB_DISK/ros2_workspace/build/mecanum_drive_controller -- -j4 -l4
[0.299s] [ 12%] Built target mecanum_drive_controller_parameters
[0.320s] [ 25%] Built target gmock_main
[0.326s] [ 43%] Built target gmock
[0.461s] [ 75%] Built target test_load_mecanum_drive_controller
[0.462s] [ 75%] Built target mecanum_drive_controller
[0.591s] [100%] Built target test_mecanum_drive_controller_preceeding
[0.592s] [100%] Built target test_mecanum_drive_controller
[0.634s] Invoked command in '/mnt/USB_DISK/ros2_workspace/build/mecanum_drive_controller' returned '0': CMAKE_PREFIX_PATH=${CMAKE_PREFIX_PATH}:/opt/ros/humble /usr/bin/cmake --build /mnt/USB_DISK/ros2_workspace/build/mecanum_drive_controller -- -j4 -l4
[0.643s] Invoking command in '/mnt/USB_DISK/ros2_workspace/build/mecanum_drive_controller': CMAKE_PREFIX_PATH=${CMAKE_PREFIX_PATH}:/opt/ros/humble /usr/bin/cmake --install /mnt/USB_DISK/ros2_workspace/build/mecanum_drive_controller
[0.671s] -- Install configuration: ""
[0.672s] -- Up-to-date: /mnt/USB_DISK/ros2_workspace/install/mecanum_drive_controller/include/mecanum_drive_controller
[0.672s] -- Up-to-date: /mnt/USB_DISK/ros2_workspace/install/mecanum_drive_controller/include/mecanum_drive_controller/mecanum_drive_controller_parameters.hpp
[0.673s] -- Up-to-date: /mnt/USB_DISK/ros2_workspace/install/mecanum_drive_controller/share/mecanum_drive_controller/mecanum_drive_controller.xml
[0.674s] -- Up-to-date: /mnt/USB_DISK/ros2_workspace/install/mecanum_drive_controller/include/mecanum_drive_controller
[0.675s] -- Up-to-date: /mnt/USB_DISK/ros2_workspace/install/mecanum_drive_controller/include/mecanum_drive_controller/mecanum_drive_controller
[0.675s] -- Up-to-date: /mnt/USB_DISK/ros2_workspace/install/mecanum_drive_controller/include/mecanum_drive_controller/mecanum_drive_controller/mecanum_drive_controller.hpp
[0.675s] -- Up-to-date: /mnt/USB_DISK/ros2_workspace/install/mecanum_drive_controller/include/mecanum_drive_controller/mecanum_drive_controller/odometry.hpp
[0.676s] -- Up-to-date: /mnt/USB_DISK/ros2_workspace/install/mecanum_drive_controller/include/mecanum_drive_controller/mecanum_drive_controller/visibility_control.h
[0.677s] -- Up-to-date: /mnt/USB_DISK/ros2_workspace/install/mecanum_drive_controller/lib/libmecanum_drive_controller.so
[0.678s] -- Up-to-date: /mnt/USB_DISK/ros2_workspace/install/mecanum_drive_controller/share/mecanum_drive_controller/environment/library_path.sh
[0.679s] -- Up-to-date: /mnt/USB_DISK/ros2_workspace/install/mecanum_drive_controller/share/mecanum_drive_controller/environment/library_path.dsv
[0.679s] -- Up-to-date: /mnt/USB_DISK/ros2_workspace/install/mecanum_drive_controller/share/ament_index/resource_index/package_run_dependencies/mecanum_drive_controller
[0.680s] -- Up-to-date: /mnt/USB_DISK/ros2_workspace/install/mecanum_drive_controller/share/ament_index/resource_index/parent_prefix_path/mecanum_drive_controller
[0.680s] -- Up-to-date: /mnt/USB_DISK/ros2_workspace/install/mecanum_drive_controller/share/mecanum_drive_controller/environment/ament_prefix_path.sh
[0.680s] -- Up-to-date: /mnt/USB_DISK/ros2_workspace/install/mecanum_drive_controller/share/mecanum_drive_controller/environment/ament_prefix_path.dsv
[0.681s] -- Up-to-date: /mnt/USB_DISK/ros2_workspace/install/mecanum_drive_controller/share/mecanum_drive_controller/environment/path.sh
[0.681s] -- Up-to-date: /mnt/USB_DISK/ros2_workspace/install/mecanum_drive_controller/share/mecanum_drive_controller/environment/path.dsv
[0.682s] -- Up-to-date: /mnt/USB_DISK/ros2_workspace/install/mecanum_drive_controller/share/mecanum_drive_controller/local_setup.bash
[0.682s] -- Up-to-date: /mnt/USB_DISK/ros2_workspace/install/mecanum_drive_controller/share/mecanum_drive_controller/local_setup.sh
[0.683s] -- Up-to-date: /mnt/USB_DISK/ros2_workspace/install/mecanum_drive_controller/share/mecanum_drive_controller/local_setup.zsh
[0.683s] -- Up-to-date: /mnt/USB_DISK/ros2_workspace/install/mecanum_drive_controller/share/mecanum_drive_controller/local_setup.dsv
[0.684s] -- Installing: /mnt/USB_DISK/ros2_workspace/install/mecanum_drive_controller/share/mecanum_drive_controller/package.dsv
[0.685s] -- Up-to-date: /mnt/USB_DISK/ros2_workspace/install/mecanum_drive_controller/share/ament_index/resource_index/packages/mecanum_drive_controller
[0.685s] -- Up-to-date: /mnt/USB_DISK/ros2_workspace/install/mecanum_drive_controller/share/ament_index/resource_index/controller_interface__pluginlib__plugin/mecanum_drive_controller
[0.686s] -- Up-to-date: /mnt/USB_DISK/ros2_workspace/install/mecanum_drive_controller/share/mecanum_drive_controller/cmake/export_mecanum_drive_controllerExport.cmake
[0.687s] -- Up-to-date: /mnt/USB_DISK/ros2_workspace/install/mecanum_drive_controller/share/mecanum_drive_controller/cmake/export_mecanum_drive_controllerExport-noconfig.cmake
[0.687s] -- Up-to-date: /mnt/USB_DISK/ros2_workspace/install/mecanum_drive_controller/share/mecanum_drive_controller/cmake/ament_cmake_export_dependencies-extras.cmake
[0.688s] -- Up-to-date: /mnt/USB_DISK/ros2_workspace/install/mecanum_drive_controller/share/mecanum_drive_controller/cmake/ament_cmake_export_targets-extras.cmake
[0.688s] -- Up-to-date: /mnt/USB_DISK/ros2_workspace/install/mecanum_drive_controller/share/mecanum_drive_controller/cmake/mecanum_drive_controllerConfig.cmake
[0.689s] -- Up-to-date: /mnt/USB_DISK/ros2_workspace/install/mecanum_drive_controller/share/mecanum_drive_controller/cmake/mecanum_drive_controllerConfig-version.cmake
[0.689s] -- Up-to-date: /mnt/USB_DISK/ros2_workspace/install/mecanum_drive_controller/share/mecanum_drive_controller/package.xml
[0.696s] Invoked command in '/mnt/USB_DISK/ros2_workspace/build/mecanum_drive_controller' returned '0': CMAKE_PREFIX_PATH=${CMAKE_PREFIX_PATH}:/opt/ros/humble /usr/bin/cmake --install /mnt/USB_DISK/ros2_workspace/build/mecanum_drive_controller
