[0.075s] Invoking command in '/mnt/USB_DISK/ros2_workspace/build/my_robot': CMAKE_PREFIX_PATH=${CMAKE_PREFIX_PATH}:/opt/ros/humble /usr/bin/cmake --build /mnt/USB_DISK/ros2_workspace/build/my_robot -- -j4 -l4
[0.274s] Invoked command in '/mnt/USB_DISK/ros2_workspace/build/my_robot' returned '0': CMAKE_PREFIX_PATH=${CMAKE_PREFIX_PATH}:/opt/ros/humble /usr/bin/cmake --build /mnt/USB_DISK/ros2_workspace/build/my_robot -- -j4 -l4
[0.325s] Invoking command in '/mnt/USB_DISK/ros2_workspace/build/my_robot': CMAKE_PREFIX_PATH=${CMAKE_PREFIX_PATH}:/opt/ros/humble /usr/bin/cmake --install /mnt/USB_DISK/ros2_workspace/build/my_robot
[0.382s] -- Install configuration: ""
[0.383s] -- Up-to-date: /mnt/USB_DISK/ros2_workspace/install/my_robot/share/my_robot/launch
[0.385s] -- Up-to-date: /mnt/USB_DISK/ros2_workspace/install/my_robot/share/my_robot/launch/keyboard.launch.py
[0.386s] -- Up-to-date: /mnt/USB_DISK/ros2_workspace/install/my_robot/share/my_robot/launch/rsp.launch.py
[0.387s] -- Up-to-date: /mnt/USB_DISK/ros2_workspace/install/my_robot/share/my_robot/launch/log
[0.388s] -- Up-to-date: /mnt/USB_DISK/ros2_workspace/install/my_robot/share/my_robot/launch/log/latest_build
[0.389s] -- Up-to-date: /mnt/USB_DISK/ros2_workspace/install/my_robot/share/my_robot/launch/log/latest
[0.390s] -- Up-to-date: /mnt/USB_DISK/ros2_workspace/install/my_robot/share/my_robot/launch/log/build_2025-04-29_03-51-39
[0.391s] -- Up-to-date: /mnt/USB_DISK/ros2_workspace/install/my_robot/share/my_robot/launch/log/build_2025-04-29_03-51-39/events.log
[0.393s] -- Up-to-date: /mnt/USB_DISK/ros2_workspace/install/my_robot/share/my_robot/launch/log/build_2025-04-29_03-51-39/logger_all.log
[0.394s] -- Up-to-date: /mnt/USB_DISK/ros2_workspace/install/my_robot/share/my_robot/launch/log/COLCON_IGNORE
[0.395s] -- Up-to-date: /mnt/USB_DISK/ros2_workspace/install/my_robot/share/my_robot/launch/__pycache__
[0.396s] -- Up-to-date: /mnt/USB_DISK/ros2_workspace/install/my_robot/share/my_robot/launch/__pycache__/serial.cpython-310.pyc
[0.398s] -- Up-to-date: /mnt/USB_DISK/ros2_workspace/install/my_robot/share/my_robot/launch/launch_sim.launch.py
[0.399s] -- Up-to-date: /mnt/USB_DISK/ros2_workspace/install/my_robot/share/my_robot/launch/move.launch.py
[0.400s] -- Up-to-date: /mnt/USB_DISK/ros2_workspace/install/my_robot/share/my_robot/launch/camera.launch.py
[0.401s] -- Installing: /mnt/USB_DISK/ros2_workspace/install/my_robot/share/my_robot/launch/rplidar.launch.py
[0.404s] -- Up-to-date: /mnt/USB_DISK/ros2_workspace/install/my_robot/share/my_robot/config
[0.405s] -- Up-to-date: /mnt/USB_DISK/ros2_workspace/install/my_robot/share/my_robot/config/gazebo_params.yaml
[0.412s] -- Up-to-date: /mnt/USB_DISK/ros2_workspace/install/my_robot/share/my_robot/config/rplidar_filter.yaml
[0.414s] -- Up-to-date: /mnt/USB_DISK/ros2_workspace/install/my_robot/share/my_robot/config/laser_filter.yaml
[0.414s] -- Up-to-date: /mnt/USB_DISK/ros2_workspace/install/my_robot/share/my_robot/config/mecanum_controller.yaml
[0.415s] -- Up-to-date: /mnt/USB_DISK/ros2_workspace/install/my_robot/share/my_robot/description
[0.415s] -- Up-to-date: /mnt/USB_DISK/ros2_workspace/install/my_robot/share/my_robot/description/mecanum_base.xacro
[0.417s] -- Up-to-date: /mnt/USB_DISK/ros2_workspace/install/my_robot/share/my_robot/description/camera.xacro
[0.418s] -- Up-to-date: /mnt/USB_DISK/ros2_workspace/install/my_robot/share/my_robot/description/ros2_control.xacro
[0.419s] -- Up-to-date: /mnt/USB_DISK/ros2_workspace/install/my_robot/share/my_robot/description/robot.urdf.xacro
[0.420s] -- Up-to-date: /mnt/USB_DISK/ros2_workspace/install/my_robot/share/my_robot/description/lidar.xacro
[0.421s] -- Up-to-date: /mnt/USB_DISK/ros2_workspace/install/my_robot/share/my_robot/description/gazebo_control.xacro
[0.421s] -- Up-to-date: /mnt/USB_DISK/ros2_workspace/install/my_robot/share/my_robot/description/mecanum_wheel_inertial.xacro
[0.422s] -- Up-to-date: /mnt/USB_DISK/ros2_workspace/install/my_robot/lib/my_robot/move.py
[0.422s] -- Up-to-date: /mnt/USB_DISK/ros2_workspace/install/my_robot/lib/my_robot/serial_comm.py
[0.422s] -- Up-to-date: /mnt/USB_DISK/ros2_workspace/install/my_robot/lib/my_robot/keyboard.py
[0.423s] -- Up-to-date: /mnt/USB_DISK/ros2_workspace/install/my_robot/lib/my_robot/camera.py
[0.423s] -- Up-to-date: /mnt/USB_DISK/ros2_workspace/install/my_robot/lib/my_robot/yolorun.py
[0.424s] -- Up-to-date: /mnt/USB_DISK/ros2_workspace/install/my_robot/lib/my_robot/rplidar.py
[0.424s] -- Up-to-date: /mnt/USB_DISK/ros2_workspace/install/my_robot/share/ament_index/resource_index/package_run_dependencies/my_robot
[0.425s] -- Up-to-date: /mnt/USB_DISK/ros2_workspace/install/my_robot/share/ament_index/resource_index/parent_prefix_path/my_robot
[0.425s] -- Up-to-date: /mnt/USB_DISK/ros2_workspace/install/my_robot/share/my_robot/environment/ament_prefix_path.sh
[0.425s] -- Up-to-date: /mnt/USB_DISK/ros2_workspace/install/my_robot/share/my_robot/environment/ament_prefix_path.dsv
[0.426s] -- Up-to-date: /mnt/USB_DISK/ros2_workspace/install/my_robot/share/my_robot/environment/path.sh
[0.435s] -- Up-to-date: /mnt/USB_DISK/ros2_workspace/install/my_robot/share/my_robot/environment/path.dsv
[0.435s] -- Up-to-date: /mnt/USB_DISK/ros2_workspace/install/my_robot/share/my_robot/local_setup.bash
[0.436s] -- Up-to-date: /mnt/USB_DISK/ros2_workspace/install/my_robot/share/my_robot/local_setup.sh
[0.436s] -- Up-to-date: /mnt/USB_DISK/ros2_workspace/install/my_robot/share/my_robot/local_setup.zsh
[0.437s] -- Up-to-date: /mnt/USB_DISK/ros2_workspace/install/my_robot/share/my_robot/local_setup.dsv
[0.437s] -- Installing: /mnt/USB_DISK/ros2_workspace/install/my_robot/share/my_robot/package.dsv
[0.444s] -- Up-to-date: /mnt/USB_DISK/ros2_workspace/install/my_robot/share/ament_index/resource_index/packages/my_robot
[0.444s] -- Up-to-date: /mnt/USB_DISK/ros2_workspace/install/my_robot/share/my_robot/cmake/my_robotConfig.cmake
[0.445s] -- Up-to-date: /mnt/USB_DISK/ros2_workspace/install/my_robot/share/my_robot/cmake/my_robotConfig-version.cmake
[0.445s] -- Up-to-date: /mnt/USB_DISK/ros2_workspace/install/my_robot/share/my_robot/package.xml
[0.464s] Invoked command in '/mnt/USB_DISK/ros2_workspace/build/my_robot' returned '0': CMAKE_PREFIX_PATH=${CMAKE_PREFIX_PATH}:/opt/ros/humble /usr/bin/cmake --install /mnt/USB_DISK/ros2_workspace/build/my_robot
