[0.070s] Invoking command in '/home/as33697920/larry_ws/robot/build/rplidar_ros': CMAKE_PREFIX_PATH=${CMAKE_PREFIX_PATH}:/opt/ros/humble /usr/bin/cmake /home/as33697920/larry_ws/robot/src/waterbot/rplidar_ros -DCMAKE_INSTALL_PREFIX=/home/as33697920/larry_ws/robot/install/rplidar_ros
[0.360s] -- The C compiler identification is GNU 11.4.0
[0.639s] -- The CXX compiler identification is GNU 11.4.0
[0.672s] -- Detecting C compiler ABI info
[1.061s] -- Detecting C compiler ABI info - done
[1.096s] -- Check for working C compiler: /usr/bin/cc - skipped
[1.101s] -- Detecting C compile features
[1.102s] -- Detecting C compile features - done
[1.115s] -- Detecting CXX compiler ABI info
[1.537s] -- Detecting CXX compiler ABI info - done
[1.567s] -- Check for working CXX compiler: /usr/bin/c++ - skipped
[1.569s] -- Detecting CXX compile features
[1.571s] -- Detecting CXX compile features - done
[1.596s] -- Found ament_cmake: 1.3.11 (/opt/ros/humble/share/ament_cmake/cmake)
[2.490s] -- Found Python3: /usr/bin/python3 (found version "3.10.12") found components: Interpreter 
[3.067s] -- Found rclcpp: 16.0.12 (/opt/ros/humble/share/rclcpp/cmake)
[3.346s] -- Found rosidl_generator_c: 3.1.6 (/opt/ros/humble/share/rosidl_generator_c/cmake)
[3.384s] -- Found rosidl_adapter: 3.1.6 (/opt/ros/humble/share/rosidl_adapter/cmake)
[3.435s] -- Found rosidl_generator_cpp: 3.1.6 (/opt/ros/humble/share/rosidl_generator_cpp/cmake)
[3.503s] -- Using all available rosidl_typesupport_c: rosidl_typesupport_fastrtps_c;rosidl_typesupport_introspection_c
[3.597s] -- Using all available rosidl_typesupport_cpp: rosidl_typesupport_fastrtps_cpp;rosidl_typesupport_introspection_cpp
[3.858s] -- Found rmw_implementation_cmake: 6.1.2 (/opt/ros/humble/share/rmw_implementation_cmake/cmake)
[3.878s] -- Found rmw_fastrtps_cpp: 6.2.7 (/opt/ros/humble/share/rmw_fastrtps_cpp/cmake)
[4.334s] -- Found OpenSSL: /usr/lib/aarch64-linux-gnu/libcrypto.so (found version "3.0.2")  
[4.488s] -- Found FastRTPS: /opt/ros/humble/include  
[4.744s] -- Using RMW implementation 'rmw_fastrtps_cpp' as default
[4.807s] -- Looking for pthread.h
[5.137s] -- Looking for pthread.h - found
[5.140s] -- Performing Test CMAKE_HAVE_LIBC_PTHREAD
[5.472s] -- Performing Test CMAKE_HAVE_LIBC_PTHREAD - Success
[5.477s] -- Found Threads: TRUE  
[5.729s] -- Found sensor_msgs: 4.8.0 (/opt/ros/humble/share/sensor_msgs/cmake)
[5.868s] -- Found std_srvs: 4.8.0 (/opt/ros/humble/share/std_srvs/cmake)
[6.220s] -- Configuring done
[6.321s] -- Generating done
[6.350s] -- Build files have been written to: /home/as33697920/larry_ws/robot/build/rplidar_ros
