[0.591s] DEBUG:colcon:Command line arguments: ['/usr/bin/colcon', 'build']
[0.597s] DEBUG:colcon:Parsed command line arguments: Namespace(log_base=None, log_level=None, verb_name='build', build_base='build', install_base='install', merge_install=False, symlink_install=False, test_result_base=None, continue_on_error=False, executor='parallel', parallel_workers=4, event_handlers=None, ignore_user_meta=False, metas=['./colcon.meta'], base_paths=['.'], packages_ignore=None, packages_ignore_regex=None, paths=None, packages_up_to=None, packages_up_to_regex=None, packages_above=None, packages_above_and_dependencies=None, packages_above_depth=None, packages_select_by_dep=None, packages_skip_by_dep=None, packages_skip_up_to=None, packages_select_build_failed=False, packages_skip_build_finished=False, packages_select_test_failures=False, packages_skip_test_passed=False, packages_select=None, packages_skip=None, packages_select_regex=None, packages_skip_regex=None, packages_start=None, packages_end=None, allow_overriding=[], cmake_args=None, cmake_target=None, cmake_target_skip_unavailable=False, cmake_clean_cache=False, cmake_clean_first=False, cmake_force_configure=False, ament_cmake_args=None, catkin_cmake_args=None, catkin_skip_building_tests=False, verb_parser=<colcon_defaults.argument_parser.defaults.DefaultArgumentsDecorator object at 0xffff82dc9c00>, verb_extension=<colcon_core.verb.build.BuildVerb object at 0xffff82edf070>, main=<bound method BuildVerb.main of <colcon_core.verb.build.BuildVerb object at 0xffff82edf070>>)
[1.283s] Level 1:colcon.colcon_core.package_discovery:discover_packages(colcon_meta) check parameters
[1.284s] Level 1:colcon.colcon_core.package_discovery:discover_packages(recursive) check parameters
[1.284s] Level 1:colcon.colcon_core.package_discovery:discover_packages(ignore) check parameters
[1.284s] Level 1:colcon.colcon_core.package_discovery:discover_packages(path) check parameters
[1.284s] Level 1:colcon.colcon_core.package_discovery:discover_packages(colcon_meta) discover
[1.285s] Level 1:colcon.colcon_core.package_discovery:discover_packages(recursive) discover
[1.285s] INFO:colcon.colcon_core.package_discovery:Crawling recursively for packages in '/home/as33697920/larry_ws/robot'
[1.285s] Level 1:colcon.colcon_core.package_identification:_identify(.) by extensions ['ignore', 'ignore_ament_install']
[1.286s] Level 1:colcon.colcon_core.package_identification:_identify(.) by extension 'ignore'
[1.286s] Level 1:colcon.colcon_core.package_identification:_identify(.) by extension 'ignore_ament_install'
[1.287s] Level 1:colcon.colcon_core.package_identification:_identify(.) by extensions ['colcon_pkg']
[1.287s] Level 1:colcon.colcon_core.package_identification:_identify(.) by extension 'colcon_pkg'
[1.287s] Level 1:colcon.colcon_core.package_identification:_identify(.) by extensions ['colcon_meta']
[1.287s] Level 1:colcon.colcon_core.package_identification:_identify(.) by extension 'colcon_meta'
[1.287s] Level 1:colcon.colcon_core.package_identification:_identify(.) by extensions ['ros']
[1.287s] Level 1:colcon.colcon_core.package_identification:_identify(.) by extension 'ros'
[1.514s] Level 1:colcon.colcon_core.package_identification:_identify(.) by extensions ['cmake', 'python']
[1.514s] Level 1:colcon.colcon_core.package_identification:_identify(.) by extension 'cmake'
[1.515s] Level 1:colcon.colcon_core.package_identification:_identify(.) by extension 'python'
[1.515s] Level 1:colcon.colcon_core.package_identification:_identify(.) by extensions ['python_setup_py']
[1.515s] Level 1:colcon.colcon_core.package_identification:_identify(.) by extension 'python_setup_py'
[1.515s] Level 1:colcon.colcon_core.package_identification:_identify(build) by extensions ['ignore', 'ignore_ament_install']
[1.516s] Level 1:colcon.colcon_core.package_identification:_identify(build) by extension 'ignore'
[1.516s] Level 1:colcon.colcon_core.package_identification:_identify(build) ignored
[1.517s] Level 1:colcon.colcon_core.package_identification:_identify(install) by extensions ['ignore', 'ignore_ament_install']
[1.517s] Level 1:colcon.colcon_core.package_identification:_identify(install) by extension 'ignore'
[1.517s] Level 1:colcon.colcon_core.package_identification:_identify(install) ignored
[1.518s] Level 1:colcon.colcon_core.package_identification:_identify(kai) by extensions ['ignore', 'ignore_ament_install']
[1.518s] Level 1:colcon.colcon_core.package_identification:_identify(kai) by extension 'ignore'
[1.518s] Level 1:colcon.colcon_core.package_identification:_identify(kai) by extension 'ignore_ament_install'
[1.519s] Level 1:colcon.colcon_core.package_identification:_identify(kai) by extensions ['colcon_pkg']
[1.519s] Level 1:colcon.colcon_core.package_identification:_identify(kai) by extension 'colcon_pkg'
[1.519s] Level 1:colcon.colcon_core.package_identification:_identify(kai) by extensions ['colcon_meta']
[1.519s] Level 1:colcon.colcon_core.package_identification:_identify(kai) by extension 'colcon_meta'
[1.519s] Level 1:colcon.colcon_core.package_identification:_identify(kai) by extensions ['ros']
[1.519s] Level 1:colcon.colcon_core.package_identification:_identify(kai) by extension 'ros'
[1.520s] Level 1:colcon.colcon_core.package_identification:_identify(kai) by extensions ['cmake', 'python']
[1.520s] Level 1:colcon.colcon_core.package_identification:_identify(kai) by extension 'cmake'
[1.520s] Level 1:colcon.colcon_core.package_identification:_identify(kai) by extension 'python'
[1.520s] Level 1:colcon.colcon_core.package_identification:_identify(kai) by extensions ['python_setup_py']
[1.521s] Level 1:colcon.colcon_core.package_identification:_identify(kai) by extension 'python_setup_py'
[1.530s] Level 1:colcon.colcon_core.package_identification:_identify(kai/__pycache__) by extensions ['ignore', 'ignore_ament_install']
[1.531s] Level 1:colcon.colcon_core.package_identification:_identify(kai/__pycache__) by extension 'ignore'
[1.531s] Level 1:colcon.colcon_core.package_identification:_identify(kai/__pycache__) by extension 'ignore_ament_install'
[1.531s] Level 1:colcon.colcon_core.package_identification:_identify(kai/__pycache__) by extensions ['colcon_pkg']
[1.532s] Level 1:colcon.colcon_core.package_identification:_identify(kai/__pycache__) by extension 'colcon_pkg'
[1.532s] Level 1:colcon.colcon_core.package_identification:_identify(kai/__pycache__) by extensions ['colcon_meta']
[1.532s] Level 1:colcon.colcon_core.package_identification:_identify(kai/__pycache__) by extension 'colcon_meta'
[1.533s] Level 1:colcon.colcon_core.package_identification:_identify(kai/__pycache__) by extensions ['ros']
[1.533s] Level 1:colcon.colcon_core.package_identification:_identify(kai/__pycache__) by extension 'ros'
[1.534s] Level 1:colcon.colcon_core.package_identification:_identify(kai/__pycache__) by extensions ['cmake', 'python']
[1.534s] Level 1:colcon.colcon_core.package_identification:_identify(kai/__pycache__) by extension 'cmake'
[1.534s] Level 1:colcon.colcon_core.package_identification:_identify(kai/__pycache__) by extension 'python'
[1.534s] Level 1:colcon.colcon_core.package_identification:_identify(kai/__pycache__) by extensions ['python_setup_py']
[1.535s] Level 1:colcon.colcon_core.package_identification:_identify(kai/__pycache__) by extension 'python_setup_py'
[1.538s] Level 1:colcon.colcon_core.package_identification:_identify(log) by extensions ['ignore', 'ignore_ament_install']
[1.539s] Level 1:colcon.colcon_core.package_identification:_identify(log) by extension 'ignore'
[1.539s] Level 1:colcon.colcon_core.package_identification:_identify(log) ignored
[1.578s] Level 1:colcon.colcon_core.package_identification:_identify(src) by extensions ['ignore', 'ignore_ament_install']
[1.579s] Level 1:colcon.colcon_core.package_identification:_identify(src) by extension 'ignore'
[1.579s] Level 1:colcon.colcon_core.package_identification:_identify(src) by extension 'ignore_ament_install'
[1.580s] Level 1:colcon.colcon_core.package_identification:_identify(src) by extensions ['colcon_pkg']
[1.580s] Level 1:colcon.colcon_core.package_identification:_identify(src) by extension 'colcon_pkg'
[1.581s] Level 1:colcon.colcon_core.package_identification:_identify(src) by extensions ['colcon_meta']
[1.581s] Level 1:colcon.colcon_core.package_identification:_identify(src) by extension 'colcon_meta'
[1.582s] Level 1:colcon.colcon_core.package_identification:_identify(src) by extensions ['ros']
[1.582s] Level 1:colcon.colcon_core.package_identification:_identify(src) by extension 'ros'
[1.583s] Level 1:colcon.colcon_core.package_identification:_identify(src) by extensions ['cmake', 'python']
[1.584s] Level 1:colcon.colcon_core.package_identification:_identify(src) by extension 'cmake'
[1.584s] Level 1:colcon.colcon_core.package_identification:_identify(src) by extension 'python'
[1.584s] Level 1:colcon.colcon_core.package_identification:_identify(src) by extensions ['python_setup_py']
[1.585s] Level 1:colcon.colcon_core.package_identification:_identify(src) by extension 'python_setup_py'
[1.627s] Level 1:colcon.colcon_core.package_identification:_identify(src/waterbot) by extensions ['ignore', 'ignore_ament_install']
[1.628s] Level 1:colcon.colcon_core.package_identification:_identify(src/waterbot) by extension 'ignore'
[1.629s] Level 1:colcon.colcon_core.package_identification:_identify(src/waterbot) by extension 'ignore_ament_install'
[1.630s] Level 1:colcon.colcon_core.package_identification:_identify(src/waterbot) by extensions ['colcon_pkg']
[1.630s] Level 1:colcon.colcon_core.package_identification:_identify(src/waterbot) by extension 'colcon_pkg'
[1.631s] Level 1:colcon.colcon_core.package_identification:_identify(src/waterbot) by extensions ['colcon_meta']
[1.631s] Level 1:colcon.colcon_core.package_identification:_identify(src/waterbot) by extension 'colcon_meta'
[1.632s] Level 1:colcon.colcon_core.package_identification:_identify(src/waterbot) by extensions ['ros']
[1.632s] Level 1:colcon.colcon_core.package_identification:_identify(src/waterbot) by extension 'ros'
[1.633s] Level 1:colcon.colcon_core.package_identification:_identify(src/waterbot) by extensions ['cmake', 'python']
[1.633s] Level 1:colcon.colcon_core.package_identification:_identify(src/waterbot) by extension 'cmake'
[1.634s] Level 1:colcon.colcon_core.package_identification:_identify(src/waterbot) by extension 'python'
[1.634s] Level 1:colcon.colcon_core.package_identification:_identify(src/waterbot) by extensions ['python_setup_py']
[1.634s] Level 1:colcon.colcon_core.package_identification:_identify(src/waterbot) by extension 'python_setup_py'
[1.669s] Level 1:colcon.colcon_core.package_identification:_identify(src/waterbot/mecanum_drive_controller) by extensions ['ignore', 'ignore_ament_install']
[1.670s] Level 1:colcon.colcon_core.package_identification:_identify(src/waterbot/mecanum_drive_controller) by extension 'ignore'
[1.719s] Level 1:colcon.colcon_core.package_identification:_identify(src/waterbot/mecanum_drive_controller) by extension 'ignore_ament_install'
[1.719s] Level 1:colcon.colcon_core.package_identification:_identify(src/waterbot/mecanum_drive_controller) by extensions ['colcon_pkg']
[1.720s] Level 1:colcon.colcon_core.package_identification:_identify(src/waterbot/mecanum_drive_controller) by extension 'colcon_pkg'
[1.720s] Level 1:colcon.colcon_core.package_identification:_identify(src/waterbot/mecanum_drive_controller) by extensions ['colcon_meta']
[1.721s] Level 1:colcon.colcon_core.package_identification:_identify(src/waterbot/mecanum_drive_controller) by extension 'colcon_meta'
[1.722s] Level 1:colcon.colcon_core.package_identification:_identify(src/waterbot/mecanum_drive_controller) by extensions ['ros']
[1.722s] Level 1:colcon.colcon_core.package_identification:_identify(src/waterbot/mecanum_drive_controller) by extension 'ros'
[1.741s] DEBUG:colcon.colcon_core.package_identification:Package 'src/waterbot/mecanum_drive_controller' with type 'ros.ament_cmake' and name 'mecanum_drive_controller'
[1.765s] Level 1:colcon.colcon_core.package_identification:_identify(src/waterbot/my_robot) by extensions ['ignore', 'ignore_ament_install']
[1.766s] Level 1:colcon.colcon_core.package_identification:_identify(src/waterbot/my_robot) by extension 'ignore'
[1.813s] Level 1:colcon.colcon_core.package_identification:_identify(src/waterbot/my_robot) by extension 'ignore_ament_install'
[1.813s] Level 1:colcon.colcon_core.package_identification:_identify(src/waterbot/my_robot) by extensions ['colcon_pkg']
[1.813s] Level 1:colcon.colcon_core.package_identification:_identify(src/waterbot/my_robot) by extension 'colcon_pkg'
[1.814s] Level 1:colcon.colcon_core.package_identification:_identify(src/waterbot/my_robot) by extensions ['colcon_meta']
[1.814s] Level 1:colcon.colcon_core.package_identification:_identify(src/waterbot/my_robot) by extension 'colcon_meta'
[1.815s] Level 1:colcon.colcon_core.package_identification:_identify(src/waterbot/my_robot) by extensions ['ros']
[1.815s] Level 1:colcon.colcon_core.package_identification:_identify(src/waterbot/my_robot) by extension 'ros'
[1.828s] DEBUG:colcon.colcon_core.package_identification:Package 'src/waterbot/my_robot' with type 'ros.ament_cmake' and name 'my_robot'
[1.859s] Level 1:colcon.colcon_core.package_identification:_identify(src/waterbot/rplidar_ros) by extensions ['ignore', 'ignore_ament_install']
[1.861s] Level 1:colcon.colcon_core.package_identification:_identify(src/waterbot/rplidar_ros) by extension 'ignore'
[1.861s] Level 1:colcon.colcon_core.package_identification:_identify(src/waterbot/rplidar_ros) by extension 'ignore_ament_install'
[1.862s] Level 1:colcon.colcon_core.package_identification:_identify(src/waterbot/rplidar_ros) by extensions ['colcon_pkg']
[1.862s] Level 1:colcon.colcon_core.package_identification:_identify(src/waterbot/rplidar_ros) by extension 'colcon_pkg'
[1.863s] Level 1:colcon.colcon_core.package_identification:_identify(src/waterbot/rplidar_ros) by extensions ['colcon_meta']
[1.863s] Level 1:colcon.colcon_core.package_identification:_identify(src/waterbot/rplidar_ros) by extension 'colcon_meta'
[1.864s] Level 1:colcon.colcon_core.package_identification:_identify(src/waterbot/rplidar_ros) by extensions ['ros']
[1.864s] Level 1:colcon.colcon_core.package_identification:_identify(src/waterbot/rplidar_ros) by extension 'ros'
[1.869s] DEBUG:colcon.colcon_core.package_identification:Package 'src/waterbot/rplidar_ros' with type 'ros.ament_cmake' and name 'rplidar_ros'
[1.869s] Level 1:colcon.colcon_core.package_discovery:discover_packages(recursive) using defaults
[1.870s] Level 1:colcon.colcon_core.package_discovery:discover_packages(ignore) discover
[1.870s] Level 1:colcon.colcon_core.package_discovery:discover_packages(ignore) using defaults
[1.870s] Level 1:colcon.colcon_core.package_discovery:discover_packages(path) discover
[1.871s] Level 1:colcon.colcon_core.package_discovery:discover_packages(path) using defaults
[1.948s] Level 1:colcon.colcon_core.package_discovery:discover_packages(prefix_path) check parameters
[1.948s] Level 1:colcon.colcon_core.package_discovery:discover_packages(prefix_path) discover
[1.957s] DEBUG:colcon.colcon_installed_package_information.package_discovery:Found 3 installed packages in /mnt/USB_DISK/ros2_workspace/install
[2.009s] DEBUG:colcon.colcon_installed_package_information.package_discovery:Found 182 installed packages in /opt/ros/humble
[2.015s] Level 1:colcon.colcon_core.package_discovery:discover_packages(prefix_path) using defaults
[2.163s] Level 5:colcon.colcon_core.verb:set package 'mecanum_drive_controller' build argument 'cmake_args' from command line to 'None'
[2.163s] Level 5:colcon.colcon_core.verb:set package 'mecanum_drive_controller' build argument 'cmake_target' from command line to 'None'
[2.163s] Level 5:colcon.colcon_core.verb:set package 'mecanum_drive_controller' build argument 'cmake_target_skip_unavailable' from command line to 'False'
[2.164s] Level 5:colcon.colcon_core.verb:set package 'mecanum_drive_controller' build argument 'cmake_clean_cache' from command line to 'False'
[2.164s] Level 5:colcon.colcon_core.verb:set package 'mecanum_drive_controller' build argument 'cmake_clean_first' from command line to 'False'
[2.164s] Level 5:colcon.colcon_core.verb:set package 'mecanum_drive_controller' build argument 'cmake_force_configure' from command line to 'False'
[2.164s] Level 5:colcon.colcon_core.verb:set package 'mecanum_drive_controller' build argument 'ament_cmake_args' from command line to 'None'
[2.164s] Level 5:colcon.colcon_core.verb:set package 'mecanum_drive_controller' build argument 'catkin_cmake_args' from command line to 'None'
[2.164s] Level 5:colcon.colcon_core.verb:set package 'mecanum_drive_controller' build argument 'catkin_skip_building_tests' from command line to 'False'
[2.164s] DEBUG:colcon.colcon_core.verb:Building package 'mecanum_drive_controller' with the following arguments: {'ament_cmake_args': None, 'build_base': '/home/as33697920/larry_ws/robot/build/mecanum_drive_controller', 'catkin_cmake_args': None, 'catkin_skip_building_tests': False, 'cmake_args': None, 'cmake_clean_cache': False, 'cmake_clean_first': False, 'cmake_force_configure': False, 'cmake_target': None, 'cmake_target_skip_unavailable': False, 'install_base': '/home/as33697920/larry_ws/robot/install/mecanum_drive_controller', 'merge_install': False, 'path': '/home/as33697920/larry_ws/robot/src/waterbot/mecanum_drive_controller', 'symlink_install': False, 'test_result_base': None}
[2.166s] Level 5:colcon.colcon_core.verb:set package 'my_robot' build argument 'cmake_args' from command line to 'None'
[2.166s] Level 5:colcon.colcon_core.verb:set package 'my_robot' build argument 'cmake_target' from command line to 'None'
[2.166s] Level 5:colcon.colcon_core.verb:set package 'my_robot' build argument 'cmake_target_skip_unavailable' from command line to 'False'
[2.166s] Level 5:colcon.colcon_core.verb:set package 'my_robot' build argument 'cmake_clean_cache' from command line to 'False'
[2.167s] Level 5:colcon.colcon_core.verb:set package 'my_robot' build argument 'cmake_clean_first' from command line to 'False'
[2.167s] Level 5:colcon.colcon_core.verb:set package 'my_robot' build argument 'cmake_force_configure' from command line to 'False'
[2.167s] Level 5:colcon.colcon_core.verb:set package 'my_robot' build argument 'ament_cmake_args' from command line to 'None'
[2.167s] Level 5:colcon.colcon_core.verb:set package 'my_robot' build argument 'catkin_cmake_args' from command line to 'None'
[2.167s] Level 5:colcon.colcon_core.verb:set package 'my_robot' build argument 'catkin_skip_building_tests' from command line to 'False'
[2.167s] DEBUG:colcon.colcon_core.verb:Building package 'my_robot' with the following arguments: {'ament_cmake_args': None, 'build_base': '/home/as33697920/larry_ws/robot/build/my_robot', 'catkin_cmake_args': None, 'catkin_skip_building_tests': False, 'cmake_args': None, 'cmake_clean_cache': False, 'cmake_clean_first': False, 'cmake_force_configure': False, 'cmake_target': None, 'cmake_target_skip_unavailable': False, 'install_base': '/home/as33697920/larry_ws/robot/install/my_robot', 'merge_install': False, 'path': '/home/as33697920/larry_ws/robot/src/waterbot/my_robot', 'symlink_install': False, 'test_result_base': None}
[2.169s] Level 5:colcon.colcon_core.verb:set package 'rplidar_ros' build argument 'cmake_args' from command line to 'None'
[2.169s] Level 5:colcon.colcon_core.verb:set package 'rplidar_ros' build argument 'cmake_target' from command line to 'None'
[2.169s] Level 5:colcon.colcon_core.verb:set package 'rplidar_ros' build argument 'cmake_target_skip_unavailable' from command line to 'False'
[2.169s] Level 5:colcon.colcon_core.verb:set package 'rplidar_ros' build argument 'cmake_clean_cache' from command line to 'False'
[2.169s] Level 5:colcon.colcon_core.verb:set package 'rplidar_ros' build argument 'cmake_clean_first' from command line to 'False'
[2.169s] Level 5:colcon.colcon_core.verb:set package 'rplidar_ros' build argument 'cmake_force_configure' from command line to 'False'
[2.169s] Level 5:colcon.colcon_core.verb:set package 'rplidar_ros' build argument 'ament_cmake_args' from command line to 'None'
[2.170s] Level 5:colcon.colcon_core.verb:set package 'rplidar_ros' build argument 'catkin_cmake_args' from command line to 'None'
[2.170s] Level 5:colcon.colcon_core.verb:set package 'rplidar_ros' build argument 'catkin_skip_building_tests' from command line to 'False'
[2.170s] DEBUG:colcon.colcon_core.verb:Building package 'rplidar_ros' with the following arguments: {'ament_cmake_args': None, 'build_base': '/home/as33697920/larry_ws/robot/build/rplidar_ros', 'catkin_cmake_args': None, 'catkin_skip_building_tests': False, 'cmake_args': None, 'cmake_clean_cache': False, 'cmake_clean_first': False, 'cmake_force_configure': False, 'cmake_target': None, 'cmake_target_skip_unavailable': False, 'install_base': '/home/as33697920/larry_ws/robot/install/rplidar_ros', 'merge_install': False, 'path': '/home/as33697920/larry_ws/robot/src/waterbot/rplidar_ros', 'symlink_install': False, 'test_result_base': None}
[2.170s] INFO:colcon.colcon_core.executor:Executing jobs using 'parallel' executor
[2.174s] DEBUG:colcon.colcon_parallel_executor.executor.parallel:run_until_complete
[2.175s] INFO:colcon.colcon_ros.task.ament_cmake.build:Building ROS package in '/home/as33697920/larry_ws/robot/src/waterbot/mecanum_drive_controller' with build type 'ament_cmake'
[2.176s] INFO:colcon.colcon_cmake.task.cmake.build:Building CMake package in '/home/as33697920/larry_ws/robot/src/waterbot/mecanum_drive_controller'
[2.184s] INFO:colcon.colcon_core.plugin_system:Skipping extension 'colcon_core.shell.bat': Not used on non-Windows systems
[2.185s] INFO:colcon.colcon_core.shell:Skip shell extension 'powershell' for command environment: Not usable outside of PowerShell
[2.185s] DEBUG:colcon.colcon_core.shell:Skip shell extension 'dsv' for command environment
[2.201s] INFO:colcon.colcon_ros.task.ament_cmake.build:Building ROS package in '/home/as33697920/larry_ws/robot/src/waterbot/my_robot' with build type 'ament_cmake'
[2.202s] INFO:colcon.colcon_cmake.task.cmake.build:Building CMake package in '/home/as33697920/larry_ws/robot/src/waterbot/my_robot'
[2.203s] INFO:colcon.colcon_core.shell:Skip shell extension 'powershell' for command environment: Not usable outside of PowerShell
[2.204s] DEBUG:colcon.colcon_core.shell:Skip shell extension 'dsv' for command environment
[2.219s] INFO:colcon.colcon_ros.task.ament_cmake.build:Building ROS package in '/home/as33697920/larry_ws/robot/src/waterbot/rplidar_ros' with build type 'ament_cmake'
[2.220s] INFO:colcon.colcon_cmake.task.cmake.build:Building CMake package in '/home/as33697920/larry_ws/robot/src/waterbot/rplidar_ros'
[2.221s] INFO:colcon.colcon_core.shell:Skip shell extension 'powershell' for command environment: Not usable outside of PowerShell
[2.221s] DEBUG:colcon.colcon_core.shell:Skip shell extension 'dsv' for command environment
[2.299s] DEBUG:colcon.colcon_core.event_handler.log_command:Invoking command in '/home/as33697920/larry_ws/robot/build/mecanum_drive_controller': CMAKE_PREFIX_PATH=${CMAKE_PREFIX_PATH}:/opt/ros/humble /usr/bin/cmake /home/as33697920/larry_ws/robot/src/waterbot/mecanum_drive_controller -DCMAKE_INSTALL_PREFIX=/home/as33697920/larry_ws/robot/install/mecanum_drive_controller
[2.371s] DEBUG:colcon.colcon_core.event_handler.log_command:Invoking command in '/home/as33697920/larry_ws/robot/build/my_robot': CMAKE_PREFIX_PATH=${CMAKE_PREFIX_PATH}:/opt/ros/humble /usr/bin/cmake /home/as33697920/larry_ws/robot/src/waterbot/my_robot -DCMAKE_INSTALL_PREFIX=/home/as33697920/larry_ws/robot/install/my_robot
[2.392s] DEBUG:colcon.colcon_core.event_handler.log_command:Invoking command in '/home/as33697920/larry_ws/robot/build/rplidar_ros': CMAKE_PREFIX_PATH=${CMAKE_PREFIX_PATH}:/opt/ros/humble /usr/bin/cmake /home/as33697920/larry_ws/robot/src/waterbot/rplidar_ros -DCMAKE_INSTALL_PREFIX=/home/as33697920/larry_ws/robot/install/rplidar_ros
[8.842s] DEBUG:colcon.colcon_core.event_handler.log_command:Invoked command in '/home/as33697920/larry_ws/robot/build/mecanum_drive_controller' returned '1': CMAKE_PREFIX_PATH=${CMAKE_PREFIX_PATH}:/opt/ros/humble /usr/bin/cmake /home/as33697920/larry_ws/robot/src/waterbot/mecanum_drive_controller -DCMAKE_INSTALL_PREFIX=/home/as33697920/larry_ws/robot/install/mecanum_drive_controller
[8.888s] Level 1:colcon.colcon_core.environment:create_environment_scripts_only(mecanum_drive_controller)
[8.902s] Level 1:colcon.colcon_core.environment:checking '/home/as33697920/larry_ws/robot/install/mecanum_drive_controller' for CMake module files
[8.905s] Level 1:colcon.colcon_core.environment:checking '/home/as33697920/larry_ws/robot/install/mecanum_drive_controller' for CMake config files
[8.906s] Level 1:colcon.colcon_core.environment:checking '/home/as33697920/larry_ws/robot/install/mecanum_drive_controller/bin'
[8.907s] Level 1:colcon.colcon_core.environment:checking '/home/as33697920/larry_ws/robot/install/mecanum_drive_controller/lib/pkgconfig/mecanum_drive_controller.pc'
[8.909s] Level 1:colcon.colcon_core.environment:checking '/home/as33697920/larry_ws/robot/install/mecanum_drive_controller/lib/python3.10/site-packages'
[8.911s] Level 1:colcon.colcon_core.environment:checking '/home/as33697920/larry_ws/robot/install/mecanum_drive_controller/bin'
[8.913s] INFO:colcon.colcon_core.shell:Creating package script '/home/as33697920/larry_ws/robot/install/mecanum_drive_controller/share/mecanum_drive_controller/package.ps1'
[8.920s] INFO:colcon.colcon_core.shell:Creating package descriptor '/home/as33697920/larry_ws/robot/install/mecanum_drive_controller/share/mecanum_drive_controller/package.dsv'
[8.923s] INFO:colcon.colcon_core.shell:Creating package script '/home/as33697920/larry_ws/robot/install/mecanum_drive_controller/share/mecanum_drive_controller/package.sh'
[8.928s] INFO:colcon.colcon_core.shell:Creating package script '/home/as33697920/larry_ws/robot/install/mecanum_drive_controller/share/mecanum_drive_controller/package.bash'
[8.934s] INFO:colcon.colcon_core.shell:Creating package script '/home/as33697920/larry_ws/robot/install/mecanum_drive_controller/share/mecanum_drive_controller/package.zsh'
[8.940s] Level 1:colcon.colcon_core.environment:create_file_with_runtime_dependencies(/home/as33697920/larry_ws/robot/install/mecanum_drive_controller/share/colcon-core/packages/mecanum_drive_controller)
[15.857s] DEBUG:colcon.colcon_parallel_executor.executor.parallel:closing loop
[15.858s] DEBUG:colcon.colcon_parallel_executor.executor.parallel:loop closed
[15.859s] DEBUG:colcon.colcon_parallel_executor.executor.parallel:run_until_complete finished with '1'
[15.860s] DEBUG:colcon.colcon_core.event_reactor:joining thread
[15.881s] INFO:colcon.colcon_core.plugin_system:Skipping extension 'colcon_notification.desktop_notification.notify_send': Could not find 'notify-send'
[15.882s] INFO:colcon.colcon_core.plugin_system:Skipping extension 'colcon_notification.desktop_notification.terminal_notifier': Not used on non-Darwin systems
[15.882s] INFO:colcon.colcon_core.plugin_system:Skipping extension 'colcon_notification.desktop_notification.win32': Not used on non-Windows systems
[15.883s] INFO:colcon.colcon_notification.desktop_notification:Sending desktop notification using 'notify2'
[15.886s] DEBUG:colcon.colcon_notification.desktop_notification.notify2:Failed to initialize notify2: org.freedesktop.DBus.Error.ServiceUnknown: The name org.freedesktop.Notifications was not provided by any .service files
[15.886s] DEBUG:colcon.colcon_core.event_reactor:joined thread
[15.887s] INFO:colcon.colcon_core.shell:Creating prefix script '/home/as33697920/larry_ws/robot/install/local_setup.ps1'
[15.892s] INFO:colcon.colcon_core.shell:Creating prefix util module '/home/as33697920/larry_ws/robot/install/_local_setup_util_ps1.py'
[15.898s] INFO:colcon.colcon_core.shell:Creating prefix chain script '/home/as33697920/larry_ws/robot/install/setup.ps1'
[15.904s] INFO:colcon.colcon_core.shell:Creating prefix script '/home/as33697920/larry_ws/robot/install/local_setup.sh'
[15.908s] INFO:colcon.colcon_core.shell:Creating prefix util module '/home/as33697920/larry_ws/robot/install/_local_setup_util_sh.py'
[15.912s] INFO:colcon.colcon_core.shell:Creating prefix chain script '/home/as33697920/larry_ws/robot/install/setup.sh'
[15.920s] INFO:colcon.colcon_core.shell:Creating prefix script '/home/as33697920/larry_ws/robot/install/local_setup.bash'
[15.924s] INFO:colcon.colcon_core.shell:Creating prefix chain script '/home/as33697920/larry_ws/robot/install/setup.bash'
[15.932s] INFO:colcon.colcon_core.shell:Creating prefix script '/home/as33697920/larry_ws/robot/install/local_setup.zsh'
[15.936s] INFO:colcon.colcon_core.shell:Creating prefix chain script '/home/as33697920/larry_ws/robot/install/setup.zsh'
