[0.081s] Invoking command in '/home/as33697920/larry_ws/robot/build/mecanum_drive_controller': CMAKE_PREFIX_PATH=${CMAKE_PREFIX_PATH}:/opt/ros/humble /usr/bin/cmake /home/as33697920/larry_ws/robot/src/waterbot/mecanum_drive_controller -DCMAKE_INSTALL_PREFIX=/home/as33697920/larry_ws/robot/install/mecanum_drive_controller
[0.145s] -- Found ament_cmake: 1.3.11 (/opt/ros/humble/share/ament_cmake/cmake)
[1.272s] [31mCMake Error at CMakeLists.txt:25 (find_package):
[1.272s]   By not providing "Findbackward_ros.cmake" in CMAKE_MODULE_PATH this project
[1.273s]   has asked CMake to find a package configuration file provided by
[1.273s]   "backward_ros", but CMake did not find one.
[1.274s] 
[1.274s]   Could not find a package configuration file provided by "backward_ros" with
[1.275s]   any of the following names:
[1.276s] 
[1.276s]     backward_rosConfig.cmake
[1.277s]     backward_ros-config.cmake
[1.277s] 
[1.278s]   Add the installation prefix of "backward_ros" to CMAKE_PREFIX_PATH or set
[1.278s]   "backward_ros_DIR" to a directory containing one of the above files.  If
[1.279s]   "backward_ros" provides a separate development package or SDK, be sure it
[1.280s]   has been installed.
[1.280s] 
[1.281s] [0m
[1.289s] -- Configuring incomplete, errors occurred!
[1.289s] See also "/home/as33697920/larry_ws/robot/build/mecanum_drive_controller/CMakeFiles/CMakeOutput.log".
[1.302s] Invoked command in '/home/as33697920/larry_ws/robot/build/mecanum_drive_controller' returned '1': CMAKE_PREFIX_PATH=${CMAKE_PREFIX_PATH}:/opt/ros/humble /usr/bin/cmake /home/as33697920/larry_ws/robot/src/waterbot/mecanum_drive_controller -DCMAKE_INSTALL_PREFIX=/home/as33697920/larry_ws/robot/install/mecanum_drive_controller
