[0.070s] Invoking command in '/home/as33697920/larry_ws/robot/build/my_robot': CMAKE_PREFIX_PATH=${CMAKE_PREFIX_PATH}:/opt/ros/humble /usr/bin/cmake /home/as33697920/larry_ws/robot/src/waterbot/my_robot -DCMAKE_INSTALL_PREFIX=/home/as33697920/larry_ws/robot/install/my_robot
[0.119s] -- Found ament_cmake: 1.3.11 (/opt/ros/humble/share/ament_cmake/cmake)
[0.970s] -- Found rclcpp: 16.0.12 (/opt/ros/humble/share/rclcpp/cmake)
[1.123s] -- Found rosidl_generator_c: 3.1.6 (/opt/ros/humble/share/rosidl_generator_c/cmake)
[1.134s] -- Found rosidl_adapter: 3.1.6 (/opt/ros/humble/share/rosidl_adapter/cmake)
[1.163s] -- Found rosidl_generator_cpp: 3.1.6 (/opt/ros/humble/share/rosidl_generator_cpp/cmake)
[1.203s] -- Using all available rosidl_typesupport_c: rosidl_typesupport_fastrtps_c;rosidl_typesupport_introspection_c
[1.252s] -- Using all available rosidl_typesupport_cpp: rosidl_typesupport_fastrtps_cpp;rosidl_typesupport_introspection_cpp
[1.433s] -- Found rmw_implementation_cmake: 6.1.2 (/opt/ros/humble/share/rmw_implementation_cmake/cmake)
[1.441s] -- Found rmw_fastrtps_cpp: 6.2.7 (/opt/ros/humble/share/rmw_fastrtps_cpp/cmake)
[2.198s] -- Using RMW implementation 'rmw_fastrtps_cpp' as default
[2.432s] -- Found urdf: 2.6.1 (/opt/ros/humble/share/urdf/cmake)
[2.678s] [31mCMake Error at CMakeLists.txt:12 (find_package):
[2.678s]   By not providing "Findxacro.cmake" in CMAKE_MODULE_PATH this project has
[2.679s]   asked CMake to find a package configuration file provided by "xacro", but
[2.680s]   CMake did not find one.
[2.680s] 
[2.681s]   Could not find a package configuration file provided by "xacro" with any of
[2.682s]   the following names:
[2.682s] 
[2.683s]     xacroConfig.cmake
[2.684s]     xacro-config.cmake
[2.685s] 
[2.686s]   Add the installation prefix of "xacro" to CMAKE_PREFIX_PATH or set
[2.687s]   "xacro_DIR" to a directory containing one of the above files.  If "xacro"
[2.688s]   provides a separate development package or SDK, be sure it has been
[2.691s]   installed.
[2.693s] 
[2.696s] [0m
[2.697s] -- Configuring incomplete, errors occurred!
[2.699s] See also "/home/as33697920/larry_ws/robot/build/my_robot/CMakeFiles/CMakeOutput.log".
