[0.122s] Invoking command in '/home/as33697920/larry_ws/robot/build/mecanum_drive_controller': CMAKE_PREFIX_PATH=${CMAKE_PREFIX_PATH}:/opt/ros/humble /usr/bin/cmake /home/as33697920/larry_ws/robot/src/waterbot/mecanum_drive_controller -DCMAKE_INSTALL_PREFIX=/home/as33697920/larry_ws/robot/install/mecanum_drive_controller
[0.580s] -- The CXX compiler identification is GNU 11.4.0
[0.654s] -- Detecting CXX compiler ABI info
[1.171s] -- Detecting CXX compiler ABI info - done
[1.200s] -- Check for working CXX compiler: /usr/bin/c++ - skipped
[1.202s] -- Detecting CXX compile features
[1.204s] -- Detecting CXX compile features - done
[1.235s] -- Found ament_cmake: 1.3.11 (/opt/ros/humble/share/ament_cmake/cmake)
[2.213s] -- Found Python3: /usr/bin/python3 (found version "3.10.12") found components: Interpreter 
[6.623s] [31mCMake Error at CMakeLists.txt:25 (find_package):
[6.624s]   By not providing "Findbackward_ros.cmake" in CMAKE_MODULE_PATH this project
[6.624s]   has asked CMake to find a package configuration file provided by
[6.625s]   "backward_ros", but CMake did not find one.
[6.625s] 
[6.626s]   Could not find a package configuration file provided by "backward_ros" with
[6.626s]   any of the following names:
[6.627s] 
[6.627s]     backward_rosConfig.cmake
[6.627s]     backward_ros-config.cmake
[6.628s] 
[6.628s]   Add the installation prefix of "backward_ros" to CMAKE_PREFIX_PATH or set
[6.629s]   "backward_ros_DIR" to a directory containing one of the above files.  If
[6.630s]   "backward_ros" provides a separate development package or SDK, be sure it
[6.631s]   has been installed.
[6.631s] 
[6.632s] [0m
[6.634s] -- Configuring incomplete, errors occurred!
[6.635s] See also "/home/as33697920/larry_ws/robot/build/mecanum_drive_controller/CMakeFiles/CMakeOutput.log".
[6.665s] Invoked command in '/home/as33697920/larry_ws/robot/build/mecanum_drive_controller' returned '1': CMAKE_PREFIX_PATH=${CMAKE_PREFIX_PATH}:/opt/ros/humble /usr/bin/cmake /home/as33697920/larry_ws/robot/src/waterbot/mecanum_drive_controller -DCMAKE_INSTALL_PREFIX=/home/as33697920/larry_ws/robot/install/mecanum_drive_controller
