[0.083s] Invoking command in '/mnt/USB_DISK/ros2_workspace/build/my_robot': CMAKE_PREFIX_PATH=${CMAKE_PREFIX_PATH}:/opt/ros/humble /usr/bin/cmake --build /mnt/USB_DISK/ros2_workspace/build/my_robot -- -j4 -l4
[0.173s] -- Found ament_cmake: 1.3.11 (/opt/ros/humble/share/ament_cmake/cmake)
[0.705s] -- Found rclcpp: 16.0.12 (/opt/ros/humble/share/rclcpp/cmake)
[0.840s] -- Found rosidl_generator_c: 3.1.6 (/opt/ros/humble/share/rosidl_generator_c/cmake)
[0.851s] -- Found rosidl_adapter: 3.1.6 (/opt/ros/humble/share/rosidl_adapter/cmake)
[0.874s] -- Found rosidl_generator_cpp: 3.1.6 (/opt/ros/humble/share/rosidl_generator_cpp/cmake)
[0.912s] -- Using all available rosidl_typesupport_c: rosidl_typesupport_fastrtps_c;rosidl_typesupport_introspection_c
[0.960s] -- Using all available rosidl_typesupport_cpp: rosidl_typesupport_fastrtps_cpp;rosidl_typesupport_introspection_cpp
[1.083s] -- Found rmw_implementation_cmake: 6.1.2 (/opt/ros/humble/share/rmw_implementation_cmake/cmake)
[1.089s] -- Found rmw_fastrtps_cpp: 6.2.7 (/opt/ros/humble/share/rmw_fastrtps_cpp/cmake)
[1.680s] -- Using RMW implementation 'rmw_fastrtps_cpp' as default
[1.862s] -- Found urdf: 2.6.1 (/opt/ros/humble/share/urdf/cmake)
[2.083s] [31mCMake Error at CMakeLists.txt:12 (find_package):
[2.083s]   By not providing "Findxacro.cmake" in CMAKE_MODULE_PATH this project has
[2.084s]   asked CMake to find a package configuration file provided by "xacro", but
[2.084s]   CMake did not find one.
[2.085s] 
[2.085s]   Could not find a package configuration file provided by "xacro" with any of
[2.086s]   the following names:
[2.086s] 
[2.086s]     xacroConfig.cmake
[2.087s]     xacro-config.cmake
[2.087s] 
[2.088s]   Add the installation prefix of "xacro" to CMAKE_PREFIX_PATH or set
[2.088s]   "xacro_DIR" to a directory containing one of the above files.  If "xacro"
[2.089s]   provides a separate development package or SDK, be sure it has been
[2.090s]   installed.
[2.091s] 
[2.092s] [0m
[2.093s] -- Configuring incomplete, errors occurred!
[2.094s] See also "/mnt/USB_DISK/ros2_workspace/build/my_robot/CMakeFiles/CMakeOutput.log".
[2.106s] gmake: *** [Makefile:226: cmake_check_build_system] Error 1
[2.112s] Invoked command in '/mnt/USB_DISK/ros2_workspace/build/my_robot' returned '2': CMAKE_PREFIX_PATH=${CMAKE_PREFIX_PATH}:/opt/ros/humble /usr/bin/cmake --build /mnt/USB_DISK/ros2_workspace/build/my_robot -- -j4 -l4
