[0.069s] Invoking command in '/home/as33697920/larry_ws/robot/build/my_robot': CMAKE_PREFIX_PATH=${CMAKE_PREFIX_PATH}:/opt/ros/humble /usr/bin/cmake /home/as33697920/larry_ws/robot/src/waterbot/my_robot -DCMAKE_INSTALL_PREFIX=/home/as33697920/larry_ws/robot/install/my_robot
[0.374s] -- The C compiler identification is GNU 11.4.0
[0.660s] -- The CXX compiler identification is GNU 11.4.0
[0.694s] -- Detecting C compiler ABI info
[1.051s] -- Detecting C compiler ABI info - done
[1.081s] -- Check for working C compiler: /usr/bin/cc - skipped
[1.082s] -- Detecting C compile features
[1.084s] -- Detecting C compile features - done
[1.098s] -- Detecting CXX compiler ABI info
[1.522s] -- Detecting CXX compiler ABI info - done
[1.554s] -- Check for working CXX compiler: /usr/bin/c++ - skipped
[1.556s] -- Detecting CXX compile features
[1.557s] -- Detecting CXX compile features - done
[1.590s] -- Found ament_cmake: 1.3.11 (/opt/ros/humble/share/ament_cmake/cmake)
[2.467s] -- Found Python3: /usr/bin/python3 (found version "3.10.12") found components: Interpreter 
[3.072s] -- Found rclcpp: 16.0.12 (/opt/ros/humble/share/rclcpp/cmake)
[3.354s] -- Found rosidl_generator_c: 3.1.6 (/opt/ros/humble/share/rosidl_generator_c/cmake)
[3.393s] -- Found rosidl_adapter: 3.1.6 (/opt/ros/humble/share/rosidl_adapter/cmake)
[3.446s] -- Found rosidl_generator_cpp: 3.1.6 (/opt/ros/humble/share/rosidl_generator_cpp/cmake)
[3.514s] -- Using all available rosidl_typesupport_c: rosidl_typesupport_fastrtps_c;rosidl_typesupport_introspection_c
[3.611s] -- Using all available rosidl_typesupport_cpp: rosidl_typesupport_fastrtps_cpp;rosidl_typesupport_introspection_cpp
[3.878s] -- Found rmw_implementation_cmake: 6.1.2 (/opt/ros/humble/share/rmw_implementation_cmake/cmake)
[3.898s] -- Found rmw_fastrtps_cpp: 6.2.7 (/opt/ros/humble/share/rmw_fastrtps_cpp/cmake)
[4.365s] -- Found OpenSSL: /usr/lib/aarch64-linux-gnu/libcrypto.so (found version "3.0.2")  
[4.518s] -- Found FastRTPS: /opt/ros/humble/include  
[4.773s] -- Using RMW implementation 'rmw_fastrtps_cpp' as default
[4.836s] -- Looking for pthread.h
[5.169s] -- Looking for pthread.h - found
[5.171s] -- Performing Test CMAKE_HAVE_LIBC_PTHREAD
[5.503s] -- Performing Test CMAKE_HAVE_LIBC_PTHREAD - Success
[5.507s] -- Found Threads: TRUE  
[5.761s] -- Found urdf: 2.6.1 (/opt/ros/humble/share/urdf/cmake)
[6.122s] [31mCMake Error at CMakeLists.txt:12 (find_package):
[6.127s]   By not providing "Findxacro.cmake" in CMAKE_MODULE_PATH this project has
[6.130s]   asked CMake to find a package configuration file provided by "xacro", but
[6.133s]   CMake did not find one.
[6.137s] 
[6.141s]   Could not find a package configuration file provided by "xacro" with any of
[6.149s]   the following names:
[6.151s] 
[6.154s]     xacroConfig.cmake
[6.157s]     xacro-config.cmake
[6.159s] 
[6.160s]   Add the installation prefix of "xacro" to CMAKE_PREFIX_PATH or set
[6.160s]   "xacro_DIR" to a directory containing one of the above files.  If "xacro"
[6.160s]   provides a separate development package or SDK, be sure it has been
[6.161s]   installed.
[6.161s] 
[6.162s] [0m
[6.162s] -- Configuring incomplete, errors occurred!
[6.162s] See also "/home/as33697920/larry_ws/robot/build/my_robot/CMakeFiles/CMakeOutput.log".
