[0.087s] Invoking command in '/mnt/USB_DISK/ros2_workspace/build/mecanum_drive_controller': CMAKE_PREFIX_PATH=${CMAKE_PREFIX_PATH}:/opt/ros/humble /usr/bin/cmake --build /mnt/USB_DISK/ros2_workspace/build/mecanum_drive_controller -- -j4 -l4
[0.390s] [ 12%] Built target mecanum_drive_controller_parameters
[0.434s] [ 25%] Built target gmock_main
[0.441s] [ 43%] Built target gmock
[0.605s] [ 62%] Built target mecanum_drive_controller
[0.629s] [ 75%] Built target test_load_mecanum_drive_controller
[0.757s] [ 87%] Built target test_mecanum_drive_controller
[0.769s] [100%] Built target test_mecanum_drive_controller_preceeding
[0.833s] Invoked command in '/mnt/USB_DISK/ros2_workspace/build/mecanum_drive_controller' returned '0': CMAKE_PREFIX_PATH=${CMAKE_PREFIX_PATH}:/opt/ros/humble /usr/bin/cmake --build /mnt/USB_DISK/ros2_workspace/build/mecanum_drive_controller -- -j4 -l4
[0.841s] Invoking command in '/mnt/USB_DISK/ros2_workspace/build/mecanum_drive_controller': CMAKE_PREFIX_PATH=${CMAKE_PREFIX_PATH}:/opt/ros/humble /usr/bin/cmake --install /mnt/USB_DISK/ros2_workspace/build/mecanum_drive_controller
[0.871s] -- Install configuration: ""
[0.871s] -- Up-to-date: /mnt/USB_DISK/ros2_workspace/install/mecanum_drive_controller/include/mecanum_drive_controller
[0.872s] -- Up-to-date: /mnt/USB_DISK/ros2_workspace/install/mecanum_drive_controller/include/mecanum_drive_controller/mecanum_drive_controller_parameters.hpp
[0.872s] -- Up-to-date: /mnt/USB_DISK/ros2_workspace/install/mecanum_drive_controller/share/mecanum_drive_controller/mecanum_drive_controller.xml
[0.873s] -- Up-to-date: /mnt/USB_DISK/ros2_workspace/install/mecanum_drive_controller/include/mecanum_drive_controller
[0.873s] -- Up-to-date: /mnt/USB_DISK/ros2_workspace/install/mecanum_drive_controller/include/mecanum_drive_controller/mecanum_drive_controller
[0.874s] -- Up-to-date: /mnt/USB_DISK/ros2_workspace/install/mecanum_drive_controller/include/mecanum_drive_controller/mecanum_drive_controller/mecanum_drive_controller.hpp
[0.874s] -- Up-to-date: /mnt/USB_DISK/ros2_workspace/install/mecanum_drive_controller/include/mecanum_drive_controller/mecanum_drive_controller/odometry.hpp
[0.875s] -- Up-to-date: /mnt/USB_DISK/ros2_workspace/install/mecanum_drive_controller/include/mecanum_drive_controller/mecanum_drive_controller/visibility_control.h
[0.876s] -- Up-to-date: /mnt/USB_DISK/ros2_workspace/install/mecanum_drive_controller/lib/libmecanum_drive_controller.so
[0.877s] -- Up-to-date: /mnt/USB_DISK/ros2_workspace/install/mecanum_drive_controller/share/mecanum_drive_controller/environment/library_path.sh
[0.878s] -- Up-to-date: /mnt/USB_DISK/ros2_workspace/install/mecanum_drive_controller/share/mecanum_drive_controller/environment/library_path.dsv
[0.878s] -- Up-to-date: /mnt/USB_DISK/ros2_workspace/install/mecanum_drive_controller/share/ament_index/resource_index/package_run_dependencies/mecanum_drive_controller
[0.879s] -- Up-to-date: /mnt/USB_DISK/ros2_workspace/install/mecanum_drive_controller/share/ament_index/resource_index/parent_prefix_path/mecanum_drive_controller
[0.879s] -- Up-to-date: /mnt/USB_DISK/ros2_workspace/install/mecanum_drive_controller/share/mecanum_drive_controller/environment/ament_prefix_path.sh
[0.880s] -- Up-to-date: /mnt/USB_DISK/ros2_workspace/install/mecanum_drive_controller/share/mecanum_drive_controller/environment/ament_prefix_path.dsv
[0.880s] -- Up-to-date: /mnt/USB_DISK/ros2_workspace/install/mecanum_drive_controller/share/mecanum_drive_controller/environment/path.sh
[0.880s] -- Up-to-date: /mnt/USB_DISK/ros2_workspace/install/mecanum_drive_controller/share/mecanum_drive_controller/environment/path.dsv
[0.881s] -- Up-to-date: /mnt/USB_DISK/ros2_workspace/install/mecanum_drive_controller/share/mecanum_drive_controller/local_setup.bash
[0.881s] -- Up-to-date: /mnt/USB_DISK/ros2_workspace/install/mecanum_drive_controller/share/mecanum_drive_controller/local_setup.sh
[0.882s] -- Up-to-date: /mnt/USB_DISK/ros2_workspace/install/mecanum_drive_controller/share/mecanum_drive_controller/local_setup.zsh
[0.882s] -- Up-to-date: /mnt/USB_DISK/ros2_workspace/install/mecanum_drive_controller/share/mecanum_drive_controller/local_setup.dsv
[0.883s] -- Installing: /mnt/USB_DISK/ros2_workspace/install/mecanum_drive_controller/share/mecanum_drive_controller/package.dsv
[0.884s] -- Up-to-date: /mnt/USB_DISK/ros2_workspace/install/mecanum_drive_controller/share/ament_index/resource_index/packages/mecanum_drive_controller
[0.884s] -- Up-to-date: /mnt/USB_DISK/ros2_workspace/install/mecanum_drive_controller/share/ament_index/resource_index/controller_interface__pluginlib__plugin/mecanum_drive_controller
[0.885s] -- Up-to-date: /mnt/USB_DISK/ros2_workspace/install/mecanum_drive_controller/share/mecanum_drive_controller/cmake/export_mecanum_drive_controllerExport.cmake
[0.886s] -- Up-to-date: /mnt/USB_DISK/ros2_workspace/install/mecanum_drive_controller/share/mecanum_drive_controller/cmake/export_mecanum_drive_controllerExport-noconfig.cmake
[0.886s] -- Up-to-date: /mnt/USB_DISK/ros2_workspace/install/mecanum_drive_controller/share/mecanum_drive_controller/cmake/ament_cmake_export_dependencies-extras.cmake
[0.887s] -- Up-to-date: /mnt/USB_DISK/ros2_workspace/install/mecanum_drive_controller/share/mecanum_drive_controller/cmake/ament_cmake_export_targets-extras.cmake
[0.887s] -- Up-to-date: /mnt/USB_DISK/ros2_workspace/install/mecanum_drive_controller/share/mecanum_drive_controller/cmake/mecanum_drive_controllerConfig.cmake
[0.888s] -- Up-to-date: /mnt/USB_DISK/ros2_workspace/install/mecanum_drive_controller/share/mecanum_drive_controller/cmake/mecanum_drive_controllerConfig-version.cmake
[0.888s] -- Up-to-date: /mnt/USB_DISK/ros2_workspace/install/mecanum_drive_controller/share/mecanum_drive_controller/package.xml
[0.895s] Invoked command in '/mnt/USB_DISK/ros2_workspace/build/mecanum_drive_controller' returned '0': CMAKE_PREFIX_PATH=${CMAKE_PREFIX_PATH}:/opt/ros/humble /usr/bin/cmake --install /mnt/USB_DISK/ros2_workspace/build/mecanum_drive_controller
