[0.053s] Invoking command in '/mnt/USB_DISK/ros2_workspace/build/my_robot': CMAKE_PREFIX_PATH=${CMAKE_PREFIX_PATH}:/opt/ros/humble /usr/bin/cmake /home/as33697920/larry_ws/src/waterbot/my_robot -DCMAKE_INSTALL_PREFIX=/mnt/USB_DISK/ros2_workspace/install/my_robot
[1.110s] -- The C compiler identification is GNU 11.4.0
[1.369s] -- The CXX compiler identification is GNU 11.4.0
[1.401s] -- Detecting C compiler ABI info
[1.722s] -- Detecting C compiler ABI info - done
[1.748s] -- Check for working C compiler: /usr/bin/cc - skipped
[1.749s] -- Detecting C compile features
[1.750s] -- Detecting C compile features - done
[1.763s] -- Detecting CXX compiler ABI info
[2.132s] -- Detecting CXX compiler ABI info - done
[2.158s] -- Check for working CXX compiler: /usr/bin/c++ - skipped
[2.160s] -- Detecting CXX compile features
[2.162s] -- Detecting CXX compile features - done
[2.185s] -- Found ament_cmake: 1.3.11 (/opt/ros/humble/share/ament_cmake/cmake)
[2.927s] -- Found Python3: /usr/bin/python3 (found version "3.10.12") found components: Interpreter 
[3.420s] -- Found rclcpp: 16.0.12 (/opt/ros/humble/share/rclcpp/cmake)
[3.688s] -- Found rosidl_generator_c: 3.1.6 (/opt/ros/humble/share/rosidl_generator_c/cmake)
[3.725s] -- Found rosidl_adapter: 3.1.6 (/opt/ros/humble/share/rosidl_adapter/cmake)
[3.777s] -- Found rosidl_generator_cpp: 3.1.6 (/opt/ros/humble/share/rosidl_generator_cpp/cmake)
[3.844s] -- Using all available rosidl_typesupport_c: rosidl_typesupport_fastrtps_c;rosidl_typesupport_introspection_c
[3.936s] -- Using all available rosidl_typesupport_cpp: rosidl_typesupport_fastrtps_cpp;rosidl_typesupport_introspection_cpp
[4.192s] -- Found rmw_implementation_cmake: 6.1.2 (/opt/ros/humble/share/rmw_implementation_cmake/cmake)
[4.211s] -- Found rmw_fastrtps_cpp: 6.2.7 (/opt/ros/humble/share/rmw_fastrtps_cpp/cmake)
[4.617s] -- Found OpenSSL: /usr/lib/aarch64-linux-gnu/libcrypto.so (found version "3.0.2")  
[4.744s] -- Found FastRTPS: /opt/ros/humble/include  
[4.955s] -- Using RMW implementation 'rmw_fastrtps_cpp' as default
[5.016s] -- Looking for pthread.h
[5.378s] -- Looking for pthread.h - found
[5.380s] -- Performing Test CMAKE_HAVE_LIBC_PTHREAD
[5.727s] -- Performing Test CMAKE_HAVE_LIBC_PTHREAD - Success
[5.731s] -- Found Threads: TRUE  
[6.003s] -- Found urdf: 2.6.1 (/opt/ros/humble/share/urdf/cmake)
[6.247s] -- Found xacro: 2.0.13 (/opt/ros/humble/share/xacro/cmake)
[6.264s] -- Found controller_manager: 2.49.0 (/opt/ros/humble/share/controller_manager/cmake)
[7.063s] -- Found ament_lint_auto: 0.12.12 (/opt/ros/humble/share/ament_lint_auto/cmake)
[7.509s] -- Added test 'copyright' to check source files copyright and LICENSE
[7.562s] -- Added test 'flake8' to check Python code syntax and style conventions
[7.570s] -- Added test 'lint_cmake' to check CMake code style
[7.575s] -- Added test 'pep257' to check Python code against some of the docstring style conventions in PEP 257
[7.604s] -- Added test 'xmllint' to check XML markup files
[7.611s] -- Configuring done
[7.656s] -- Generating done
[7.668s] -- Build files have been written to: /mnt/USB_DISK/ros2_workspace/build/my_robot
[7.715s] Invoked command in '/mnt/USB_DISK/ros2_workspace/build/my_robot' returned '0': CMAKE_PREFIX_PATH=${CMAKE_PREFIX_PATH}:/opt/ros/humble /usr/bin/cmake /home/as33697920/larry_ws/src/waterbot/my_robot -DCMAKE_INSTALL_PREFIX=/mnt/USB_DISK/ros2_workspace/install/my_robot
[7.717s] Invoking command in '/mnt/USB_DISK/ros2_workspace/build/my_robot': CMAKE_PREFIX_PATH=${CMAKE_PREFIX_PATH}:/opt/ros/humble /usr/bin/cmake --build /mnt/USB_DISK/ros2_workspace/build/my_robot -- -j4 -l4
[7.891s] Invoked command in '/mnt/USB_DISK/ros2_workspace/build/my_robot' returned '0': CMAKE_PREFIX_PATH=${CMAKE_PREFIX_PATH}:/opt/ros/humble /usr/bin/cmake --build /mnt/USB_DISK/ros2_workspace/build/my_robot -- -j4 -l4
[7.939s] Invoking command in '/mnt/USB_DISK/ros2_workspace/build/my_robot': CMAKE_PREFIX_PATH=${CMAKE_PREFIX_PATH}:/opt/ros/humble /usr/bin/cmake --install /mnt/USB_DISK/ros2_workspace/build/my_robot
[7.966s] -- Install configuration: ""
[7.967s] -- Installing: /mnt/USB_DISK/ros2_workspace/install/my_robot/share/my_robot/launch
[7.968s] -- Installing: /mnt/USB_DISK/ros2_workspace/install/my_robot/share/my_robot/launch/keyboard.launch.py
[7.969s] -- Installing: /mnt/USB_DISK/ros2_workspace/install/my_robot/share/my_robot/launch/rsp.launch.py
[7.970s] -- Installing: /mnt/USB_DISK/ros2_workspace/install/my_robot/share/my_robot/launch/log
[7.972s] -- Installing: /mnt/USB_DISK/ros2_workspace/install/my_robot/share/my_robot/launch/log/latest_build
[7.972s] -- Installing: /mnt/USB_DISK/ros2_workspace/install/my_robot/share/my_robot/launch/log/latest
[7.973s] -- Installing: /mnt/USB_DISK/ros2_workspace/install/my_robot/share/my_robot/launch/log/build_2025-04-29_03-51-39
[7.974s] -- Installing: /mnt/USB_DISK/ros2_workspace/install/my_robot/share/my_robot/launch/log/build_2025-04-29_03-51-39/events.log
[7.975s] -- Installing: /mnt/USB_DISK/ros2_workspace/install/my_robot/share/my_robot/launch/log/build_2025-04-29_03-51-39/logger_all.log
[7.977s] -- Installing: /mnt/USB_DISK/ros2_workspace/install/my_robot/share/my_robot/launch/log/COLCON_IGNORE
[7.978s] -- Installing: /mnt/USB_DISK/ros2_workspace/install/my_robot/share/my_robot/launch/__pycache__
[7.979s] -- Installing: /mnt/USB_DISK/ros2_workspace/install/my_robot/share/my_robot/launch/__pycache__/serial.cpython-310.pyc
[7.981s] -- Installing: /mnt/USB_DISK/ros2_workspace/install/my_robot/share/my_robot/launch/launch_sim.launch.py
[7.982s] -- Installing: /mnt/USB_DISK/ros2_workspace/install/my_robot/share/my_robot/launch/move.launch.py
[7.983s] -- Installing: /mnt/USB_DISK/ros2_workspace/install/my_robot/share/my_robot/launch/camera.launch.py
[7.985s] -- Installing: /mnt/USB_DISK/ros2_workspace/install/my_robot/share/my_robot/launch/rplidar.launch.py
[7.986s] -- Installing: /mnt/USB_DISK/ros2_workspace/install/my_robot/share/my_robot/config
[7.987s] -- Installing: /mnt/USB_DISK/ros2_workspace/install/my_robot/share/my_robot/config/gazebo_params.yaml
[7.988s] -- Installing: /mnt/USB_DISK/ros2_workspace/install/my_robot/share/my_robot/config/laser_filter.yaml
[7.990s] -- Installing: /mnt/USB_DISK/ros2_workspace/install/my_robot/share/my_robot/config/mecanum_controller.yaml
[7.991s] -- Installing: /mnt/USB_DISK/ros2_workspace/install/my_robot/share/my_robot/description
[7.992s] -- Installing: /mnt/USB_DISK/ros2_workspace/install/my_robot/share/my_robot/description/mecanum_base.xacro
[7.993s] -- Installing: /mnt/USB_DISK/ros2_workspace/install/my_robot/share/my_robot/description/camera.xacro
[7.995s] -- Installing: /mnt/USB_DISK/ros2_workspace/install/my_robot/share/my_robot/description/ros2_control.xacro
[7.996s] -- Installing: /mnt/USB_DISK/ros2_workspace/install/my_robot/share/my_robot/description/robot.urdf.xacro
[7.998s] -- Installing: /mnt/USB_DISK/ros2_workspace/install/my_robot/share/my_robot/description/lidar.xacro
[7.999s] -- Installing: /mnt/USB_DISK/ros2_workspace/install/my_robot/share/my_robot/description/gazebo_control.xacro
[8.001s] -- Installing: /mnt/USB_DISK/ros2_workspace/install/my_robot/share/my_robot/description/mecanum_wheel_inertial.xacro
[8.003s] -- Installing: /mnt/USB_DISK/ros2_workspace/install/my_robot/lib/my_robot/move.py
[8.004s] -- Installing: /mnt/USB_DISK/ros2_workspace/install/my_robot/lib/my_robot/serial_comm.py
[8.006s] -- Installing: /mnt/USB_DISK/ros2_workspace/install/my_robot/lib/my_robot/Keyboard.py
[8.008s] -- Installing: /mnt/USB_DISK/ros2_workspace/install/my_robot/share/ament_index/resource_index/package_run_dependencies/my_robot
[8.010s] -- Installing: /mnt/USB_DISK/ros2_workspace/install/my_robot/share/ament_index/resource_index/parent_prefix_path/my_robot
[8.012s] -- Installing: /mnt/USB_DISK/ros2_workspace/install/my_robot/share/my_robot/environment/ament_prefix_path.sh
[8.014s] -- Installing: /mnt/USB_DISK/ros2_workspace/install/my_robot/share/my_robot/environment/ament_prefix_path.dsv
[8.016s] -- Installing: /mnt/USB_DISK/ros2_workspace/install/my_robot/share/my_robot/environment/path.sh
[8.017s] -- Installing: /mnt/USB_DISK/ros2_workspace/install/my_robot/share/my_robot/environment/path.dsv
[8.019s] -- Installing: /mnt/USB_DISK/ros2_workspace/install/my_robot/share/my_robot/local_setup.bash
[8.021s] -- Installing: /mnt/USB_DISK/ros2_workspace/install/my_robot/share/my_robot/local_setup.sh
[8.023s] -- Installing: /mnt/USB_DISK/ros2_workspace/install/my_robot/share/my_robot/local_setup.zsh
[8.024s] -- Installing: /mnt/USB_DISK/ros2_workspace/install/my_robot/share/my_robot/local_setup.dsv
[8.026s] -- Installing: /mnt/USB_DISK/ros2_workspace/install/my_robot/share/my_robot/package.dsv
[8.028s] -- Installing: /mnt/USB_DISK/ros2_workspace/install/my_robot/share/ament_index/resource_index/packages/my_robot
[8.030s] -- Installing: /mnt/USB_DISK/ros2_workspace/install/my_robot/share/my_robot/cmake/my_robotConfig.cmake
[8.031s] -- Installing: /mnt/USB_DISK/ros2_workspace/install/my_robot/share/my_robot/cmake/my_robotConfig-version.cmake
[8.033s] -- Installing: /mnt/USB_DISK/ros2_workspace/install/my_robot/share/my_robot/package.xml
[8.051s] Invoked command in '/mnt/USB_DISK/ros2_workspace/build/my_robot' returned '0': CMAKE_PREFIX_PATH=${CMAKE_PREFIX_PATH}:/opt/ros/humble /usr/bin/cmake --install /mnt/USB_DISK/ros2_workspace/build/my_robot
